Tensorflow version 1.12.0
Standard detection - mscoco, Input size 416

113287 train samples (3541 iters per epoch)
5000 val samples (157 iters per epoch)
5000 test samples (157 iters per epoch)

Config:
   [96mbatch_size:[0m 8
   [96mdata_classes:[0m ['person', 'bicycle', 'car', 'motorcycle', 'airplane', 'bus', 'train', 'truck', 'boat', 'traffic light', 'fire hydrant', 'None', 'stop sign', 'parking meter', 'bench', 'bird', 'cat', 'dog', 'horse', 'sheep', 'cow', 'elephant', 'bear', 'zebra', 'giraffe', 'None', 'backpack', 'umbrella', 'None', 'None', 'handbag', 'tie', 'suitcase', 'frisbee', 'skis', 'snowboard', 'sports ball', 'kite', 'baseball bat', 'baseball glove', 'skateboard', 'surfboard', 'tennis racket', 'bottle', 'None', 'wine glass', 'cup', 'fork', 'knife', 'spoon', 'bowl', 'banana', 'apple', 'sandwich', 'orange', 'broccoli', 'carrot', 'hot dog', 'pizza', 'donut', 'cake', 'chair', 'couch', 'potted plant', 'bed', 'None', 'dining table', 'None', 'None', 'toilet', 'None', 'tv', 'laptop', 'mouse', 'remote', 'keyboard', 'cell phone', 'microwave', 'oven', 'toaster', 'sink', 'refrigerator', 'None', 'book', 'clock', 'vase', 'scissors', 'teddy bear', 'hair drier', 'toothbrush']
   [96mexp_name:[0m mscoco
   [96mfeature_keys:[0m ['im_id', 'num_boxes', 'bounding_boxes', 'classes']
   [96mgpu_mem_frac:[0m 1.0
   [96mgrouping_method:[0m intersect_with_density
   [96mimage_folder:[0m /nfs/scistore12/chlgrp/aroyer/Datasets/MSCOCO_2017/images
   [96mimage_format:[0m mscoco
   [96mlearning_rate:[0m 0.0002
   [96mnetwork:[0m mobilenet_100
   [96mnum_classes:[0m 90
   [96mnum_epochs:[0m 30
   [96mnum_gpus:[0m 4
   [96msave_evaluation_steps:[0m 500
   [96msave_summaries_steps:[0m None
   [96msetting:[0m mscoco
   [96mtest_max_num_bbs:[0m 93
   [96mtest_num_crops:[0m 5
   [96mtest_num_iters_per_epoch:[0m 157
   [96mtest_num_samples:[0m 5000
   [96mtest_num_samples_per_iter:[0m 32
   [96mtest_patch_confidence_threshold:[0m 0.1
   [96mtest_patch_nms_threshold:[0m 0.25
   [96mtest_patch_strong_confidence_threshold:[0m 0.6
   [96mtest_tfrecords:[0m Data/mscoco_test
   [96mtrain_max_num_bbs:[0m 93
   [96mtrain_num_crops:[0m 10
   [96mtrain_num_iters_per_epoch:[0m 3541
   [96mtrain_num_samples:[0m 113287
   [96mtrain_num_samples_per_iter:[0m 32
   [96mtrain_tfrecords:[0m Data/mscoco_train
   [96mval_max_num_bbs:[0m 93
   [96mval_num_iters_per_epoch:[0m 157
   [96mval_num_samples:[0m 5000
   [96mval_num_samples_per_iter:[0m 32
   [96mval_tfrecords:[0m Data/mscoco_val
   using grid size [13 13]
    with default `base_log_dir` = ./run_logs
    Log directory /nfs/scistore12/chlgrp/aroyer/Jupyter/ODGI/run_logs/mscoco/mobilenet_100_standard_416/02-21_17-00

Train Graph:
    with default `num_threads` = 4
    with default `prefetch_capacity` = 1
    with default `with_groups` = False
    with default `with_classification` = False
    with default `shuffle_buffer` = 10000
    with default `data_augmentation_threshold` = 0.5
 [31m> load_inputs[0m
    [32mobj_i_mask_bbs[0m: shape=[8, 13, 13, 1, 93], dtype=<dtype: 'float32'>
    [32mis_flipped[0m: shape=[8], dtype=<dtype: 'float32'>
    [32mimage[0m: shape=[8, 416, 416, 3], dtype=<dtype: 'float32'>
    [32mim_id[0m: shape=[8], dtype=<dtype: 'int32'>
    [32mbounding_boxes[0m: shape=[8, 93, 4], dtype=<dtype: 'float32'>
    [32mnum_boxes[0m: shape=[8], dtype=<dtype: 'int32'>
 [31m> mobilenet_100[0m
    with default `num_boxes` = 1
    with default `with_classification` = False
    Output layer shape *(8, 13, 13, 1, 5)*
    [32mconfidence_scores[0m: shape=[8, 13, 13, 1, 1], dtype=<dtype: 'float32'>
    [32mbounding_boxes[0m: shape=[8, 13, 13, 1, 4], dtype=<dtype: 'float32'>
    [32mlog_scales[0m: shape=[8, 13, 13, 1, 2], dtype=<dtype: 'float32'>
    [32mshifted_centers[0m: shape=[8, 13, 13, 1, 2], dtype=<dtype: 'float32'>
    [32mdetection_scores[0m: shape=[8, 13, 13, 1, 1], dtype=<dtype: 'float32'>
 [31m> Collecting losses[0m
    with default `centers_localization_loss_weight` = 1.0
    with default `scales_localization_loss_weight` = 1.0
    with default `confidence_loss_weight` = 5.0
    with default `noobj_confidence_loss_weight` = 1.0
 > [33min global scope:[0m
     35 regularization losses found
     *net_confidence_obj_loss*: 4 tensors
     *net_classification_loss*: 4 tensors
     *net_confidence_noobj_loss*: 4 tensors
     *net_centers_localization_loss*: 4 tensors
     *net_scales_localization_loss*: 4 tensors
     Trainable variables: [mobilenet_100/MobilenetV2/Conv/weights:0, mobilenet_100/MobilenetV2/Conv/BatchNorm/gamma:0, mobilenet_100/MobilenetV2/Conv/BatchNorm/beta:0, mobilenet_100/MobilenetV2/expanded_conv/depthwise/depthwise_weights:0, mobilenet_100/MobilenetV2/expanded_conv/depthwise/BatchNorm/gamma:0, mobilenet_100/MobilenetV2/expanded_conv/depthwise/BatchNorm/beta:0, mobilenet_100/MobilenetV2/expanded_conv/project/weights:0, mobilenet_100/MobilenetV2/expanded_conv/project/BatchNorm/gamma:0, mobilenet_100/MobilenetV2/expanded_conv/project/BatchNorm/beta:0, mobilenet_100/MobilenetV2/expanded_conv_1/expand/weights:0, mobilenet_100/MobilenetV2/expanded_conv_1/expand/BatchNorm/gamma:0, mobilenet_100/MobilenetV2/expanded_conv_1/expand/BatchNorm/beta:0, mobilenet_100/MobilenetV2/expanded_conv_1/depthwise/depthwise_weights:0, mobilenet_100/MobilenetV2/expanded_conv_1/depthwise/BatchNorm/gamma:0, mobilenet_100/MobilenetV2/expanded_conv_1/depthwise/BatchNorm/beta:0, mobilenet_100/MobilenetV2/expanded_conv_1/project/weights:0, mobilenet_100/MobilenetV2/expanded_conv_1/project/BatchNorm/gamma:0, mobilenet_100/MobilenetV2/expanded_conv_1/project/BatchNorm/beta:0, mobilenet_100/MobilenetV2/expanded_conv_2/expand/weights:0, mobilenet_100/MobilenetV2/expanded_conv_2/expand/BatchNorm/gamma:0, mobilenet_100/MobilenetV2/expanded_conv_2/expand/BatchNorm/beta:0, mobilenet_100/MobilenetV2/expanded_conv_2/depthwise/depthwise_weights:0, mobilenet_100/MobilenetV2/expanded_conv_2/depthwise/BatchNorm/gamma:0, mobilenet_100/MobilenetV2/expanded_conv_2/depthwise/BatchNorm/beta:0, mobilenet_100/MobilenetV2/expanded_conv_2/project/weights:0, mobilenet_100/MobilenetV2/expanded_conv_2/project/BatchNorm/gamma:0, mobilenet_100/MobilenetV2/expanded_conv_2/project/BatchNorm/beta:0, mobilenet_100/MobilenetV2/expanded_conv_3/expand/weights:0, mobilenet_100/MobilenetV2/expanded_conv_3/expand/BatchNorm/gamma:0, mobilenet_100/MobilenetV2/expanded_conv_3/expand/BatchNorm/beta:0, mobilenet_100/MobilenetV2/expanded_conv_3/depthwise/depthwise_weights:0, mobilenet_100/MobilenetV2/expanded_conv_3/depthwise/BatchNorm/gamma:0, mobilenet_100/MobilenetV2/expanded_conv_3/depthwise/BatchNorm/beta:0, mobilenet_100/MobilenetV2/expanded_conv_3/project/weights:0, mobilenet_100/MobilenetV2/expanded_conv_3/project/BatchNorm/gamma:0, mobilenet_100/MobilenetV2/expanded_conv_3/project/BatchNorm/beta:0, mobilenet_100/MobilenetV2/expanded_conv_4/expand/weights:0, mobilenet_100/MobilenetV2/expanded_conv_4/expand/BatchNorm/gamma:0, mobilenet_100/MobilenetV2/expanded_conv_4/expand/BatchNorm/beta:0, mobilenet_100/MobilenetV2/expanded_conv_4/depthwise/depthwise_weights:0, mobilenet_100/MobilenetV2/expanded_conv_4/depthwise/BatchNorm/gamma:0, mobilenet_100/MobilenetV2/expanded_conv_4/depthwise/BatchNorm/beta:0, mobilenet_100/MobilenetV2/expanded_conv_4/project/weights:0, mobilenet_100/MobilenetV2/expanded_conv_4/project/BatchNorm/gamma:0, mobilenet_100/MobilenetV2/expanded_conv_4/project/BatchNorm/beta:0, mobilenet_100/MobilenetV2/expanded_conv_5/expand/weights:0, mobilenet_100/MobilenetV2/expanded_conv_5/expand/BatchNorm/gamma:0, mobilenet_100/MobilenetV2/expanded_conv_5/expand/BatchNorm/beta:0, mobilenet_100/MobilenetV2/expanded_conv_5/depthwise/depthwise_weights:0, mobilenet_100/MobilenetV2/expanded_conv_5/depthwise/BatchNorm/gamma:0, mobilenet_100/MobilenetV2/expanded_conv_5/depthwise/BatchNorm/beta:0, mobilenet_100/MobilenetV2/expanded_conv_5/project/weights:0, mobilenet_100/MobilenetV2/expanded_conv_5/project/BatchNorm/gamma:0, mobilenet_100/MobilenetV2/expanded_conv_5/project/BatchNorm/beta:0, mobilenet_100/MobilenetV2/expanded_conv_6/expand/weights:0, mobilenet_100/MobilenetV2/expanded_conv_6/expand/BatchNorm/gamma:0, mobilenet_100/MobilenetV2/expanded_conv_6/expand/BatchNorm/beta:0, mobilenet_100/MobilenetV2/expanded_conv_6/depthwise/depthwise_weights:0, mobilenet_100/MobilenetV2/expanded_conv_6/depthwise/BatchNorm/gamma:0, mobilenet_100/MobilenetV2/expanded_conv_6/depthwise/BatchNorm/beta:0, mobilenet_100/MobilenetV2/expanded_conv_6/project/weights:0, mobilenet_100/MobilenetV2/expanded_conv_6/project/BatchNorm/gamma:0, mobilenet_100/MobilenetV2/expanded_conv_6/project/BatchNorm/beta:0, mobilenet_100/MobilenetV2/expanded_conv_7/expand/weights:0, mobilenet_100/MobilenetV2/expanded_conv_7/expand/BatchNorm/gamma:0, mobilenet_100/MobilenetV2/expanded_conv_7/expand/BatchNorm/beta:0, mobilenet_100/MobilenetV2/expanded_conv_7/depthwise/depthwise_weights:0, mobilenet_100/MobilenetV2/expanded_conv_7/depthwise/BatchNorm/gamma:0, mobilenet_100/MobilenetV2/expanded_conv_7/depthwise/BatchNorm/beta:0, mobilenet_100/MobilenetV2/expanded_conv_7/project/weights:0, mobilenet_100/MobilenetV2/expanded_conv_7/project/BatchNorm/gamma:0, mobilenet_100/MobilenetV2/expanded_conv_7/project/BatchNorm/beta:0, mobilenet_100/MobilenetV2/expanded_conv_8/expand/weights:0, mobilenet_100/MobilenetV2/expanded_conv_8/expand/BatchNorm/gamma:0, mobilenet_100/MobilenetV2/expanded_conv_8/expand/BatchNorm/beta:0, mobilenet_100/MobilenetV2/expanded_conv_8/depthwise/depthwise_weights:0, mobilenet_100/MobilenetV2/expanded_conv_8/depthwise/BatchNorm/gamma:0, mobilenet_100/MobilenetV2/expanded_conv_8/depthwise/BatchNorm/beta:0, mobilenet_100/MobilenetV2/expanded_conv_8/project/weights:0, mobilenet_100/MobilenetV2/expanded_conv_8/project/BatchNorm/gamma:0, mobilenet_100/MobilenetV2/expanded_conv_8/project/BatchNorm/beta:0, mobilenet_100/MobilenetV2/expanded_conv_9/expand/weights:0, mobilenet_100/MobilenetV2/expanded_conv_9/expand/BatchNorm/gamma:0, mobilenet_100/MobilenetV2/expanded_conv_9/expand/BatchNorm/beta:0, mobilenet_100/MobilenetV2/expanded_conv_9/depthwise/depthwise_weights:0, mobilenet_100/MobilenetV2/expanded_conv_9/depthwise/BatchNorm/gamma:0, mobilenet_100/MobilenetV2/expanded_conv_9/depthwise/BatchNorm/beta:0, mobilenet_100/MobilenetV2/expanded_conv_9/project/weights:0, mobilenet_100/MobilenetV2/expanded_conv_9/project/BatchNorm/gamma:0, mobilenet_100/MobilenetV2/expanded_conv_9/project/BatchNorm/beta:0, mobilenet_100/MobilenetV2/expanded_conv_10/expand/weights:0, mobilenet_100/MobilenetV2/expanded_conv_10/expand/BatchNorm/gamma:0, mobilenet_100/MobilenetV2/expanded_conv_10/expand/BatchNorm/beta:0, mobilenet_100/MobilenetV2/expanded_conv_10/depthwise/depthwise_weights:0, mobilenet_100/MobilenetV2/expanded_conv_10/depthwise/BatchNorm/gamma:0, mobilenet_100/MobilenetV2/expanded_conv_10/depthwise/BatchNorm/beta:0, mobilenet_100/MobilenetV2/expanded_conv_10/project/weights:0, mobilenet_100/MobilenetV2/expanded_conv_10/project/BatchNorm/gamma:0, mobilenet_100/MobilenetV2/expanded_conv_10/project/BatchNorm/beta:0, mobilenet_100/MobilenetV2/expanded_conv_11/expand/weights:0, mobilenet_100/MobilenetV2/expanded_conv_11/expand/BatchNorm/gamma:0, mobilenet_100/MobilenetV2/expanded_conv_11/expand/BatchNorm/beta:0, mobilenet_100/MobilenetV2/expanded_conv_11/depthwise/depthwise_weights:0, mobilenet_100/MobilenetV2/expanded_conv_11/depthwise/BatchNorm/gamma:0, mobilenet_100/MobilenetV2/expanded_conv_11/depthwise/BatchNorm/beta:0, mobilenet_100/MobilenetV2/expanded_conv_11/project/weights:0, mobilenet_100/MobilenetV2/expanded_conv_11/project/BatchNorm/gamma:0, mobilenet_100/MobilenetV2/expanded_conv_11/project/BatchNorm/beta:0, mobilenet_100/MobilenetV2/expanded_conv_12/expand/weights:0, mobilenet_100/MobilenetV2/expanded_conv_12/expand/BatchNorm/gamma:0, mobilenet_100/MobilenetV2/expanded_conv_12/expand/BatchNorm/beta:0, mobilenet_100/MobilenetV2/expanded_conv_12/depthwise/depthwise_weights:0, mobilenet_100/MobilenetV2/expanded_conv_12/depthwise/BatchNorm/gamma:0, mobilenet_100/MobilenetV2/expanded_conv_12/depthwise/BatchNorm/beta:0, mobilenet_100/MobilenetV2/expanded_conv_12/project/weights:0, mobilenet_100/MobilenetV2/expanded_conv_12/project/BatchNorm/gamma:0, mobilenet_100/MobilenetV2/expanded_conv_12/project/BatchNorm/beta:0, mobilenet_100/MobilenetV2/expanded_conv_13/expand/weights:0, mobilenet_100/MobilenetV2/expanded_conv_13/expand/BatchNorm/gamma:0, mobilenet_100/MobilenetV2/expanded_conv_13/expand/BatchNorm/beta:0, mobilenet_100/MobilenetV2/expanded_conv_13/depthwise/depthwise_weights:0, mobilenet_100/MobilenetV2/expanded_conv_13/depthwise/BatchNorm/gamma:0, mobilenet_100/MobilenetV2/expanded_conv_13/depthwise/BatchNorm/beta:0, mobilenet_100/MobilenetV2/expanded_conv_13/project/weights:0, mobilenet_100/MobilenetV2/expanded_conv_13/project/BatchNorm/gamma:0, mobilenet_100/MobilenetV2/expanded_conv_13/project/BatchNorm/beta:0, mobilenet_100/MobilenetV2/expanded_conv_14/expand/weights:0, mobilenet_100/MobilenetV2/expanded_conv_14/expand/BatchNorm/gamma:0, mobilenet_100/MobilenetV2/expanded_conv_14/expand/BatchNorm/beta:0, mobilenet_100/MobilenetV2/expanded_conv_14/depthwise/depthwise_weights:0, mobilenet_100/MobilenetV2/expanded_conv_14/depthwise/BatchNorm/gamma:0, mobilenet_100/MobilenetV2/expanded_conv_14/depthwise/BatchNorm/beta:0, mobilenet_100/MobilenetV2/expanded_conv_14/project/weights:0, mobilenet_100/MobilenetV2/expanded_conv_14/project/BatchNorm/gamma:0, mobilenet_100/MobilenetV2/expanded_conv_14/project/BatchNorm/beta:0, mobilenet_100/MobilenetV2/expanded_conv_15/expand/weights:0, mobilenet_100/MobilenetV2/expanded_conv_15/expand/BatchNorm/gamma:0, mobilenet_100/MobilenetV2/expanded_conv_15/expand/BatchNorm/beta:0, mobilenet_100/MobilenetV2/expanded_conv_15/depthwise/depthwise_weights:0, mobilenet_100/MobilenetV2/expanded_conv_15/depthwise/BatchNorm/gamma:0, mobilenet_100/MobilenetV2/expanded_conv_15/depthwise/BatchNorm/beta:0, mobilenet_100/MobilenetV2/expanded_conv_15/project/weights:0, mobilenet_100/MobilenetV2/expanded_conv_15/project/BatchNorm/gamma:0, mobilenet_100/MobilenetV2/expanded_conv_15/project/BatchNorm/beta:0, mobilenet_100/MobilenetV2/expanded_conv_16/expand/weights:0, mobilenet_100/MobilenetV2/expanded_conv_16/expand/BatchNorm/gamma:0, mobilenet_100/MobilenetV2/expanded_conv_16/expand/BatchNorm/beta:0, mobilenet_100/MobilenetV2/expanded_conv_16/depthwise/depthwise_weights:0, mobilenet_100/MobilenetV2/expanded_conv_16/depthwise/BatchNorm/gamma:0, mobilenet_100/MobilenetV2/expanded_conv_16/depthwise/BatchNorm/beta:0, mobilenet_100/MobilenetV2/expanded_conv_16/project/weights:0, mobilenet_100/MobilenetV2/expanded_conv_16/project/BatchNorm/gamma:0, mobilenet_100/MobilenetV2/expanded_conv_16/project/BatchNorm/beta:0, mobilenet_100/MobilenetV2/Conv_1/weights:0, mobilenet_100/MobilenetV2/Conv_1/BatchNorm/gamma:0, mobilenet_100/MobilenetV2/Conv_1/BatchNorm/beta:0, decode/fc_out/kernel:0, decode/fc_out/bias:0]

Train op:
 [33m> Build train operation[0m
    with default `optimizer` = ADAM
    Using optimizer ADAM with learning rate 2.00e-04
    with default `beta1` = 0.9
    416 update operations found in global scope

total graph size: 9.32 MB
    with default `max_to_keep` = 1
    with default `save_checkpoint_steps` = 2000
    [31mWarning:[0m No summaries found in collection "outputs"
    [31mWarning:[0m No summaries found in collection "config"
    saving checkpoint in [36m./run_logs/mscoco/mobilenet_100_standard_416/02-21_17-00[0m
