Tensorflow version 1.12.0
Standard detection - sdd, Input size 1024

9163 train samples (573 iters per epoch)
651 val samples (41 iters per epoch)
3281 test samples (206 iters per epoch)

Config:
   [96mbatch_size:[0m 4
   [96mdata_classes:[0m ['Biker', 'Bus', 'Car', 'Cart', 'Pedestrian', 'Skater']
   [96mexp_name:[0m sdd
   [96mfeature_keys:[0m ['im_id', 'num_boxes', 'bounding_boxes', 'classes']
   [96mgpu_mem_frac:[0m 1.0
   [96mimage_folder:[0m /nfs/scistore12/chlgrp/aroyer/Datasets/sdd_images/
   [96mimage_format:[0m sdd
   [96mlearning_rate:[0m 0.001
   [96mnetwork:[0m yolo_v2
   [96mnum_classes:[0m 6
   [96mnum_epochs:[0m 100
   [96mnum_gpus:[0m 4
   [96msave_evaluation_steps:[0m 500
   [96msave_summaries_steps:[0m None
   [96msetting:[0m sdd
   [96mtest_max_num_bbs:[0m 100
   [96mtest_num_crops:[0m 6
   [96mtest_num_iters_per_epoch:[0m 206
   [96mtest_num_samples:[0m 3281
   [96mtest_num_samples_per_iter:[0m 16
   [96mtest_patch_confidence_threshold:[0m 0.1
   [96mtest_patch_nms_threshold:[0m 0.25
   [96mtest_patch_strong_confidence_threshold:[0m 0.6
   [96mtest_tfrecords:[0m Data/sdd_test
   [96mtrain_max_num_bbs:[0m 100
   [96mtrain_num_crops:[0m 6
   [96mtrain_num_iters_per_epoch:[0m 573
   [96mtrain_num_samples:[0m 9163
   [96mtrain_num_samples_per_iter:[0m 16
   [96mtrain_tfrecords:[0m Data/sdd_train
   [96mval_max_num_bbs:[0m 100
   [96mval_num_iters_per_epoch:[0m 41
   [96mval_num_samples:[0m 651
   [96mval_num_samples_per_iter:[0m 16
   [96mval_tfrecords:[0m Data/sdd_val
   using grid size [32 32]
    with default `base_log_dir` = ./run_logs
    Log directory /nfs/scistore12/chlgrp/aroyer/Jupyter/ODGI/run_logs/sdd/yolo_v2_standard_1024/02-21_15-09

Train Graph:
    with default `num_threads` = 4
    with default `prefetch_capacity` = 1
    with default `with_groups` = False
    with default `with_classification` = False
    with default `shuffle_buffer` = 10000
    with default `data_augmentation_threshold` = 0.5
 [31m> load_inputs[0m
    [32mobj_i_mask_bbs[0m: shape=[4, 32, 32, 1, 100], dtype=<dtype: 'float32'>
    [32mnum_boxes[0m: shape=[4], dtype=<dtype: 'int32'>
    [32mis_flipped[0m: shape=[4], dtype=<dtype: 'float32'>
    [32mbounding_boxes[0m: shape=[4, 100, 4], dtype=<dtype: 'float32'>
    [32mimage[0m: shape=[4, 1024, 1024, 3], dtype=<dtype: 'float32'>
    [32mim_id[0m: shape=[4], dtype=<dtype: 'int32'>
 [31m> yolo_v2[0m
    with default `num_boxes` = 1
    with default `with_classification` = False
    Output layer shape *(4, 32, 32, 1, 5)*
    [32mbounding_boxes[0m: shape=[4, 32, 32, 1, 4], dtype=<dtype: 'float32'>
    [32mconfidence_scores[0m: shape=[4, 32, 32, 1, 1], dtype=<dtype: 'float32'>
    [32mshifted_centers[0m: shape=[4, 32, 32, 1, 2], dtype=<dtype: 'float32'>
    [32mdetection_scores[0m: shape=[4, 32, 32, 1, 1], dtype=<dtype: 'float32'>
    [32mlog_scales[0m: shape=[4, 32, 32, 1, 2], dtype=<dtype: 'float32'>
 [31m> Collecting losses[0m
    with default `centers_localization_loss_weight` = 1.0
    with default `scales_localization_loss_weight` = 1.0
    with default `confidence_loss_weight` = 5.0
    with default `noobj_confidence_loss_weight` = 1.0
 > [33min global scope:[0m
     0 regularization losses found
     *net_scales_localization_loss*: 4 tensors
     *net_centers_localization_loss*: 4 tensors
     *net_confidence_noobj_loss*: 4 tensors
     *net_confidence_obj_loss*: 4 tensors
     *net_classification_loss*: 4 tensors
     Trainable variables: [yolo_v2/conv1/weights:0, yolo_v2/conv1/BatchNorm/beta:0, yolo_v2/conv2/weights:0, yolo_v2/conv2/BatchNorm/beta:0, yolo_v2/conv3_1/weights:0, yolo_v2/conv3_1/BatchNorm/beta:0, yolo_v2/conv3_2/weights:0, yolo_v2/conv3_2/BatchNorm/beta:0, yolo_v2/conv3_3/weights:0, yolo_v2/conv3_3/BatchNorm/beta:0, yolo_v2/conv4_1/weights:0, yolo_v2/conv4_1/BatchNorm/beta:0, yolo_v2/conv4_2/weights:0, yolo_v2/conv4_2/BatchNorm/beta:0, yolo_v2/conv4_3/weights:0, yolo_v2/conv4_3/BatchNorm/beta:0, yolo_v2/conv5_1/weights:0, yolo_v2/conv5_1/BatchNorm/beta:0, yolo_v2/conv5_2/weights:0, yolo_v2/conv5_2/BatchNorm/beta:0, yolo_v2/conv5_3/weights:0, yolo_v2/conv5_3/BatchNorm/beta:0, yolo_v2/conv5_4/weights:0, yolo_v2/conv5_4/BatchNorm/beta:0, yolo_v2/conv5_5/weights:0, yolo_v2/conv5_5/BatchNorm/beta:0, yolo_v2/conv6_1/weights:0, yolo_v2/conv6_1/BatchNorm/beta:0, yolo_v2/conv6_2/weights:0, yolo_v2/conv6_2/BatchNorm/beta:0, yolo_v2/conv6_3/weights:0, yolo_v2/conv6_3/BatchNorm/beta:0, yolo_v2/conv6_4/weights:0, yolo_v2/conv6_4/BatchNorm/beta:0, yolo_v2/conv6_5/weights:0, yolo_v2/conv6_5/BatchNorm/beta:0, yolo_v2/conv6_6/weights:0, yolo_v2/conv6_6/BatchNorm/beta:0, yolo_v2/conv6_7/weights:0, yolo_v2/conv6_7/BatchNorm/beta:0, yolo_v2/conv_route/weights:0, yolo_v2/conv_route/BatchNorm/beta:0, yolo_v2/conv_out/weights:0, yolo_v2/conv_out/BatchNorm/beta:0, decode/fc_out/kernel:0, decode/fc_out/bias:0]

Train op:
 [33m> Build train operation[0m
    with default `optimizer` = ADAM
    Using optimizer ADAM with learning rate 1.00e-03
    with default `beta1` = 0.9
    176 update operations found in global scope

total graph size: 2.60 MB
    with default `max_to_keep` = 1
    with default `save_checkpoint_steps` = 2000
    [31mWarning:[0m No summaries found in collection "outputs"
    [31mWarning:[0m No summaries found in collection "config"
    saving checkpoint in [36m./run_logs/sdd/yolo_v2_standard_1024/02-21_15-09[0m

Start training:
  > [00:03] Step 1 (epoch 1): loss = 10.84890
  > [00:08] Step 251 (epoch 1): loss = 0.51684
evaluated 635 val images at step 500: map@0.50 = 0.09220 - map@0.75 = 0.00468
  > [00:14] Step 501 (epoch 1): loss = 0.46450
  > [00:19] Step 751 (epoch 2): loss = 0.45831
evaluated 635 val images at step 1000: map@0.50 = 0.16252 - map@0.75 = 0.00934
  > [00:25] Step 1001 (epoch 2): loss = 0.44890
  > [00:29] Step 1251 (epoch 3): loss = 0.44152
evaluated 635 val images at step 1500: map@0.50 = 0.16066 - map@0.75 = 0.01142
  > [00:36] Step 1501 (epoch 3): loss = 0.40984
  > [00:40] Step 1751 (epoch 4): loss = 0.38574
evaluated 635 val images at step 2000: map@0.50 = 0.25919 - map@0.75 = 0.02147
  > [00:46] Step 2001 (epoch 4): loss = 0.38752
  > [00:51] Step 2251 (epoch 4): loss = 0.35775
evaluated 635 val images at step 2500: map@0.50 = 0.27173 - map@0.75 = 0.02914
  > [00:57] Step 2501 (epoch 5): loss = 0.33957
  > [01:02] Step 2751 (epoch 5): loss = 0.41966
evaluated 635 val images at step 3000: map@0.50 = 0.27459 - map@0.75 = 0.02344
  > [01:08] Step 3001 (epoch 6): loss = 0.36608
  > [01:12] Step 3251 (epoch 6): loss = 0.44673
evaluated 635 val images at step 3500: map@0.50 = 0.30210 - map@0.75 = 0.02843
  > [01:19] Step 3501 (epoch 7): loss = 0.37312
  > [01:23] Step 3751 (epoch 7): loss = 0.46309
evaluated 635 val images at step 4000: map@0.50 = 0.32517 - map@0.75 = 0.03638
  > [01:29] Step 4001 (epoch 7): loss = 0.36400
  > [01:34] Step 4251 (epoch 8): loss = 0.29937
evaluated 635 val images at step 4500: map@0.50 = 0.35129 - map@0.75 = 0.03661
  > [01:40] Step 4501 (epoch 8): loss = 0.31489
  > [01:44] Step 4751 (epoch 9): loss = 0.55517
