Tensorflow version 1.12.0
Standard detection - sdd, Input size 512

9163 train samples (287 iters per epoch)
651 val samples (21 iters per epoch)
3281 test samples (103 iters per epoch)

Config:
   [96mbatch_size:[0m 8
   [96mdata_classes:[0m ['Biker', 'Bus', 'Car', 'Cart', 'Pedestrian', 'Skater']
   [96mexp_name:[0m sdd
   [96mfeature_keys:[0m ['im_id', 'num_boxes', 'bounding_boxes', 'classes']
   [96mgpu_mem_frac:[0m 1.0
   [96mimage_folder:[0m /nfs/scistore12/chlgrp/aroyer/Datasets/sdd_images/
   [96mimage_format:[0m sdd
   [96mlearning_rate:[0m 0.0002
   [96mnetwork:[0m mobilenet_35
   [96mnum_classes:[0m 6
   [96mnum_epochs:[0m 100
   [96mnum_gpus:[0m 4
   [96msave_evaluation_steps:[0m 500
   [96msave_summaries_steps:[0m None
   [96msetting:[0m sdd
   [96mtest_max_num_bbs:[0m 100
   [96mtest_num_crops:[0m 6
   [96mtest_num_iters_per_epoch:[0m 103
   [96mtest_num_samples:[0m 3281
   [96mtest_num_samples_per_iter:[0m 32
   [96mtest_patch_confidence_threshold:[0m 0.1
   [96mtest_patch_nms_threshold:[0m 0.25
   [96mtest_patch_strong_confidence_threshold:[0m 0.6
   [96mtest_tfrecords:[0m Data/sdd_test
   [96mtrain_max_num_bbs:[0m 100
   [96mtrain_num_crops:[0m 10
   [96mtrain_num_iters_per_epoch:[0m 287
   [96mtrain_num_samples:[0m 9163
   [96mtrain_num_samples_per_iter:[0m 32
   [96mtrain_tfrecords:[0m Data/sdd_train
   [96mval_max_num_bbs:[0m 100
   [96mval_num_iters_per_epoch:[0m 21
   [96mval_num_samples:[0m 651
   [96mval_num_samples_per_iter:[0m 32
   [96mval_tfrecords:[0m Data/sdd_val
   using grid size [16 16]
    with default `base_log_dir` = ./run_logs
    Log directory /nfs/scistore12/chlgrp/aroyer/Jupyter/ODGI/run_logs/sdd/mobilenet_35_standard_512/02-20_16-55

Train Graph:
    with default `num_threads` = 4
    with default `prefetch_capacity` = 1
    with default `with_groups` = False
    with default `with_classification` = False
    with default `shuffle_buffer` = 10000
    with default `data_augmentation_threshold` = 0.5
 [31m> load_inputs[0m
    [32mim_id[0m: shape=[8], dtype=<dtype: 'int32'>
    [32mobj_i_mask_bbs[0m: shape=[8, 16, 16, 1, 100], dtype=<dtype: 'float32'>
    [32mbounding_boxes[0m: shape=[8, 100, 4], dtype=<dtype: 'float32'>
    [32mnum_boxes[0m: shape=[8], dtype=<dtype: 'int32'>
    [32mimage[0m: shape=[8, 512, 512, 3], dtype=<dtype: 'float32'>
    [32mis_flipped[0m: shape=[8], dtype=<dtype: 'float32'>
 [31m> mobilenet_35[0m
    with default `num_boxes` = 1
    with default `with_classification` = False
    Output layer shape *(8, 16, 16, 1, 5)*
    [32mconfidence_scores[0m: shape=[8, 16, 16, 1, 1], dtype=<dtype: 'float32'>
    [32mbounding_boxes[0m: shape=[8, 16, 16, 1, 4], dtype=<dtype: 'float32'>
    [32mdetection_scores[0m: shape=[8, 16, 16, 1, 1], dtype=<dtype: 'float32'>
    [32mshifted_centers[0m: shape=[8, 16, 16, 1, 2], dtype=<dtype: 'float32'>
    [32mlog_scales[0m: shape=[8, 16, 16, 1, 2], dtype=<dtype: 'float32'>
 [31m> Collecting losses[0m
    with default `centers_localization_loss_weight` = 1.0
    with default `scales_localization_loss_weight` = 1.0
    with default `confidence_loss_weight` = 5.0
    with default `noobj_confidence_loss_weight` = 1.0
 > [33min global scope:[0m
     35 regularization losses found
     *net_scales_localization_loss*: 4 tensors
     *net_centers_localization_loss*: 4 tensors
     *net_confidence_noobj_loss*: 4 tensors
     *net_confidence_obj_loss*: 4 tensors
     *net_classification_loss*: 4 tensors
     Trainable variables: [mobilenet_35/MobilenetV2/Conv/weights:0, mobilenet_35/MobilenetV2/Conv/BatchNorm/gamma:0, mobilenet_35/MobilenetV2/Conv/BatchNorm/beta:0, mobilenet_35/MobilenetV2/expanded_conv/depthwise/depthwise_weights:0, mobilenet_35/MobilenetV2/expanded_conv/depthwise/BatchNorm/gamma:0, mobilenet_35/MobilenetV2/expanded_conv/depthwise/BatchNorm/beta:0, mobilenet_35/MobilenetV2/expanded_conv/project/weights:0, mobilenet_35/MobilenetV2/expanded_conv/project/BatchNorm/gamma:0, mobilenet_35/MobilenetV2/expanded_conv/project/BatchNorm/beta:0, mobilenet_35/MobilenetV2/expanded_conv_1/expand/weights:0, mobilenet_35/MobilenetV2/expanded_conv_1/expand/BatchNorm/gamma:0, mobilenet_35/MobilenetV2/expanded_conv_1/expand/BatchNorm/beta:0, mobilenet_35/MobilenetV2/expanded_conv_1/depthwise/depthwise_weights:0, mobilenet_35/MobilenetV2/expanded_conv_1/depthwise/BatchNorm/gamma:0, mobilenet_35/MobilenetV2/expanded_conv_1/depthwise/BatchNorm/beta:0, mobilenet_35/MobilenetV2/expanded_conv_1/project/weights:0, mobilenet_35/MobilenetV2/expanded_conv_1/project/BatchNorm/gamma:0, mobilenet_35/MobilenetV2/expanded_conv_1/project/BatchNorm/beta:0, mobilenet_35/MobilenetV2/expanded_conv_2/expand/weights:0, mobilenet_35/MobilenetV2/expanded_conv_2/expand/BatchNorm/gamma:0, mobilenet_35/MobilenetV2/expanded_conv_2/expand/BatchNorm/beta:0, mobilenet_35/MobilenetV2/expanded_conv_2/depthwise/depthwise_weights:0, mobilenet_35/MobilenetV2/expanded_conv_2/depthwise/BatchNorm/gamma:0, mobilenet_35/MobilenetV2/expanded_conv_2/depthwise/BatchNorm/beta:0, mobilenet_35/MobilenetV2/expanded_conv_2/project/weights:0, mobilenet_35/MobilenetV2/expanded_conv_2/project/BatchNorm/gamma:0, mobilenet_35/MobilenetV2/expanded_conv_2/project/BatchNorm/beta:0, mobilenet_35/MobilenetV2/expanded_conv_3/expand/weights:0, mobilenet_35/MobilenetV2/expanded_conv_3/expand/BatchNorm/gamma:0, mobilenet_35/MobilenetV2/expanded_conv_3/expand/BatchNorm/beta:0, mobilenet_35/MobilenetV2/expanded_conv_3/depthwise/depthwise_weights:0, mobilenet_35/MobilenetV2/expanded_conv_3/depthwise/BatchNorm/gamma:0, mobilenet_35/MobilenetV2/expanded_conv_3/depthwise/BatchNorm/beta:0, mobilenet_35/MobilenetV2/expanded_conv_3/project/weights:0, mobilenet_35/MobilenetV2/expanded_conv_3/project/BatchNorm/gamma:0, mobilenet_35/MobilenetV2/expanded_conv_3/project/BatchNorm/beta:0, mobilenet_35/MobilenetV2/expanded_conv_4/expand/weights:0, mobilenet_35/MobilenetV2/expanded_conv_4/expand/BatchNorm/gamma:0, mobilenet_35/MobilenetV2/expanded_conv_4/expand/BatchNorm/beta:0, mobilenet_35/MobilenetV2/expanded_conv_4/depthwise/depthwise_weights:0, mobilenet_35/MobilenetV2/expanded_conv_4/depthwise/BatchNorm/gamma:0, mobilenet_35/MobilenetV2/expanded_conv_4/depthwise/BatchNorm/beta:0, mobilenet_35/MobilenetV2/expanded_conv_4/project/weights:0, mobilenet_35/MobilenetV2/expanded_conv_4/project/BatchNorm/gamma:0, mobilenet_35/MobilenetV2/expanded_conv_4/project/BatchNorm/beta:0, mobilenet_35/MobilenetV2/expanded_conv_5/expand/weights:0, mobilenet_35/MobilenetV2/expanded_conv_5/expand/BatchNorm/gamma:0, mobilenet_35/MobilenetV2/expanded_conv_5/expand/BatchNorm/beta:0, mobilenet_35/MobilenetV2/expanded_conv_5/depthwise/depthwise_weights:0, mobilenet_35/MobilenetV2/expanded_conv_5/depthwise/BatchNorm/gamma:0, mobilenet_35/MobilenetV2/expanded_conv_5/depthwise/BatchNorm/beta:0, mobilenet_35/MobilenetV2/expanded_conv_5/project/weights:0, mobilenet_35/MobilenetV2/expanded_conv_5/project/BatchNorm/gamma:0, mobilenet_35/MobilenetV2/expanded_conv_5/project/BatchNorm/beta:0, mobilenet_35/MobilenetV2/expanded_conv_6/expand/weights:0, mobilenet_35/MobilenetV2/expanded_conv_6/expand/BatchNorm/gamma:0, mobilenet_35/MobilenetV2/expanded_conv_6/expand/BatchNorm/beta:0, mobilenet_35/MobilenetV2/expanded_conv_6/depthwise/depthwise_weights:0, mobilenet_35/MobilenetV2/expanded_conv_6/depthwise/BatchNorm/gamma:0, mobilenet_35/MobilenetV2/expanded_conv_6/depthwise/BatchNorm/beta:0, mobilenet_35/MobilenetV2/expanded_conv_6/project/weights:0, mobilenet_35/MobilenetV2/expanded_conv_6/project/BatchNorm/gamma:0, mobilenet_35/MobilenetV2/expanded_conv_6/project/BatchNorm/beta:0, mobilenet_35/MobilenetV2/expanded_conv_7/expand/weights:0, mobilenet_35/MobilenetV2/expanded_conv_7/expand/BatchNorm/gamma:0, mobilenet_35/MobilenetV2/expanded_conv_7/expand/BatchNorm/beta:0, mobilenet_35/MobilenetV2/expanded_conv_7/depthwise/depthwise_weights:0, mobilenet_35/MobilenetV2/expanded_conv_7/depthwise/BatchNorm/gamma:0, mobilenet_35/MobilenetV2/expanded_conv_7/depthwise/BatchNorm/beta:0, mobilenet_35/MobilenetV2/expanded_conv_7/project/weights:0, mobilenet_35/MobilenetV2/expanded_conv_7/project/BatchNorm/gamma:0, mobilenet_35/MobilenetV2/expanded_conv_7/project/BatchNorm/beta:0, mobilenet_35/MobilenetV2/expanded_conv_8/expand/weights:0, mobilenet_35/MobilenetV2/expanded_conv_8/expand/BatchNorm/gamma:0, mobilenet_35/MobilenetV2/expanded_conv_8/expand/BatchNorm/beta:0, mobilenet_35/MobilenetV2/expanded_conv_8/depthwise/depthwise_weights:0, mobilenet_35/MobilenetV2/expanded_conv_8/depthwise/BatchNorm/gamma:0, mobilenet_35/MobilenetV2/expanded_conv_8/depthwise/BatchNorm/beta:0, mobilenet_35/MobilenetV2/expanded_conv_8/project/weights:0, mobilenet_35/MobilenetV2/expanded_conv_8/project/BatchNorm/gamma:0, mobilenet_35/MobilenetV2/expanded_conv_8/project/BatchNorm/beta:0, mobilenet_35/MobilenetV2/expanded_conv_9/expand/weights:0, mobilenet_35/MobilenetV2/expanded_conv_9/expand/BatchNorm/gamma:0, mobilenet_35/MobilenetV2/expanded_conv_9/expand/BatchNorm/beta:0, mobilenet_35/MobilenetV2/expanded_conv_9/depthwise/depthwise_weights:0, mobilenet_35/MobilenetV2/expanded_conv_9/depthwise/BatchNorm/gamma:0, mobilenet_35/MobilenetV2/expanded_conv_9/depthwise/BatchNorm/beta:0, mobilenet_35/MobilenetV2/expanded_conv_9/project/weights:0, mobilenet_35/MobilenetV2/expanded_conv_9/project/BatchNorm/gamma:0, mobilenet_35/MobilenetV2/expanded_conv_9/project/BatchNorm/beta:0, mobilenet_35/MobilenetV2/expanded_conv_10/expand/weights:0, mobilenet_35/MobilenetV2/expanded_conv_10/expand/BatchNorm/gamma:0, mobilenet_35/MobilenetV2/expanded_conv_10/expand/BatchNorm/beta:0, mobilenet_35/MobilenetV2/expanded_conv_10/depthwise/depthwise_weights:0, mobilenet_35/MobilenetV2/expanded_conv_10/depthwise/BatchNorm/gamma:0, mobilenet_35/MobilenetV2/expanded_conv_10/depthwise/BatchNorm/beta:0, mobilenet_35/MobilenetV2/expanded_conv_10/project/weights:0, mobilenet_35/MobilenetV2/expanded_conv_10/project/BatchNorm/gamma:0, mobilenet_35/MobilenetV2/expanded_conv_10/project/BatchNorm/beta:0, mobilenet_35/MobilenetV2/expanded_conv_11/expand/weights:0, mobilenet_35/MobilenetV2/expanded_conv_11/expand/BatchNorm/gamma:0, mobilenet_35/MobilenetV2/expanded_conv_11/expand/BatchNorm/beta:0, mobilenet_35/MobilenetV2/expanded_conv_11/depthwise/depthwise_weights:0, mobilenet_35/MobilenetV2/expanded_conv_11/depthwise/BatchNorm/gamma:0, mobilenet_35/MobilenetV2/expanded_conv_11/depthwise/BatchNorm/beta:0, mobilenet_35/MobilenetV2/expanded_conv_11/project/weights:0, mobilenet_35/MobilenetV2/expanded_conv_11/project/BatchNorm/gamma:0, mobilenet_35/MobilenetV2/expanded_conv_11/project/BatchNorm/beta:0, mobilenet_35/MobilenetV2/expanded_conv_12/expand/weights:0, mobilenet_35/MobilenetV2/expanded_conv_12/expand/BatchNorm/gamma:0, mobilenet_35/MobilenetV2/expanded_conv_12/expand/BatchNorm/beta:0, mobilenet_35/MobilenetV2/expanded_conv_12/depthwise/depthwise_weights:0, mobilenet_35/MobilenetV2/expanded_conv_12/depthwise/BatchNorm/gamma:0, mobilenet_35/MobilenetV2/expanded_conv_12/depthwise/BatchNorm/beta:0, mobilenet_35/MobilenetV2/expanded_conv_12/project/weights:0, mobilenet_35/MobilenetV2/expanded_conv_12/project/BatchNorm/gamma:0, mobilenet_35/MobilenetV2/expanded_conv_12/project/BatchNorm/beta:0, mobilenet_35/MobilenetV2/expanded_conv_13/expand/weights:0, mobilenet_35/MobilenetV2/expanded_conv_13/expand/BatchNorm/gamma:0, mobilenet_35/MobilenetV2/expanded_conv_13/expand/BatchNorm/beta:0, mobilenet_35/MobilenetV2/expanded_conv_13/depthwise/depthwise_weights:0, mobilenet_35/MobilenetV2/expanded_conv_13/depthwise/BatchNorm/gamma:0, mobilenet_35/MobilenetV2/expanded_conv_13/depthwise/BatchNorm/beta:0, mobilenet_35/MobilenetV2/expanded_conv_13/project/weights:0, mobilenet_35/MobilenetV2/expanded_conv_13/project/BatchNorm/gamma:0, mobilenet_35/MobilenetV2/expanded_conv_13/project/BatchNorm/beta:0, mobilenet_35/MobilenetV2/expanded_conv_14/expand/weights:0, mobilenet_35/MobilenetV2/expanded_conv_14/expand/BatchNorm/gamma:0, mobilenet_35/MobilenetV2/expanded_conv_14/expand/BatchNorm/beta:0, mobilenet_35/MobilenetV2/expanded_conv_14/depthwise/depthwise_weights:0, mobilenet_35/MobilenetV2/expanded_conv_14/depthwise/BatchNorm/gamma:0, mobilenet_35/MobilenetV2/expanded_conv_14/depthwise/BatchNorm/beta:0, mobilenet_35/MobilenetV2/expanded_conv_14/project/weights:0, mobilenet_35/MobilenetV2/expanded_conv_14/project/BatchNorm/gamma:0, mobilenet_35/MobilenetV2/expanded_conv_14/project/BatchNorm/beta:0, mobilenet_35/MobilenetV2/expanded_conv_15/expand/weights:0, mobilenet_35/MobilenetV2/expanded_conv_15/expand/BatchNorm/gamma:0, mobilenet_35/MobilenetV2/expanded_conv_15/expand/BatchNorm/beta:0, mobilenet_35/MobilenetV2/expanded_conv_15/depthwise/depthwise_weights:0, mobilenet_35/MobilenetV2/expanded_conv_15/depthwise/BatchNorm/gamma:0, mobilenet_35/MobilenetV2/expanded_conv_15/depthwise/BatchNorm/beta:0, mobilenet_35/MobilenetV2/expanded_conv_15/project/weights:0, mobilenet_35/MobilenetV2/expanded_conv_15/project/BatchNorm/gamma:0, mobilenet_35/MobilenetV2/expanded_conv_15/project/BatchNorm/beta:0, mobilenet_35/MobilenetV2/expanded_conv_16/expand/weights:0, mobilenet_35/MobilenetV2/expanded_conv_16/expand/BatchNorm/gamma:0, mobilenet_35/MobilenetV2/expanded_conv_16/expand/BatchNorm/beta:0, mobilenet_35/MobilenetV2/expanded_conv_16/depthwise/depthwise_weights:0, mobilenet_35/MobilenetV2/expanded_conv_16/depthwise/BatchNorm/gamma:0, mobilenet_35/MobilenetV2/expanded_conv_16/depthwise/BatchNorm/beta:0, mobilenet_35/MobilenetV2/expanded_conv_16/project/weights:0, mobilenet_35/MobilenetV2/expanded_conv_16/project/BatchNorm/gamma:0, mobilenet_35/MobilenetV2/expanded_conv_16/project/BatchNorm/beta:0, mobilenet_35/MobilenetV2/Conv_1/weights:0, mobilenet_35/MobilenetV2/Conv_1/BatchNorm/gamma:0, mobilenet_35/MobilenetV2/Conv_1/BatchNorm/beta:0, decode/fc_out/kernel:0, decode/fc_out/bias:0]

Train op:
 [33m> Build train operation[0m
    with default `optimizer` = ADAM
    Using optimizer ADAM with learning rate 2.00e-04
    with default `beta1` = 0.9
    416 update operations found in global scope

total graph size: 9.23 MB
    with default `max_to_keep` = 1
    with default `save_checkpoint_steps` = 2000
    [31mWarning:[0m No summaries found in collection "outputs"
    [31mWarning:[0m No summaries found in collection "config"
    saving checkpoint in [36m./run_logs/sdd/mobilenet_35_standard_512/02-20_16-55[0m

Start training:
  > [00:00] Step 1 (epoch 1): loss = 23.22949
  > [00:05] Step 251 (epoch 1): loss = 0.55862
evaluated 635 val images at step 500: map@0.50 = 0.00407 - map@0.75 = 0.00019
  > [00:09] Step 501 (epoch 2): loss = 0.46601
  > [00:12] Step 751 (epoch 3): loss = 0.43968
evaluated 635 val images at step 1000: map@0.50 = 0.00896 - map@0.75 = 0.00031
  > [00:16] Step 1001 (epoch 4): loss = 0.45477
  > [00:20] Step 1251 (epoch 5): loss = 0.43627
evaluated 635 val images at step 1500: map@0.50 = 0.01283 - map@0.75 = 0.00085
  > [00:24] Step 1501 (epoch 6): loss = 0.38778
  > [00:27] Step 1751 (epoch 7): loss = 0.41944
evaluated 635 val images at step 2000: map@0.50 = 0.01546 - map@0.75 = 0.00091
  > [00:31] Step 2001 (epoch 7): loss = 0.40147
  > [00:35] Step 2251 (epoch 8): loss = 0.37774
evaluated 635 val images at step 2500: map@0.50 = 0.01960 - map@0.75 = 0.00146
  > [00:39] Step 2501 (epoch 9): loss = 0.39320
  > [00:42] Step 2751 (epoch 10): loss = 0.38051
evaluated 635 val images at step 3000: map@0.50 = 0.02693 - map@0.75 = 0.00264
  > [00:46] Step 3001 (epoch 11): loss = 0.39158
  > [00:50] Step 3251 (epoch 12): loss = 0.37376
evaluated 635 val images at step 3500: map@0.50 = 0.03055 - map@0.75 = 0.00413
  > [00:54] Step 3501 (epoch 13): loss = 0.40294
  > [00:57] Step 3751 (epoch 14): loss = 0.38769
evaluated 635 val images at step 4000: map@0.50 = 0.03962 - map@0.75 = 0.00540
  > [01:01] Step 4001 (epoch 14): loss = 0.36729
  > [01:05] Step 4251 (epoch 15): loss = 0.42453
evaluated 635 val images at step 4500: map@0.50 = 0.05635 - map@0.75 = 0.00482
  > [01:09] Step 4501 (epoch 16): loss = 0.36110
  > [01:12] Step 4751 (epoch 17): loss = 0.37576
evaluated 635 val images at step 5000: map@0.50 = 0.06730 - map@0.75 = 0.00620
  > [01:16] Step 5001 (epoch 18): loss = 0.34491
  > [01:20] Step 5251 (epoch 19): loss = 0.35979
evaluated 635 val images at step 5500: map@0.50 = 0.07983 - map@0.75 = 0.00753
  > [01:24] Step 5501 (epoch 20): loss = 0.38380
  > [01:27] Step 5751 (epoch 21): loss = 0.34601
evaluated 635 val images at step 6000: map@0.50 = 0.09385 - map@0.75 = 0.00642
  > [01:31] Step 6001 (epoch 21): loss = 0.36281
  > [01:34] Step 6251 (epoch 22): loss = 0.35234
evaluated 635 val images at step 6500: map@0.50 = 0.10676 - map@0.75 = 0.00819
  > [01:38] Step 6501 (epoch 23): loss = 0.32820
  > [01:42] Step 6751 (epoch 24): loss = 0.34532
evaluated 635 val images at step 7000: map@0.50 = 0.12185 - map@0.75 = 0.01042
  > [01:46] Step 7001 (epoch 25): loss = 0.34951
  > [01:49] Step 7251 (epoch 26): loss = 0.33095
evaluated 635 val images at step 7500: map@0.50 = 0.13751 - map@0.75 = 0.01036
  > [01:53] Step 7501 (epoch 27): loss = 0.32693
  > [01:57] Step 7751 (epoch 28): loss = 0.30867
evaluated 635 val images at step 8000: map@0.50 = 0.13691 - map@0.75 = 0.01119
  > [02:01] Step 8001 (epoch 28): loss = 0.36506
  > [02:04] Step 8251 (epoch 29): loss = 0.32657
evaluated 635 val images at step 8500: map@0.50 = 0.14934 - map@0.75 = 0.01102
  > [02:08] Step 8501 (epoch 30): loss = 0.31264
  > [02:12] Step 8751 (epoch 31): loss = 0.36835
evaluated 635 val images at step 9000: map@0.50 = 0.15949 - map@0.75 = 0.01470
  > [02:16] Step 9001 (epoch 32): loss = 0.34228
  > [02:19] Step 9251 (epoch 33): loss = 0.32734
evaluated 635 val images at step 9500: map@0.50 = 0.16267 - map@0.75 = 0.01193
  > [02:23] Step 9501 (epoch 34): loss = 0.33861
  > [02:27] Step 9751 (epoch 35): loss = 0.32469
evaluated 635 val images at step 10000: map@0.50 = 0.17540 - map@0.75 = 0.01421
  > [02:31] Step 10001 (epoch 35): loss = 0.30239
  > [02:34] Step 10251 (epoch 36): loss = 0.31908
evaluated 635 val images at step 10500: map@0.50 = 0.17607 - map@0.75 = 0.01600
  > [02:38] Step 10501 (epoch 37): loss = 0.27504
  > [02:41] Step 10751 (epoch 38): loss = 0.31793
evaluated 635 val images at step 11000: map@0.50 = 0.18548 - map@0.75 = 0.01683
  > [02:45] Step 11001 (epoch 39): loss = 0.30070
  > [02:49] Step 11251 (epoch 40): loss = 0.32881
evaluated 635 val images at step 11500: map@0.50 = 0.18880 - map@0.75 = 0.01442
  > [02:53] Step 11501 (epoch 41): loss = 0.30456
  > [02:56] Step 11751 (epoch 42): loss = 0.31655
evaluated 635 val images at step 12000: map@0.50 = 0.18527 - map@0.75 = 0.01674
  > [03:00] Step 12001 (epoch 42): loss = 0.33039
  > [03:04] Step 12251 (epoch 43): loss = 0.31823
evaluated 635 val images at step 12500: map@0.50 = 0.19335 - map@0.75 = 0.01702
  > [03:08] Step 12501 (epoch 44): loss = 0.29356
  > [03:11] Step 12751 (epoch 45): loss = 0.30437
evaluated 635 val images at step 13000: map@0.50 = 0.19872 - map@0.75 = 0.01585
  > [03:15] Step 13001 (epoch 46): loss = 0.29371
  > [03:19] Step 13251 (epoch 47): loss = 0.33775
evaluated 635 val images at step 13500: map@0.50 = 0.19989 - map@0.75 = 0.01572
  > [03:23] Step 13501 (epoch 48): loss = 0.29586
  > [03:26] Step 13751 (epoch 49): loss = 0.27022
evaluated 635 val images at step 14000: map@0.50 = 0.19373 - map@0.75 = 0.01725
  > [03:30] Step 14001 (epoch 49): loss = 0.29222
  > [03:34] Step 14251 (epoch 50): loss = 0.30609
evaluated 635 val images at step 14500: map@0.50 = 0.20702 - map@0.75 = 0.01827
  > [03:38] Step 14501 (epoch 51): loss = 0.29840
  > [03:41] Step 14751 (epoch 52): loss = 0.29412
evaluated 635 val images at step 15000: map@0.50 = 0.19778 - map@0.75 = 0.01687
  > [03:45] Step 15001 (epoch 53): loss = 0.30125
  > [03:48] Step 15251 (epoch 54): loss = 0.29019
evaluated 635 val images at step 15500: map@0.50 = 0.21197 - map@0.75 = 0.01841
  > [03:52] Step 15501 (epoch 55): loss = 0.30073
  > [03:56] Step 15751 (epoch 56): loss = 0.27567
evaluated 635 val images at step 16000: map@0.50 = 0.20987 - map@0.75 = 0.02011
  > [04:00] Step 16001 (epoch 56): loss = 0.29013
  > [04:03] Step 16251 (epoch 57): loss = 0.29163
evaluated 635 val images at step 16500: map@0.50 = 0.22009 - map@0.75 = 0.01892
  > [04:07] Step 16501 (epoch 58): loss = 0.29801
  > [04:11] Step 16751 (epoch 59): loss = 0.26141
evaluated 635 val images at step 17000: map@0.50 = 0.20122 - map@0.75 = 0.02187
  > [04:15] Step 17001 (epoch 60): loss = 0.27484
  > [04:18] Step 17251 (epoch 61): loss = 0.28928
evaluated 635 val images at step 17500: map@0.50 = 0.21277 - map@0.75 = 0.01878
  > [04:22] Step 17501 (epoch 62): loss = 0.28000
  > [04:26] Step 17751 (epoch 62): loss = 0.28561
evaluated 635 val images at step 18000: map@0.50 = 0.21207 - map@0.75 = 0.02062
  > [04:30] Step 18001 (epoch 63): loss = 0.29504
  > [04:33] Step 18251 (epoch 64): loss = 0.28075
evaluated 635 val images at step 18500: map@0.50 = 0.21542 - map@0.75 = 0.01858
  > [04:37] Step 18501 (epoch 65): loss = 0.27708
  > [04:41] Step 18751 (epoch 66): loss = 0.25835
evaluated 635 val images at step 19000: map@0.50 = 0.22437 - map@0.75 = 0.02102
  > [04:45] Step 19001 (epoch 67): loss = 0.27133
  > [04:48] Step 19251 (epoch 68): loss = 0.26044
evaluated 635 val images at step 19500: map@0.50 = 0.21519 - map@0.75 = 0.01873
  > [04:52] Step 19501 (epoch 69): loss = 0.27931
  > [04:56] Step 19751 (epoch 69): loss = 0.26308
evaluated 635 val images at step 20000: map@0.50 = 0.22062 - map@0.75 = 0.01922
  > [05:00] Step 20001 (epoch 70): loss = 0.28163
  > [05:03] Step 20251 (epoch 71): loss = 0.28120
evaluated 635 val images at step 20500: map@0.50 = 0.20914 - map@0.75 = 0.01794
  > [05:07] Step 20501 (epoch 72): loss = 0.27957
  > [05:11] Step 20751 (epoch 73): loss = 0.28305
evaluated 635 val images at step 21000: map@0.50 = 0.22496 - map@0.75 = 0.01717
  > [05:15] Step 21001 (epoch 74): loss = 0.28054
  > [05:18] Step 21251 (epoch 75): loss = 0.27418
evaluated 635 val images at step 21500: map@0.50 = 0.22587 - map@0.75 = 0.01976
  > [05:22] Step 21501 (epoch 76): loss = 0.27921
  > [05:25] Step 21751 (epoch 76): loss = 0.26553
evaluated 635 val images at step 22000: map@0.50 = 0.21294 - map@0.75 = 0.01740
  > [05:30] Step 22001 (epoch 77): loss = 0.28561
  > [05:33] Step 22251 (epoch 78): loss = 0.27570
evaluated 635 val images at step 22500: map@0.50 = 0.22320 - map@0.75 = 0.02020
  > [05:37] Step 22501 (epoch 79): loss = 0.30502
  > [05:40] Step 22751 (epoch 80): loss = 0.27121
evaluated 635 val images at step 23000: map@0.50 = 0.22174 - map@0.75 = 0.02199
  > [05:44] Step 23001 (epoch 81): loss = 0.27430
  > [05:48] Step 23251 (epoch 82): loss = 0.27753
evaluated 635 val images at step 23500: map@0.50 = 0.22940 - map@0.75 = 0.01868
  > [05:52] Step 23501 (epoch 83): loss = 0.25131
  > [05:55] Step 23751 (epoch 83): loss = 0.26866
evaluated 635 val images at step 24000: map@0.50 = 0.22297 - map@0.75 = 0.02055
  > [05:59] Step 24001 (epoch 84): loss = 0.27342
  > [06:03] Step 24251 (epoch 85): loss = 0.25662
evaluated 635 val images at step 24500: map@0.50 = 0.23038 - map@0.75 = 0.02374
  > [06:07] Step 24501 (epoch 86): loss = 0.32473
  > [06:10] Step 24751 (epoch 87): loss = 0.28025
evaluated 635 val images at step 25000: map@0.50 = 0.22487 - map@0.75 = 0.01839
  > [06:14] Step 25001 (epoch 88): loss = 0.26791
  > [06:18] Step 25251 (epoch 89): loss = 0.25059
evaluated 635 val images at step 25500: map@0.50 = 0.23431 - map@0.75 = 0.01967
  > [06:22] Step 25501 (epoch 90): loss = 0.28636
  > [06:25] Step 25751 (epoch 90): loss = 0.25663
evaluated 635 val images at step 26000: map@0.50 = 0.23447 - map@0.75 = 0.02508
  > [06:29] Step 26001 (epoch 91): loss = 0.25520
  > [06:33] Step 26251 (epoch 92): loss = 0.24613
evaluated 635 val images at step 26500: map@0.50 = 0.22627 - map@0.75 = 0.02353
  > [06:37] Step 26501 (epoch 93): loss = 0.25728
  > [06:40] Step 26751 (epoch 94): loss = 0.27069
evaluated 635 val images at step 27000: map@0.50 = 0.21684 - map@0.75 = 0.01972
  > [06:44] Step 27001 (epoch 95): loss = 0.25248
  > [06:48] Step 27251 (epoch 96): loss = 0.25774
evaluated 635 val images at step 27500: map@0.50 = 0.22311 - map@0.75 = 0.02357
  > [06:52] Step 27501 (epoch 97): loss = 0.25352
  > [06:55] Step 27751 (epoch 97): loss = 0.28680
evaluated 635 val images at step 28000: map@0.50 = 0.23148 - map@0.75 = 0.02200
  > [06:59] Step 28001 (epoch 98): loss = 0.29549
  > [07:02] Step 28251 (epoch 99): loss = 0.25654
evaluated 635 val images at step 28500: map@0.50 = 0.23500 - map@0.75 = 0.02264
  > [07:06] Step 28501 (epoch 100): loss = 0.25267
evaluated 635 val images at step 28634: map@0.50 = 0.22975 - map@0.75 = 0.02357
evaluated 3199 test images at step 28634: map@0.50 = 0.23671 - map@0.75 = 0.02578
