Tensorflow version 1.12.0
ODGI mobilenet_100 - mobilenet_35, Input size 512 - 64

9163 train samples (287 iters per epoch)
651 val samples (21 iters per epoch)
3281 test samples (103 iters per epoch)

Config:
   [96mbatch_size:[0m 8
   [96mdata_classes:[0m ['Biker', 'Bus', 'Car', 'Cart', 'Pedestrian', 'Skater']
   [96mexp_name:[0m sdd
   [96mfeature_keys:[0m ['im_id', 'num_boxes', 'bounding_boxes', 'classes']
   [96mgpu_mem_frac:[0m 1.0
   [96mimage_folder:[0m /nfs/scistore12/chlgrp/aroyer/Datasets/sdd_images/
   [96mimage_format:[0m sdd
   [96mlearning_rate:[0m 0.0002
   [96mnetwork:[0m mobilenet_100
   [96mnum_classes:[0m 6
   [96mnum_epochs:[0m 100
   [96mnum_gpus:[0m 4
   [96msave_evaluation_steps:[0m 500
   [96msave_summaries_steps:[0m None
   [96msetting:[0m sdd
   [96mtest_max_num_bbs:[0m 100
   [96mtest_num_crops:[0m 6
   [96mtest_num_iters_per_epoch:[0m 103
   [96mtest_num_samples:[0m 3281
   [96mtest_num_samples_per_iter:[0m 32
   [96mtest_patch_confidence_threshold:[0m 0.1
   [96mtest_patch_nms_threshold:[0m 0.25
   [96mtest_patch_strong_confidence_threshold:[0m 0.6
   [96mtest_tfrecords:[0m Data/sdd_test
   [96mtrain_max_num_bbs:[0m 100
   [96mtrain_num_crops:[0m 10
   [96mtrain_num_iters_per_epoch:[0m 287
   [96mtrain_num_samples:[0m 9163
   [96mtrain_num_samples_per_iter:[0m 32
   [96mtrain_tfrecords:[0m Data/sdd_train
   [96mval_max_num_bbs:[0m 100
   [96mval_num_iters_per_epoch:[0m 21
   [96mval_num_samples:[0m 651
   [96mval_num_samples_per_iter:[0m 32
   [96mval_tfrecords:[0m Data/sdd_val
    with default `base_log_dir` = ./run_logs
    Log directory /nfs/scistore12/chlgrp/aroyer/Jupyter/ODGI/run_logs/sdd/mobilenet_100_odgi_512_64/02-21_10-11
   using grid size [16 16]
   using grid size [2 2]

Train Graph:
    with default `num_threads` = 4
    with default `prefetch_capacity` = 1
    with default `with_classification` = False
    with default `shuffle_buffer` = 10000
    with default `data_augmentation_threshold` = 0.5
 [31m> load_inputs[0m
    [32mgroup_flags[0m: shape=[8, 16, 16, 1, 1], dtype=<dtype: 'float32'>
    [32mobj_i_mask_bbs[0m: shape=[8, 16, 16, 1, 100], dtype=<dtype: 'float32'>
    [32mis_flipped[0m: shape=[8], dtype=<dtype: 'float32'>
    [32mbounding_boxes[0m: shape=[8, 100, 4], dtype=<dtype: 'float32'>
    [32mim_id[0m: shape=[8], dtype=<dtype: 'int32'>
    [32mnum_group_boxes[0m: shape=[8], dtype=<dtype: 'int32'>
    [32mnum_boxes[0m: shape=[8], dtype=<dtype: 'int32'>
    [32mgroup_bounding_boxes_per_cell[0m: shape=[8, 16, 16, 1, 4], dtype=<dtype: 'float32'>
    [32mimage[0m: shape=[8, 512, 512, 3], dtype=<dtype: 'float32'>
 [33m> stage1/mobilenet_100[0m
    with default `with_classification` = False
    Output layer shape *(8, 16, 16, 1, 8)*
    [32mlog_scales[0m: shape=[8, 16, 16, 1, 2], dtype=<dtype: 'float32'>
    [32moffsets[0m: shape=[8, 16, 16, 1, 2], dtype=<dtype: 'float32'>
    [32mshifted_centers[0m: shape=[8, 16, 16, 1, 2], dtype=<dtype: 'float32'>
    [32mbounding_boxes[0m: shape=[8, 16, 16, 1, 4], dtype=<dtype: 'float32'>
    [32mconfidence_scores[0m: shape=[8, 16, 16, 1, 1], dtype=<dtype: 'float32'>
    [32mgroup_classification_logits[0m: shape=[8, 16, 16, 1, 1], dtype=<dtype: 'float32'>
    [32mdetection_scores[0m: shape=[8, 16, 16, 1, 1], dtype=<dtype: 'float32'>
 [33m> Collecting losses[0m
    with default `centers_localization_loss_weight` = 1.0
    with default `scales_localization_loss_weight` = 1.0
    with default `confidence_loss_weight` = 5.0
    with default `noobj_confidence_loss_weight` = 1.0
    with default `group_classification_loss_weight` = 1.0
    with default `offsets_loss_weight` = 1.0
    with default `offsets_margin` = 0.025
 [33m> Stage transition[0m
    with default `train_patch_confidence_threshold` = 0.0
    with default `train_patch_nms_threshold` = 1.0
    extracting 10 crops
    with default `patch_intersection_ratio_threshold` = 0.33
    with default `shuffle_buffer` = 10000
    with default `num_threads` = 4
    *num_boxes*: shape=[80], dtype=<dtype: 'int32'>
    *bounding_boxes*: shape=[80, 100, 4], dtype=<dtype: 'float32'>
    *im_id*: shape=[80], dtype=<dtype: 'int32'>
    *image*: shape=[80, 64, 64, 3], dtype=<dtype: 'float32'>
    *obj_i_mask_bbs*: shape=[80, 2, 2, 1, 100], dtype=<dtype: 'float32'>
 [33m> stage2/mobilenet_35[0m
    with default `num_boxes` = 1
    with default `with_classification` = False
    Output layer shape *(80, 2, 2, 1, 5)*
    [32mbounding_boxes[0m: shape=[80, 2, 2, 1, 4], dtype=<dtype: 'float32'>
    [32mlog_scales[0m: shape=[80, 2, 2, 1, 2], dtype=<dtype: 'float32'>
    [32mconfidence_scores[0m: shape=[80, 2, 2, 1, 1], dtype=<dtype: 'float32'>
    [32mshifted_centers[0m: shape=[80, 2, 2, 1, 2], dtype=<dtype: 'float32'>
    [32mdetection_scores[0m: shape=[80, 2, 2, 1, 1], dtype=<dtype: 'float32'>
 [33m> Collecting losses[0m
    with default `centers_localization_loss_weight` = 1.0
    with default `scales_localization_loss_weight` = 1.0
    with default `confidence_loss_weight` = 5.0
    with default `noobj_confidence_loss_weight` = 1.0
 [33m> Stage transition[0m
 [33m> Stage transition[0m
 [33m> Stage transition[0m

Losses:
 > [33min stage1 scope:[0m
     35 regularization losses found
     *stage1_group_classification_loss*: 4 tensors
     *stage1_confidence_obj_loss*: 4 tensors
     *stage1_centers_localization_loss*: 4 tensors
     *stage1_offsets_loss*: 4 tensors
     *stage1_confidence_noobj_loss*: 4 tensors
     *stage1_classification_loss*: 4 tensors
     *stage1_scales_localization_loss*: 4 tensors
     Trainable variables: [stage1/mobilenet_100/MobilenetV2/Conv/weights:0, stage1/mobilenet_100/MobilenetV2/Conv/BatchNorm/gamma:0, stage1/mobilenet_100/MobilenetV2/Conv/BatchNorm/beta:0, stage1/mobilenet_100/MobilenetV2/expanded_conv/depthwise/depthwise_weights:0, stage1/mobilenet_100/MobilenetV2/expanded_conv/depthwise/BatchNorm/gamma:0, stage1/mobilenet_100/MobilenetV2/expanded_conv/depthwise/BatchNorm/beta:0, stage1/mobilenet_100/MobilenetV2/expanded_conv/project/weights:0, stage1/mobilenet_100/MobilenetV2/expanded_conv/project/BatchNorm/gamma:0, stage1/mobilenet_100/MobilenetV2/expanded_conv/project/BatchNorm/beta:0, stage1/mobilenet_100/MobilenetV2/expanded_conv_1/expand/weights:0, stage1/mobilenet_100/MobilenetV2/expanded_conv_1/expand/BatchNorm/gamma:0, stage1/mobilenet_100/MobilenetV2/expanded_conv_1/expand/BatchNorm/beta:0, stage1/mobilenet_100/MobilenetV2/expanded_conv_1/depthwise/depthwise_weights:0, stage1/mobilenet_100/MobilenetV2/expanded_conv_1/depthwise/BatchNorm/gamma:0, stage1/mobilenet_100/MobilenetV2/expanded_conv_1/depthwise/BatchNorm/beta:0, stage1/mobilenet_100/MobilenetV2/expanded_conv_1/project/weights:0, stage1/mobilenet_100/MobilenetV2/expanded_conv_1/project/BatchNorm/gamma:0, stage1/mobilenet_100/MobilenetV2/expanded_conv_1/project/BatchNorm/beta:0, stage1/mobilenet_100/MobilenetV2/expanded_conv_2/expand/weights:0, stage1/mobilenet_100/MobilenetV2/expanded_conv_2/expand/BatchNorm/gamma:0, stage1/mobilenet_100/MobilenetV2/expanded_conv_2/expand/BatchNorm/beta:0, stage1/mobilenet_100/MobilenetV2/expanded_conv_2/depthwise/depthwise_weights:0, stage1/mobilenet_100/MobilenetV2/expanded_conv_2/depthwise/BatchNorm/gamma:0, stage1/mobilenet_100/MobilenetV2/expanded_conv_2/depthwise/BatchNorm/beta:0, stage1/mobilenet_100/MobilenetV2/expanded_conv_2/project/weights:0, stage1/mobilenet_100/MobilenetV2/expanded_conv_2/project/BatchNorm/gamma:0, stage1/mobilenet_100/MobilenetV2/expanded_conv_2/project/BatchNorm/beta:0, stage1/mobilenet_100/MobilenetV2/expanded_conv_3/expand/weights:0, stage1/mobilenet_100/MobilenetV2/expanded_conv_3/expand/BatchNorm/gamma:0, stage1/mobilenet_100/MobilenetV2/expanded_conv_3/expand/BatchNorm/beta:0, stage1/mobilenet_100/MobilenetV2/expanded_conv_3/depthwise/depthwise_weights:0, stage1/mobilenet_100/MobilenetV2/expanded_conv_3/depthwise/BatchNorm/gamma:0, stage1/mobilenet_100/MobilenetV2/expanded_conv_3/depthwise/BatchNorm/beta:0, stage1/mobilenet_100/MobilenetV2/expanded_conv_3/project/weights:0, stage1/mobilenet_100/MobilenetV2/expanded_conv_3/project/BatchNorm/gamma:0, stage1/mobilenet_100/MobilenetV2/expanded_conv_3/project/BatchNorm/beta:0, stage1/mobilenet_100/MobilenetV2/expanded_conv_4/expand/weights:0, stage1/mobilenet_100/MobilenetV2/expanded_conv_4/expand/BatchNorm/gamma:0, stage1/mobilenet_100/MobilenetV2/expanded_conv_4/expand/BatchNorm/beta:0, stage1/mobilenet_100/MobilenetV2/expanded_conv_4/depthwise/depthwise_weights:0, stage1/mobilenet_100/MobilenetV2/expanded_conv_4/depthwise/BatchNorm/gamma:0, stage1/mobilenet_100/MobilenetV2/expanded_conv_4/depthwise/BatchNorm/beta:0, stage1/mobilenet_100/MobilenetV2/expanded_conv_4/project/weights:0, stage1/mobilenet_100/MobilenetV2/expanded_conv_4/project/BatchNorm/gamma:0, stage1/mobilenet_100/MobilenetV2/expanded_conv_4/project/BatchNorm/beta:0, stage1/mobilenet_100/MobilenetV2/expanded_conv_5/expand/weights:0, stage1/mobilenet_100/MobilenetV2/expanded_conv_5/expand/BatchNorm/gamma:0, stage1/mobilenet_100/MobilenetV2/expanded_conv_5/expand/BatchNorm/beta:0, stage1/mobilenet_100/MobilenetV2/expanded_conv_5/depthwise/depthwise_weights:0, stage1/mobilenet_100/MobilenetV2/expanded_conv_5/depthwise/BatchNorm/gamma:0, stage1/mobilenet_100/MobilenetV2/expanded_conv_5/depthwise/BatchNorm/beta:0, stage1/mobilenet_100/MobilenetV2/expanded_conv_5/project/weights:0, stage1/mobilenet_100/MobilenetV2/expanded_conv_5/project/BatchNorm/gamma:0, stage1/mobilenet_100/MobilenetV2/expanded_conv_5/project/BatchNorm/beta:0, stage1/mobilenet_100/MobilenetV2/expanded_conv_6/expand/weights:0, stage1/mobilenet_100/MobilenetV2/expanded_conv_6/expand/BatchNorm/gamma:0, stage1/mobilenet_100/MobilenetV2/expanded_conv_6/expand/BatchNorm/beta:0, stage1/mobilenet_100/MobilenetV2/expanded_conv_6/depthwise/depthwise_weights:0, stage1/mobilenet_100/MobilenetV2/expanded_conv_6/depthwise/BatchNorm/gamma:0, stage1/mobilenet_100/MobilenetV2/expanded_conv_6/depthwise/BatchNorm/beta:0, stage1/mobilenet_100/MobilenetV2/expanded_conv_6/project/weights:0, stage1/mobilenet_100/MobilenetV2/expanded_conv_6/project/BatchNorm/gamma:0, stage1/mobilenet_100/MobilenetV2/expanded_conv_6/project/BatchNorm/beta:0, stage1/mobilenet_100/MobilenetV2/expanded_conv_7/expand/weights:0, stage1/mobilenet_100/MobilenetV2/expanded_conv_7/expand/BatchNorm/gamma:0, stage1/mobilenet_100/MobilenetV2/expanded_conv_7/expand/BatchNorm/beta:0, stage1/mobilenet_100/MobilenetV2/expanded_conv_7/depthwise/depthwise_weights:0, stage1/mobilenet_100/MobilenetV2/expanded_conv_7/depthwise/BatchNorm/gamma:0, stage1/mobilenet_100/MobilenetV2/expanded_conv_7/depthwise/BatchNorm/beta:0, stage1/mobilenet_100/MobilenetV2/expanded_conv_7/project/weights:0, stage1/mobilenet_100/MobilenetV2/expanded_conv_7/project/BatchNorm/gamma:0, stage1/mobilenet_100/MobilenetV2/expanded_conv_7/project/BatchNorm/beta:0, stage1/mobilenet_100/MobilenetV2/expanded_conv_8/expand/weights:0, stage1/mobilenet_100/MobilenetV2/expanded_conv_8/expand/BatchNorm/gamma:0, stage1/mobilenet_100/MobilenetV2/expanded_conv_8/expand/BatchNorm/beta:0, stage1/mobilenet_100/MobilenetV2/expanded_conv_8/depthwise/depthwise_weights:0, stage1/mobilenet_100/MobilenetV2/expanded_conv_8/depthwise/BatchNorm/gamma:0, stage1/mobilenet_100/MobilenetV2/expanded_conv_8/depthwise/BatchNorm/beta:0, stage1/mobilenet_100/MobilenetV2/expanded_conv_8/project/weights:0, stage1/mobilenet_100/MobilenetV2/expanded_conv_8/project/BatchNorm/gamma:0, stage1/mobilenet_100/MobilenetV2/expanded_conv_8/project/BatchNorm/beta:0, stage1/mobilenet_100/MobilenetV2/expanded_conv_9/expand/weights:0, stage1/mobilenet_100/MobilenetV2/expanded_conv_9/expand/BatchNorm/gamma:0, stage1/mobilenet_100/MobilenetV2/expanded_conv_9/expand/BatchNorm/beta:0, stage1/mobilenet_100/MobilenetV2/expanded_conv_9/depthwise/depthwise_weights:0, stage1/mobilenet_100/MobilenetV2/expanded_conv_9/depthwise/BatchNorm/gamma:0, stage1/mobilenet_100/MobilenetV2/expanded_conv_9/depthwise/BatchNorm/beta:0, stage1/mobilenet_100/MobilenetV2/expanded_conv_9/project/weights:0, stage1/mobilenet_100/MobilenetV2/expanded_conv_9/project/BatchNorm/gamma:0, stage1/mobilenet_100/MobilenetV2/expanded_conv_9/project/BatchNorm/beta:0, stage1/mobilenet_100/MobilenetV2/expanded_conv_10/expand/weights:0, stage1/mobilenet_100/MobilenetV2/expanded_conv_10/expand/BatchNorm/gamma:0, stage1/mobilenet_100/MobilenetV2/expanded_conv_10/expand/BatchNorm/beta:0, stage1/mobilenet_100/MobilenetV2/expanded_conv_10/depthwise/depthwise_weights:0, stage1/mobilenet_100/MobilenetV2/expanded_conv_10/depthwise/BatchNorm/gamma:0, stage1/mobilenet_100/MobilenetV2/expanded_conv_10/depthwise/BatchNorm/beta:0, stage1/mobilenet_100/MobilenetV2/expanded_conv_10/project/weights:0, stage1/mobilenet_100/MobilenetV2/expanded_conv_10/project/BatchNorm/gamma:0, stage1/mobilenet_100/MobilenetV2/expanded_conv_10/project/BatchNorm/beta:0, stage1/mobilenet_100/MobilenetV2/expanded_conv_11/expand/weights:0, stage1/mobilenet_100/MobilenetV2/expanded_conv_11/expand/BatchNorm/gamma:0, stage1/mobilenet_100/MobilenetV2/expanded_conv_11/expand/BatchNorm/beta:0, stage1/mobilenet_100/MobilenetV2/expanded_conv_11/depthwise/depthwise_weights:0, stage1/mobilenet_100/MobilenetV2/expanded_conv_11/depthwise/BatchNorm/gamma:0, stage1/mobilenet_100/MobilenetV2/expanded_conv_11/depthwise/BatchNorm/beta:0, stage1/mobilenet_100/MobilenetV2/expanded_conv_11/project/weights:0, stage1/mobilenet_100/MobilenetV2/expanded_conv_11/project/BatchNorm/gamma:0, stage1/mobilenet_100/MobilenetV2/expanded_conv_11/project/BatchNorm/beta:0, stage1/mobilenet_100/MobilenetV2/expanded_conv_12/expand/weights:0, stage1/mobilenet_100/MobilenetV2/expanded_conv_12/expand/BatchNorm/gamma:0, stage1/mobilenet_100/MobilenetV2/expanded_conv_12/expand/BatchNorm/beta:0, stage1/mobilenet_100/MobilenetV2/expanded_conv_12/depthwise/depthwise_weights:0, stage1/mobilenet_100/MobilenetV2/expanded_conv_12/depthwise/BatchNorm/gamma:0, stage1/mobilenet_100/MobilenetV2/expanded_conv_12/depthwise/BatchNorm/beta:0, stage1/mobilenet_100/MobilenetV2/expanded_conv_12/project/weights:0, stage1/mobilenet_100/MobilenetV2/expanded_conv_12/project/BatchNorm/gamma:0, stage1/mobilenet_100/MobilenetV2/expanded_conv_12/project/BatchNorm/beta:0, stage1/mobilenet_100/MobilenetV2/expanded_conv_13/expand/weights:0, stage1/mobilenet_100/MobilenetV2/expanded_conv_13/expand/BatchNorm/gamma:0, stage1/mobilenet_100/MobilenetV2/expanded_conv_13/expand/BatchNorm/beta:0, stage1/mobilenet_100/MobilenetV2/expanded_conv_13/depthwise/depthwise_weights:0, stage1/mobilenet_100/MobilenetV2/expanded_conv_13/depthwise/BatchNorm/gamma:0, stage1/mobilenet_100/MobilenetV2/expanded_conv_13/depthwise/BatchNorm/beta:0, stage1/mobilenet_100/MobilenetV2/expanded_conv_13/project/weights:0, stage1/mobilenet_100/MobilenetV2/expanded_conv_13/project/BatchNorm/gamma:0, stage1/mobilenet_100/MobilenetV2/expanded_conv_13/project/BatchNorm/beta:0, stage1/mobilenet_100/MobilenetV2/expanded_conv_14/expand/weights:0, stage1/mobilenet_100/MobilenetV2/expanded_conv_14/expand/BatchNorm/gamma:0, stage1/mobilenet_100/MobilenetV2/expanded_conv_14/expand/BatchNorm/beta:0, stage1/mobilenet_100/MobilenetV2/expanded_conv_14/depthwise/depthwise_weights:0, stage1/mobilenet_100/MobilenetV2/expanded_conv_14/depthwise/BatchNorm/gamma:0, stage1/mobilenet_100/MobilenetV2/expanded_conv_14/depthwise/BatchNorm/beta:0, stage1/mobilenet_100/MobilenetV2/expanded_conv_14/project/weights:0, stage1/mobilenet_100/MobilenetV2/expanded_conv_14/project/BatchNorm/gamma:0, stage1/mobilenet_100/MobilenetV2/expanded_conv_14/project/BatchNorm/beta:0, stage1/mobilenet_100/MobilenetV2/expanded_conv_15/expand/weights:0, stage1/mobilenet_100/MobilenetV2/expanded_conv_15/expand/BatchNorm/gamma:0, stage1/mobilenet_100/MobilenetV2/expanded_conv_15/expand/BatchNorm/beta:0, stage1/mobilenet_100/MobilenetV2/expanded_conv_15/depthwise/depthwise_weights:0, stage1/mobilenet_100/MobilenetV2/expanded_conv_15/depthwise/BatchNorm/gamma:0, stage1/mobilenet_100/MobilenetV2/expanded_conv_15/depthwise/BatchNorm/beta:0, stage1/mobilenet_100/MobilenetV2/expanded_conv_15/project/weights:0, stage1/mobilenet_100/MobilenetV2/expanded_conv_15/project/BatchNorm/gamma:0, stage1/mobilenet_100/MobilenetV2/expanded_conv_15/project/BatchNorm/beta:0, stage1/mobilenet_100/MobilenetV2/expanded_conv_16/expand/weights:0, stage1/mobilenet_100/MobilenetV2/expanded_conv_16/expand/BatchNorm/gamma:0, stage1/mobilenet_100/MobilenetV2/expanded_conv_16/expand/BatchNorm/beta:0, stage1/mobilenet_100/MobilenetV2/expanded_conv_16/depthwise/depthwise_weights:0, stage1/mobilenet_100/MobilenetV2/expanded_conv_16/depthwise/BatchNorm/gamma:0, stage1/mobilenet_100/MobilenetV2/expanded_conv_16/depthwise/BatchNorm/beta:0, stage1/mobilenet_100/MobilenetV2/expanded_conv_16/project/weights:0, stage1/mobilenet_100/MobilenetV2/expanded_conv_16/project/BatchNorm/gamma:0, stage1/mobilenet_100/MobilenetV2/expanded_conv_16/project/BatchNorm/beta:0, stage1/mobilenet_100/MobilenetV2/Conv_1/weights:0, stage1/mobilenet_100/MobilenetV2/Conv_1/BatchNorm/gamma:0, stage1/mobilenet_100/MobilenetV2/Conv_1/BatchNorm/beta:0, stage1/decode/fc_out/kernel:0, stage1/decode/fc_out/bias:0]
 > [33min stage2 scope:[0m
     35 regularization losses found
     *stage2_confidence_obj_loss*: 4 tensors
     *stage2_confidence_noobj_loss*: 4 tensors
     *stage2_scales_localization_loss*: 4 tensors
     *stage2_centers_localization_loss*: 4 tensors
     *stage2_classification_loss*: 4 tensors
     Trainable variables: [stage2/mobilenet_35/MobilenetV2/Conv/weights:0, stage2/mobilenet_35/MobilenetV2/Conv/BatchNorm/gamma:0, stage2/mobilenet_35/MobilenetV2/Conv/BatchNorm/beta:0, stage2/mobilenet_35/MobilenetV2/expanded_conv/depthwise/depthwise_weights:0, stage2/mobilenet_35/MobilenetV2/expanded_conv/depthwise/BatchNorm/gamma:0, stage2/mobilenet_35/MobilenetV2/expanded_conv/depthwise/BatchNorm/beta:0, stage2/mobilenet_35/MobilenetV2/expanded_conv/project/weights:0, stage2/mobilenet_35/MobilenetV2/expanded_conv/project/BatchNorm/gamma:0, stage2/mobilenet_35/MobilenetV2/expanded_conv/project/BatchNorm/beta:0, stage2/mobilenet_35/MobilenetV2/expanded_conv_1/expand/weights:0, stage2/mobilenet_35/MobilenetV2/expanded_conv_1/expand/BatchNorm/gamma:0, stage2/mobilenet_35/MobilenetV2/expanded_conv_1/expand/BatchNorm/beta:0, stage2/mobilenet_35/MobilenetV2/expanded_conv_1/depthwise/depthwise_weights:0, stage2/mobilenet_35/MobilenetV2/expanded_conv_1/depthwise/BatchNorm/gamma:0, stage2/mobilenet_35/MobilenetV2/expanded_conv_1/depthwise/BatchNorm/beta:0, stage2/mobilenet_35/MobilenetV2/expanded_conv_1/project/weights:0, stage2/mobilenet_35/MobilenetV2/expanded_conv_1/project/BatchNorm/gamma:0, stage2/mobilenet_35/MobilenetV2/expanded_conv_1/project/BatchNorm/beta:0, stage2/mobilenet_35/MobilenetV2/expanded_conv_2/expand/weights:0, stage2/mobilenet_35/MobilenetV2/expanded_conv_2/expand/BatchNorm/gamma:0, stage2/mobilenet_35/MobilenetV2/expanded_conv_2/expand/BatchNorm/beta:0, stage2/mobilenet_35/MobilenetV2/expanded_conv_2/depthwise/depthwise_weights:0, stage2/mobilenet_35/MobilenetV2/expanded_conv_2/depthwise/BatchNorm/gamma:0, stage2/mobilenet_35/MobilenetV2/expanded_conv_2/depthwise/BatchNorm/beta:0, stage2/mobilenet_35/MobilenetV2/expanded_conv_2/project/weights:0, stage2/mobilenet_35/MobilenetV2/expanded_conv_2/project/BatchNorm/gamma:0, stage2/mobilenet_35/MobilenetV2/expanded_conv_2/project/BatchNorm/beta:0, stage2/mobilenet_35/MobilenetV2/expanded_conv_3/expand/weights:0, stage2/mobilenet_35/MobilenetV2/expanded_conv_3/expand/BatchNorm/gamma:0, stage2/mobilenet_35/MobilenetV2/expanded_conv_3/expand/BatchNorm/beta:0, stage2/mobilenet_35/MobilenetV2/expanded_conv_3/depthwise/depthwise_weights:0, stage2/mobilenet_35/MobilenetV2/expanded_conv_3/depthwise/BatchNorm/gamma:0, stage2/mobilenet_35/MobilenetV2/expanded_conv_3/depthwise/BatchNorm/beta:0, stage2/mobilenet_35/MobilenetV2/expanded_conv_3/project/weights:0, stage2/mobilenet_35/MobilenetV2/expanded_conv_3/project/BatchNorm/gamma:0, stage2/mobilenet_35/MobilenetV2/expanded_conv_3/project/BatchNorm/beta:0, stage2/mobilenet_35/MobilenetV2/expanded_conv_4/expand/weights:0, stage2/mobilenet_35/MobilenetV2/expanded_conv_4/expand/BatchNorm/gamma:0, stage2/mobilenet_35/MobilenetV2/expanded_conv_4/expand/BatchNorm/beta:0, stage2/mobilenet_35/MobilenetV2/expanded_conv_4/depthwise/depthwise_weights:0, stage2/mobilenet_35/MobilenetV2/expanded_conv_4/depthwise/BatchNorm/gamma:0, stage2/mobilenet_35/MobilenetV2/expanded_conv_4/depthwise/BatchNorm/beta:0, stage2/mobilenet_35/MobilenetV2/expanded_conv_4/project/weights:0, stage2/mobilenet_35/MobilenetV2/expanded_conv_4/project/BatchNorm/gamma:0, stage2/mobilenet_35/MobilenetV2/expanded_conv_4/project/BatchNorm/beta:0, stage2/mobilenet_35/MobilenetV2/expanded_conv_5/expand/weights:0, stage2/mobilenet_35/MobilenetV2/expanded_conv_5/expand/BatchNorm/gamma:0, stage2/mobilenet_35/MobilenetV2/expanded_conv_5/expand/BatchNorm/beta:0, stage2/mobilenet_35/MobilenetV2/expanded_conv_5/depthwise/depthwise_weights:0, stage2/mobilenet_35/MobilenetV2/expanded_conv_5/depthwise/BatchNorm/gamma:0, stage2/mobilenet_35/MobilenetV2/expanded_conv_5/depthwise/BatchNorm/beta:0, stage2/mobilenet_35/MobilenetV2/expanded_conv_5/project/weights:0, stage2/mobilenet_35/MobilenetV2/expanded_conv_5/project/BatchNorm/gamma:0, stage2/mobilenet_35/MobilenetV2/expanded_conv_5/project/BatchNorm/beta:0, stage2/mobilenet_35/MobilenetV2/expanded_conv_6/expand/weights:0, stage2/mobilenet_35/MobilenetV2/expanded_conv_6/expand/BatchNorm/gamma:0, stage2/mobilenet_35/MobilenetV2/expanded_conv_6/expand/BatchNorm/beta:0, stage2/mobilenet_35/MobilenetV2/expanded_conv_6/depthwise/depthwise_weights:0, stage2/mobilenet_35/MobilenetV2/expanded_conv_6/depthwise/BatchNorm/gamma:0, stage2/mobilenet_35/MobilenetV2/expanded_conv_6/depthwise/BatchNorm/beta:0, stage2/mobilenet_35/MobilenetV2/expanded_conv_6/project/weights:0, stage2/mobilenet_35/MobilenetV2/expanded_conv_6/project/BatchNorm/gamma:0, stage2/mobilenet_35/MobilenetV2/expanded_conv_6/project/BatchNorm/beta:0, stage2/mobilenet_35/MobilenetV2/expanded_conv_7/expand/weights:0, stage2/mobilenet_35/MobilenetV2/expanded_conv_7/expand/BatchNorm/gamma:0, stage2/mobilenet_35/MobilenetV2/expanded_conv_7/expand/BatchNorm/beta:0, stage2/mobilenet_35/MobilenetV2/expanded_conv_7/depthwise/depthwise_weights:0, stage2/mobilenet_35/MobilenetV2/expanded_conv_7/depthwise/BatchNorm/gamma:0, stage2/mobilenet_35/MobilenetV2/expanded_conv_7/depthwise/BatchNorm/beta:0, stage2/mobilenet_35/MobilenetV2/expanded_conv_7/project/weights:0, stage2/mobilenet_35/MobilenetV2/expanded_conv_7/project/BatchNorm/gamma:0, stage2/mobilenet_35/MobilenetV2/expanded_conv_7/project/BatchNorm/beta:0, stage2/mobilenet_35/MobilenetV2/expanded_conv_8/expand/weights:0, stage2/mobilenet_35/MobilenetV2/expanded_conv_8/expand/BatchNorm/gamma:0, stage2/mobilenet_35/MobilenetV2/expanded_conv_8/expand/BatchNorm/beta:0, stage2/mobilenet_35/MobilenetV2/expanded_conv_8/depthwise/depthwise_weights:0, stage2/mobilenet_35/MobilenetV2/expanded_conv_8/depthwise/BatchNorm/gamma:0, stage2/mobilenet_35/MobilenetV2/expanded_conv_8/depthwise/BatchNorm/beta:0, stage2/mobilenet_35/MobilenetV2/expanded_conv_8/project/weights:0, stage2/mobilenet_35/MobilenetV2/expanded_conv_8/project/BatchNorm/gamma:0, stage2/mobilenet_35/MobilenetV2/expanded_conv_8/project/BatchNorm/beta:0, stage2/mobilenet_35/MobilenetV2/expanded_conv_9/expand/weights:0, stage2/mobilenet_35/MobilenetV2/expanded_conv_9/expand/BatchNorm/gamma:0, stage2/mobilenet_35/MobilenetV2/expanded_conv_9/expand/BatchNorm/beta:0, stage2/mobilenet_35/MobilenetV2/expanded_conv_9/depthwise/depthwise_weights:0, stage2/mobilenet_35/MobilenetV2/expanded_conv_9/depthwise/BatchNorm/gamma:0, stage2/mobilenet_35/MobilenetV2/expanded_conv_9/depthwise/BatchNorm/beta:0, stage2/mobilenet_35/MobilenetV2/expanded_conv_9/project/weights:0, stage2/mobilenet_35/MobilenetV2/expanded_conv_9/project/BatchNorm/gamma:0, stage2/mobilenet_35/MobilenetV2/expanded_conv_9/project/BatchNorm/beta:0, stage2/mobilenet_35/MobilenetV2/expanded_conv_10/expand/weights:0, stage2/mobilenet_35/MobilenetV2/expanded_conv_10/expand/BatchNorm/gamma:0, stage2/mobilenet_35/MobilenetV2/expanded_conv_10/expand/BatchNorm/beta:0, stage2/mobilenet_35/MobilenetV2/expanded_conv_10/depthwise/depthwise_weights:0, stage2/mobilenet_35/MobilenetV2/expanded_conv_10/depthwise/BatchNorm/gamma:0, stage2/mobilenet_35/MobilenetV2/expanded_conv_10/depthwise/BatchNorm/beta:0, stage2/mobilenet_35/MobilenetV2/expanded_conv_10/project/weights:0, stage2/mobilenet_35/MobilenetV2/expanded_conv_10/project/BatchNorm/gamma:0, stage2/mobilenet_35/MobilenetV2/expanded_conv_10/project/BatchNorm/beta:0, stage2/mobilenet_35/MobilenetV2/expanded_conv_11/expand/weights:0, stage2/mobilenet_35/MobilenetV2/expanded_conv_11/expand/BatchNorm/gamma:0, stage2/mobilenet_35/MobilenetV2/expanded_conv_11/expand/BatchNorm/beta:0, stage2/mobilenet_35/MobilenetV2/expanded_conv_11/depthwise/depthwise_weights:0, stage2/mobilenet_35/MobilenetV2/expanded_conv_11/depthwise/BatchNorm/gamma:0, stage2/mobilenet_35/MobilenetV2/expanded_conv_11/depthwise/BatchNorm/beta:0, stage2/mobilenet_35/MobilenetV2/expanded_conv_11/project/weights:0, stage2/mobilenet_35/MobilenetV2/expanded_conv_11/project/BatchNorm/gamma:0, stage2/mobilenet_35/MobilenetV2/expanded_conv_11/project/BatchNorm/beta:0, stage2/mobilenet_35/MobilenetV2/expanded_conv_12/expand/weights:0, stage2/mobilenet_35/MobilenetV2/expanded_conv_12/expand/BatchNorm/gamma:0, stage2/mobilenet_35/MobilenetV2/expanded_conv_12/expand/BatchNorm/beta:0, stage2/mobilenet_35/MobilenetV2/expanded_conv_12/depthwise/depthwise_weights:0, stage2/mobilenet_35/MobilenetV2/expanded_conv_12/depthwise/BatchNorm/gamma:0, stage2/mobilenet_35/MobilenetV2/expanded_conv_12/depthwise/BatchNorm/beta:0, stage2/mobilenet_35/MobilenetV2/expanded_conv_12/project/weights:0, stage2/mobilenet_35/MobilenetV2/expanded_conv_12/project/BatchNorm/gamma:0, stage2/mobilenet_35/MobilenetV2/expanded_conv_12/project/BatchNorm/beta:0, stage2/mobilenet_35/MobilenetV2/expanded_conv_13/expand/weights:0, stage2/mobilenet_35/MobilenetV2/expanded_conv_13/expand/BatchNorm/gamma:0, stage2/mobilenet_35/MobilenetV2/expanded_conv_13/expand/BatchNorm/beta:0, stage2/mobilenet_35/MobilenetV2/expanded_conv_13/depthwise/depthwise_weights:0, stage2/mobilenet_35/MobilenetV2/expanded_conv_13/depthwise/BatchNorm/gamma:0, stage2/mobilenet_35/MobilenetV2/expanded_conv_13/depthwise/BatchNorm/beta:0, stage2/mobilenet_35/MobilenetV2/expanded_conv_13/project/weights:0, stage2/mobilenet_35/MobilenetV2/expanded_conv_13/project/BatchNorm/gamma:0, stage2/mobilenet_35/MobilenetV2/expanded_conv_13/project/BatchNorm/beta:0, stage2/mobilenet_35/MobilenetV2/expanded_conv_14/expand/weights:0, stage2/mobilenet_35/MobilenetV2/expanded_conv_14/expand/BatchNorm/gamma:0, stage2/mobilenet_35/MobilenetV2/expanded_conv_14/expand/BatchNorm/beta:0, stage2/mobilenet_35/MobilenetV2/expanded_conv_14/depthwise/depthwise_weights:0, stage2/mobilenet_35/MobilenetV2/expanded_conv_14/depthwise/BatchNorm/gamma:0, stage2/mobilenet_35/MobilenetV2/expanded_conv_14/depthwise/BatchNorm/beta:0, stage2/mobilenet_35/MobilenetV2/expanded_conv_14/project/weights:0, stage2/mobilenet_35/MobilenetV2/expanded_conv_14/project/BatchNorm/gamma:0, stage2/mobilenet_35/MobilenetV2/expanded_conv_14/project/BatchNorm/beta:0, stage2/mobilenet_35/MobilenetV2/expanded_conv_15/expand/weights:0, stage2/mobilenet_35/MobilenetV2/expanded_conv_15/expand/BatchNorm/gamma:0, stage2/mobilenet_35/MobilenetV2/expanded_conv_15/expand/BatchNorm/beta:0, stage2/mobilenet_35/MobilenetV2/expanded_conv_15/depthwise/depthwise_weights:0, stage2/mobilenet_35/MobilenetV2/expanded_conv_15/depthwise/BatchNorm/gamma:0, stage2/mobilenet_35/MobilenetV2/expanded_conv_15/depthwise/BatchNorm/beta:0, stage2/mobilenet_35/MobilenetV2/expanded_conv_15/project/weights:0, stage2/mobilenet_35/MobilenetV2/expanded_conv_15/project/BatchNorm/gamma:0, stage2/mobilenet_35/MobilenetV2/expanded_conv_15/project/BatchNorm/beta:0, stage2/mobilenet_35/MobilenetV2/expanded_conv_16/expand/weights:0, stage2/mobilenet_35/MobilenetV2/expanded_conv_16/expand/BatchNorm/gamma:0, stage2/mobilenet_35/MobilenetV2/expanded_conv_16/expand/BatchNorm/beta:0, stage2/mobilenet_35/MobilenetV2/expanded_conv_16/depthwise/depthwise_weights:0, stage2/mobilenet_35/MobilenetV2/expanded_conv_16/depthwise/BatchNorm/gamma:0, stage2/mobilenet_35/MobilenetV2/expanded_conv_16/depthwise/BatchNorm/beta:0, stage2/mobilenet_35/MobilenetV2/expanded_conv_16/project/weights:0, stage2/mobilenet_35/MobilenetV2/expanded_conv_16/project/BatchNorm/gamma:0, stage2/mobilenet_35/MobilenetV2/expanded_conv_16/project/BatchNorm/beta:0, stage2/mobilenet_35/MobilenetV2/Conv_1/weights:0, stage2/mobilenet_35/MobilenetV2/Conv_1/BatchNorm/gamma:0, stage2/mobilenet_35/MobilenetV2/Conv_1/BatchNorm/beta:0, stage2/decode/fc_out/kernel:0, stage2/decode/fc_out/bias:0]
 [33m> Build train operation[0m
    with default `optimizer` = ADAM
    Using optimizer ADAM with learning rate 2.00e-04
    with default `beta1` = 0.9
    416 update operations found in stage1 scope
    416 update operations found in stage2 scope

total graph size: 20.81 MB
    with default `max_to_keep` = 1
    with default `save_checkpoint_steps` = 2000
    [31mWarning:[0m No summaries found in collection "outputs"
    [31mWarning:[0m No summaries found in collection "config"
    saving checkpoint in [36m./run_logs/sdd/mobilenet_100_odgi_512_64/02-21_10-11[0m

Start training:
[33m   Epoch 0: start training stage 2[0m
  > [00:01] Step 1 (epoch 1): loss 1 = 23.64514, loss 2 = 26.88770
  > [00:04] Step 251 (epoch 1): loss 1 = 1.29005, loss 2 = 1.44525
evaluated 635 val images at step 500: map@0.50 = 0.00148 - map@0.75 = 0.00003
  > [00:07] Step 501 (epoch 2): loss 1 = 0.99852, loss 2 = 0.62755
  > [00:10] Step 751 (epoch 3): loss 1 = 0.85776, loss 2 = 0.54413
evaluated 635 val images at step 1000: map@0.50 = 0.00899 - map@0.75 = 0.00076
  > [00:13] Step 1001 (epoch 4): loss 1 = 0.87465, loss 2 = 0.51677
  > [00:16] Step 1251 (epoch 5): loss 1 = 0.77595, loss 2 = 0.51664
evaluated 635 val images at step 1500: map@0.50 = 0.01457 - map@0.75 = 0.00116
  > [00:19] Step 1501 (epoch 6): loss 1 = 0.75027, loss 2 = 0.44766
  > [00:22] Step 1751 (epoch 7): loss 1 = 0.75043, loss 2 = 0.47436
evaluated 635 val images at step 2000: map@0.50 = 0.02765 - map@0.75 = 0.00226
  > [00:26] Step 2001 (epoch 7): loss 1 = 0.79528, loss 2 = 0.45052
  > [00:29] Step 2251 (epoch 8): loss 1 = 0.67781, loss 2 = 0.45505
evaluated 635 val images at step 2500: map@0.50 = 0.05166 - map@0.75 = 0.00517
  > [00:32] Step 2501 (epoch 9): loss 1 = 0.70675, loss 2 = 0.46623
  > [00:35] Step 2751 (epoch 10): loss 1 = 0.74907, loss 2 = 0.45685
evaluated 635 val images at step 3000: map@0.50 = 0.07895 - map@0.75 = 0.00515
  > [00:38] Step 3001 (epoch 11): loss 1 = 0.72199, loss 2 = 0.45436
  > [00:41] Step 3251 (epoch 12): loss 1 = 0.66614, loss 2 = 0.43577
evaluated 635 val images at step 3500: map@0.50 = 0.09169 - map@0.75 = 0.00464
  > [00:44] Step 3501 (epoch 13): loss 1 = 0.65048, loss 2 = 0.42484
  > [00:47] Step 3751 (epoch 14): loss 1 = 0.55330, loss 2 = 0.43554
evaluated 635 val images at step 4000: map@0.50 = 0.10335 - map@0.75 = 0.00780
  > [00:50] Step 4001 (epoch 14): loss 1 = 0.65762, loss 2 = 0.42038
  > [00:53] Step 4251 (epoch 15): loss 1 = 0.65669, loss 2 = 0.44182
evaluated 635 val images at step 4500: map@0.50 = 0.13021 - map@0.75 = 0.00746
  > [00:56] Step 4501 (epoch 16): loss 1 = 0.62160, loss 2 = 0.39455
  > [00:59] Step 4751 (epoch 17): loss 1 = 0.63065, loss 2 = 0.41253
evaluated 635 val images at step 5000: map@0.50 = 0.13972 - map@0.75 = 0.00776
  > [01:02] Step 5001 (epoch 18): loss 1 = 0.58431, loss 2 = 0.39439
  > [01:05] Step 5251 (epoch 19): loss 1 = 0.64891, loss 2 = 0.42606
evaluated 635 val images at step 5500: map@0.50 = 0.14263 - map@0.75 = 0.01168
  > [01:08] Step 5501 (epoch 20): loss 1 = 0.49838, loss 2 = 0.39899
  > [01:11] Step 5751 (epoch 21): loss 1 = 0.54482, loss 2 = 0.39597
evaluated 635 val images at step 6000: map@0.50 = 0.15478 - map@0.75 = 0.01105
  > [01:14] Step 6001 (epoch 21): loss 1 = 0.57054, loss 2 = 0.40941
  > [01:17] Step 6251 (epoch 22): loss 1 = 0.57480, loss 2 = 0.36551
evaluated 635 val images at step 6500: map@0.50 = 0.15429 - map@0.75 = 0.01459
  > [01:20] Step 6501 (epoch 23): loss 1 = 0.49800, loss 2 = 0.40114
  > [01:23] Step 6751 (epoch 24): loss 1 = 0.56578, loss 2 = 0.36749
evaluated 635 val images at step 7000: map@0.50 = 0.17617 - map@0.75 = 0.01450
  > [01:26] Step 7001 (epoch 25): loss 1 = 0.50861, loss 2 = 0.41762
  > [01:29] Step 7251 (epoch 26): loss 1 = 0.50712, loss 2 = 0.41931
evaluated 635 val images at step 7500: map@0.50 = 0.17360 - map@0.75 = 0.01279
  > [01:32] Step 7501 (epoch 27): loss 1 = 0.48120, loss 2 = 0.38709
  > [01:35] Step 7751 (epoch 28): loss 1 = 0.44245, loss 2 = 0.37370
evaluated 635 val images at step 8000: map@0.50 = 0.18260 - map@0.75 = 0.01375
  > [01:38] Step 8001 (epoch 28): loss 1 = 0.45733, loss 2 = 0.42115
  > [01:41] Step 8251 (epoch 29): loss 1 = 0.50106, loss 2 = 0.39267
evaluated 635 val images at step 8500: map@0.50 = 0.18677 - map@0.75 = 0.02005
  > [01:44] Step 8501 (epoch 30): loss 1 = 0.57393, loss 2 = 0.40569
  > [01:47] Step 8751 (epoch 31): loss 1 = 0.48416, loss 2 = 0.39280
evaluated 635 val images at step 9000: map@0.50 = 0.20212 - map@0.75 = 0.01945
  > [01:50] Step 9001 (epoch 32): loss 1 = 0.46783, loss 2 = 0.33837
  > [01:53] Step 9251 (epoch 33): loss 1 = 0.48708, loss 2 = 0.36325
evaluated 635 val images at step 9500: map@0.50 = 0.20160 - map@0.75 = 0.02075
  > [01:56] Step 9501 (epoch 34): loss 1 = 0.46198, loss 2 = 0.37583
  > [01:59] Step 9751 (epoch 35): loss 1 = 0.38121, loss 2 = 0.33911
evaluated 635 val images at step 10000: map@0.50 = 0.20916 - map@0.75 = 0.02144
  > [02:02] Step 10001 (epoch 35): loss 1 = 0.38253, loss 2 = 0.35505
  > [02:05] Step 10251 (epoch 36): loss 1 = 0.41658, loss 2 = 0.36120
evaluated 635 val images at step 10500: map@0.50 = 0.21238 - map@0.75 = 0.02562
  > [02:08] Step 10501 (epoch 37): loss 1 = 0.39468, loss 2 = 0.34947
  > [02:11] Step 10751 (epoch 38): loss 1 = 0.43337, loss 2 = 0.34137
evaluated 635 val images at step 11000: map@0.50 = 0.21759 - map@0.75 = 0.01902
  > [02:15] Step 11001 (epoch 39): loss 1 = 0.39534, loss 2 = 0.38588
  > [02:17] Step 11251 (epoch 40): loss 1 = 0.38677, loss 2 = 0.31228
evaluated 635 val images at step 11500: map@0.50 = 0.21687 - map@0.75 = 0.02106
  > [02:21] Step 11501 (epoch 41): loss 1 = 0.41734, loss 2 = 0.33824
  > [02:24] Step 11751 (epoch 42): loss 1 = 0.41030, loss 2 = 0.35230
evaluated 635 val images at step 12000: map@0.50 = 0.22061 - map@0.75 = 0.02317
  > [02:27] Step 12001 (epoch 42): loss 1 = 0.41016, loss 2 = 0.35513
  > [02:30] Step 12251 (epoch 43): loss 1 = 0.42279, loss 2 = 0.34289
evaluated 635 val images at step 12500: map@0.50 = 0.23574 - map@0.75 = 0.02321
  > [02:33] Step 12501 (epoch 44): loss 1 = 0.38506, loss 2 = 0.33113
  > [02:36] Step 12751 (epoch 45): loss 1 = 0.35354, loss 2 = 0.34516
evaluated 635 val images at step 13000: map@0.50 = 0.24122 - map@0.75 = 0.02007
  > [02:39] Step 13001 (epoch 46): loss 1 = 0.40146, loss 2 = 0.37170
  > [02:42] Step 13251 (epoch 47): loss 1 = 0.39952, loss 2 = 0.37235
evaluated 635 val images at step 13500: map@0.50 = 0.23857 - map@0.75 = 0.01655
  > [02:45] Step 13501 (epoch 48): loss 1 = 0.39576, loss 2 = 0.32813
  > [02:48] Step 13751 (epoch 49): loss 1 = 0.36272, loss 2 = 0.33136
evaluated 635 val images at step 14000: map@0.50 = 0.23965 - map@0.75 = 0.02168
  > [02:51] Step 14001 (epoch 49): loss 1 = 0.38200, loss 2 = 0.36536
  > [02:54] Step 14251 (epoch 50): loss 1 = 0.34376, loss 2 = 0.33820
evaluated 635 val images at step 14500: map@0.50 = 0.23659 - map@0.75 = 0.02431
  > [02:57] Step 14501 (epoch 51): loss 1 = 0.35866, loss 2 = 0.31935
  > [03:00] Step 14751 (epoch 52): loss 1 = 0.33296, loss 2 = 0.31438
evaluated 635 val images at step 15000: map@0.50 = 0.24787 - map@0.75 = 0.02635
  > [03:03] Step 15001 (epoch 53): loss 1 = 0.37428, loss 2 = 0.32084
  > [03:06] Step 15251 (epoch 54): loss 1 = 0.32246, loss 2 = 0.35042
evaluated 635 val images at step 15500: map@0.50 = 0.23383 - map@0.75 = 0.02150
  > [03:09] Step 15501 (epoch 55): loss 1 = 0.35496, loss 2 = 0.35135
  > [03:12] Step 15751 (epoch 56): loss 1 = 0.32072, loss 2 = 0.31536
evaluated 635 val images at step 16000: map@0.50 = 0.24829 - map@0.75 = 0.02271
  > [03:15] Step 16001 (epoch 56): loss 1 = 0.32066, loss 2 = 0.32254
  > [03:18] Step 16251 (epoch 57): loss 1 = 0.41446, loss 2 = 0.35387
evaluated 635 val images at step 16500: map@0.50 = 0.24833 - map@0.75 = 0.02848
  > [03:21] Step 16501 (epoch 58): loss 1 = 0.39369, loss 2 = 0.35611
  > [03:24] Step 16751 (epoch 59): loss 1 = 0.39844, loss 2 = 0.34811
evaluated 635 val images at step 17000: map@0.50 = 0.25263 - map@0.75 = 0.02391
  > [03:27] Step 17001 (epoch 60): loss 1 = 0.32632, loss 2 = 0.38280
  > [03:30] Step 17251 (epoch 61): loss 1 = 0.32805, loss 2 = 0.31733
evaluated 635 val images at step 17500: map@0.50 = 0.25948 - map@0.75 = 0.02479
  > [03:33] Step 17501 (epoch 62): loss 1 = 0.33332, loss 2 = 0.32090
  > [03:36] Step 17751 (epoch 62): loss 1 = 0.36617, loss 2 = 0.38445
evaluated 635 val images at step 18000: map@0.50 = 0.25640 - map@0.75 = 0.02976
  > [03:40] Step 18001 (epoch 63): loss 1 = 0.35676, loss 2 = 0.33165
  > [03:43] Step 18251 (epoch 64): loss 1 = 0.35809, loss 2 = 0.35102
evaluated 635 val images at step 18500: map@0.50 = 0.25805 - map@0.75 = 0.02402
  > [03:46] Step 18501 (epoch 65): loss 1 = 0.36410, loss 2 = 0.34280
  > [03:49] Step 18751 (epoch 66): loss 1 = 0.36093, loss 2 = 0.35700
evaluated 635 val images at step 19000: map@0.50 = 0.26500 - map@0.75 = 0.02554
  > [03:52] Step 19001 (epoch 67): loss 1 = 0.32093, loss 2 = 0.34118
  > [03:55] Step 19251 (epoch 68): loss 1 = 0.32305, loss 2 = 0.34890
evaluated 635 val images at step 19500: map@0.50 = 0.26031 - map@0.75 = 0.02561
  > [03:58] Step 19501 (epoch 69): loss 1 = 0.31447, loss 2 = 0.33216
  > [04:01] Step 19751 (epoch 69): loss 1 = 0.31504, loss 2 = 0.34700
evaluated 635 val images at step 20000: map@0.50 = 0.17585 - map@0.75 = 0.01455
  > [04:04] Step 20001 (epoch 70): loss 1 = 0.38267, loss 2 = 0.35652
  > [04:07] Step 20251 (epoch 71): loss 1 = 0.34220, loss 2 = 0.32575
evaluated 635 val images at step 20500: map@0.50 = 0.26560 - map@0.75 = 0.02386
  > [04:10] Step 20501 (epoch 72): loss 1 = 0.36187, loss 2 = 0.34490
  > [04:13] Step 20751 (epoch 73): loss 1 = 0.34507, loss 2 = 0.34293
evaluated 635 val images at step 21000: map@0.50 = 0.26876 - map@0.75 = 0.02626
  > [04:16] Step 21001 (epoch 74): loss 1 = 0.33511, loss 2 = 0.33189
  > [04:19] Step 21251 (epoch 75): loss 1 = 0.34558, loss 2 = 0.34687
evaluated 635 val images at step 21500: map@0.50 = 0.26180 - map@0.75 = 0.02984
  > [04:22] Step 21501 (epoch 76): loss 1 = 0.32992, loss 2 = 0.34649
  > [04:25] Step 21751 (epoch 76): loss 1 = 0.31862, loss 2 = 0.36023
evaluated 635 val images at step 22000: map@0.50 = 0.27256 - map@0.75 = 0.02965
  > [04:29] Step 22001 (epoch 77): loss 1 = 0.32223, loss 2 = 0.32405
  > [04:31] Step 22251 (epoch 78): loss 1 = 0.30913, loss 2 = 0.29439
evaluated 635 val images at step 22500: map@0.50 = 0.26617 - map@0.75 = 0.02790
  > [04:34] Step 22501 (epoch 79): loss 1 = 0.32230, loss 2 = 0.34601
  > [04:37] Step 22751 (epoch 80): loss 1 = 0.35025, loss 2 = 0.33394
evaluated 635 val images at step 23000: map@0.50 = 0.23867 - map@0.75 = 0.02528
  > [04:41] Step 23001 (epoch 81): loss 1 = 0.31113, loss 2 = 0.33237
  > [04:43] Step 23251 (epoch 82): loss 1 = 0.33414, loss 2 = 0.36578
evaluated 635 val images at step 23500: map@0.50 = 0.26521 - map@0.75 = 0.03099
  > [04:47] Step 23501 (epoch 83): loss 1 = 0.27381, loss 2 = 0.28372
  > [04:49] Step 23751 (epoch 83): loss 1 = 0.29695, loss 2 = 0.32947
evaluated 635 val images at step 24000: map@0.50 = 0.27385 - map@0.75 = 0.02339
  > [04:53] Step 24001 (epoch 84): loss 1 = 0.32129, loss 2 = 0.30476
  > [04:56] Step 24251 (epoch 85): loss 1 = 0.31770, loss 2 = 0.31950
evaluated 635 val images at step 24500: map@0.50 = 0.27240 - map@0.75 = 0.02472
  > [04:59] Step 24501 (epoch 86): loss 1 = 0.32079, loss 2 = 0.36167
  > [05:02] Step 24751 (epoch 87): loss 1 = 0.30127, loss 2 = 0.32262
evaluated 635 val images at step 25000: map@0.50 = 0.25113 - map@0.75 = 0.02236
  > [05:05] Step 25001 (epoch 88): loss 1 = 0.33136, loss 2 = 0.34765
  > [05:08] Step 25251 (epoch 89): loss 1 = 0.35239, loss 2 = 0.32471
evaluated 635 val images at step 25500: map@0.50 = 0.21403 - map@0.75 = 0.01554
  > [05:11] Step 25501 (epoch 90): loss 1 = 0.37461, loss 2 = 0.36676
  > [05:14] Step 25751 (epoch 90): loss 1 = 0.32802, loss 2 = 0.30688
evaluated 635 val images at step 26000: map@0.50 = 0.27374 - map@0.75 = 0.02968
  > [05:17] Step 26001 (epoch 91): loss 1 = 0.31949, loss 2 = 0.34498
  > [05:20] Step 26251 (epoch 92): loss 1 = 0.32758, loss 2 = 0.34264
evaluated 635 val images at step 26500: map@0.50 = 0.26857 - map@0.75 = 0.02688
  > [05:22] Step 26501 (epoch 93): loss 1 = 0.29150, loss 2 = 0.31422
  > [05:25] Step 26751 (epoch 94): loss 1 = 0.40577, loss 2 = 0.32986
evaluated 635 val images at step 27000: map@0.50 = 0.28421 - map@0.75 = 0.03225
  > [05:28] Step 27001 (epoch 95): loss 1 = 0.35090, loss 2 = 0.30049
  > [05:31] Step 27251 (epoch 96): loss 1 = 0.28891, loss 2 = 0.32314
evaluated 635 val images at step 27500: map@0.50 = 0.14537 - map@0.75 = 0.01767
  > [05:34] Step 27501 (epoch 97): loss 1 = 0.28109, loss 2 = 0.32135
  > [05:37] Step 27751 (epoch 97): loss 1 = 0.29083, loss 2 = 0.32665
evaluated 635 val images at step 28000: map@0.50 = 0.26865 - map@0.75 = 0.02815
  > [05:40] Step 28001 (epoch 98): loss 1 = 0.26150, loss 2 = 0.29246
  > [05:43] Step 28251 (epoch 99): loss 1 = 0.27514, loss 2 = 0.30768
evaluated 635 val images at step 28500: map@0.50 = 0.27290 - map@0.75 = 0.02633
  > [05:46] Step 28501 (epoch 100): loss 1 = 0.27289, loss 2 = 0.33915
evaluated 635 val images at step 28634: map@0.50 = 0.27676 - map@0.75 = 0.02672
evaluated 3199 test images at step 28634: map@0.50 = 0.26494 - map@0.75 = 0.03185
