Tensorflow version 1.12.0
Standard detection - sdd, Input size 256

9163 train samples (287 iters per epoch)
651 val samples (21 iters per epoch)
3281 test samples (103 iters per epoch)

Config:
   [96mbatch_size:[0m 8
   [96mdata_classes:[0m ['Biker', 'Bus', 'Car', 'Cart', 'Pedestrian', 'Skater']
   [96mexp_name:[0m sdd
   [96mfeature_keys:[0m ['im_id', 'num_boxes', 'bounding_boxes', 'classes']
   [96mgpu_mem_frac:[0m 1.0
   [96mimage_folder:[0m /nfs/scistore12/chlgrp/aroyer/Datasets/sdd_images/
   [96mimage_format:[0m sdd
   [96mlearning_rate:[0m 0.0002
   [96mnetwork:[0m mobilenet_35
   [96mnum_classes:[0m 6
   [96mnum_epochs:[0m 100
   [96mnum_gpus:[0m 4
   [96msave_evaluation_steps:[0m 500
   [96msave_summaries_steps:[0m None
   [96msetting:[0m sdd
   [96mtest_max_num_bbs:[0m 100
   [96mtest_num_crops:[0m 6
   [96mtest_num_iters_per_epoch:[0m 103
   [96mtest_num_samples:[0m 3281
   [96mtest_num_samples_per_iter:[0m 32
   [96mtest_patch_confidence_threshold:[0m 0.1
   [96mtest_patch_nms_threshold:[0m 0.25
   [96mtest_patch_strong_confidence_threshold:[0m 0.6
   [96mtest_tfrecords:[0m Data/sdd_test
   [96mtrain_max_num_bbs:[0m 100
   [96mtrain_num_crops:[0m 10
   [96mtrain_num_iters_per_epoch:[0m 287
   [96mtrain_num_samples:[0m 9163
   [96mtrain_num_samples_per_iter:[0m 32
   [96mtrain_tfrecords:[0m Data/sdd_train
   [96mval_max_num_bbs:[0m 100
   [96mval_num_iters_per_epoch:[0m 21
   [96mval_num_samples:[0m 651
   [96mval_num_samples_per_iter:[0m 32
   [96mval_tfrecords:[0m Data/sdd_val
   using grid size [8 8]
    with default `base_log_dir` = ./run_logs
    Log directory /nfs/scistore12/chlgrp/aroyer/Jupyter/ODGI/run_logs/sdd/mobilenet_35_standard_256/02-21_10-08

Train Graph:
    with default `num_threads` = 4
    with default `prefetch_capacity` = 1
    with default `with_groups` = False
    with default `with_classification` = False
    with default `shuffle_buffer` = 10000
    with default `data_augmentation_threshold` = 0.5
 [31m> load_inputs[0m
    [32mis_flipped[0m: shape=[8], dtype=<dtype: 'float32'>
    [32mim_id[0m: shape=[8], dtype=<dtype: 'int32'>
    [32mbounding_boxes[0m: shape=[8, 100, 4], dtype=<dtype: 'float32'>
    [32mobj_i_mask_bbs[0m: shape=[8, 8, 8, 1, 100], dtype=<dtype: 'float32'>
    [32mimage[0m: shape=[8, 256, 256, 3], dtype=<dtype: 'float32'>
    [32mnum_boxes[0m: shape=[8], dtype=<dtype: 'int32'>
 [31m> mobilenet_35[0m
    with default `num_boxes` = 1
    with default `with_classification` = False
    Output layer shape *(8, 8, 8, 1, 5)*
    [32mlog_scales[0m: shape=[8, 8, 8, 1, 2], dtype=<dtype: 'float32'>
    [32mshifted_centers[0m: shape=[8, 8, 8, 1, 2], dtype=<dtype: 'float32'>
    [32mconfidence_scores[0m: shape=[8, 8, 8, 1, 1], dtype=<dtype: 'float32'>
    [32mbounding_boxes[0m: shape=[8, 8, 8, 1, 4], dtype=<dtype: 'float32'>
    [32mdetection_scores[0m: shape=[8, 8, 8, 1, 1], dtype=<dtype: 'float32'>
 [31m> Collecting losses[0m
    with default `centers_localization_loss_weight` = 1.0
    with default `scales_localization_loss_weight` = 1.0
    with default `confidence_loss_weight` = 5.0
    with default `noobj_confidence_loss_weight` = 1.0
 > [33min global scope:[0m
     35 regularization losses found
     *net_confidence_noobj_loss*: 4 tensors
     *net_classification_loss*: 4 tensors
     *net_centers_localization_loss*: 4 tensors
     *net_scales_localization_loss*: 4 tensors
     *net_confidence_obj_loss*: 4 tensors
     Trainable variables: [mobilenet_35/MobilenetV2/Conv/weights:0, mobilenet_35/MobilenetV2/Conv/BatchNorm/gamma:0, mobilenet_35/MobilenetV2/Conv/BatchNorm/beta:0, mobilenet_35/MobilenetV2/expanded_conv/depthwise/depthwise_weights:0, mobilenet_35/MobilenetV2/expanded_conv/depthwise/BatchNorm/gamma:0, mobilenet_35/MobilenetV2/expanded_conv/depthwise/BatchNorm/beta:0, mobilenet_35/MobilenetV2/expanded_conv/project/weights:0, mobilenet_35/MobilenetV2/expanded_conv/project/BatchNorm/gamma:0, mobilenet_35/MobilenetV2/expanded_conv/project/BatchNorm/beta:0, mobilenet_35/MobilenetV2/expanded_conv_1/expand/weights:0, mobilenet_35/MobilenetV2/expanded_conv_1/expand/BatchNorm/gamma:0, mobilenet_35/MobilenetV2/expanded_conv_1/expand/BatchNorm/beta:0, mobilenet_35/MobilenetV2/expanded_conv_1/depthwise/depthwise_weights:0, mobilenet_35/MobilenetV2/expanded_conv_1/depthwise/BatchNorm/gamma:0, mobilenet_35/MobilenetV2/expanded_conv_1/depthwise/BatchNorm/beta:0, mobilenet_35/MobilenetV2/expanded_conv_1/project/weights:0, mobilenet_35/MobilenetV2/expanded_conv_1/project/BatchNorm/gamma:0, mobilenet_35/MobilenetV2/expanded_conv_1/project/BatchNorm/beta:0, mobilenet_35/MobilenetV2/expanded_conv_2/expand/weights:0, mobilenet_35/MobilenetV2/expanded_conv_2/expand/BatchNorm/gamma:0, mobilenet_35/MobilenetV2/expanded_conv_2/expand/BatchNorm/beta:0, mobilenet_35/MobilenetV2/expanded_conv_2/depthwise/depthwise_weights:0, mobilenet_35/MobilenetV2/expanded_conv_2/depthwise/BatchNorm/gamma:0, mobilenet_35/MobilenetV2/expanded_conv_2/depthwise/BatchNorm/beta:0, mobilenet_35/MobilenetV2/expanded_conv_2/project/weights:0, mobilenet_35/MobilenetV2/expanded_conv_2/project/BatchNorm/gamma:0, mobilenet_35/MobilenetV2/expanded_conv_2/project/BatchNorm/beta:0, mobilenet_35/MobilenetV2/expanded_conv_3/expand/weights:0, mobilenet_35/MobilenetV2/expanded_conv_3/expand/BatchNorm/gamma:0, mobilenet_35/MobilenetV2/expanded_conv_3/expand/BatchNorm/beta:0, mobilenet_35/MobilenetV2/expanded_conv_3/depthwise/depthwise_weights:0, mobilenet_35/MobilenetV2/expanded_conv_3/depthwise/BatchNorm/gamma:0, mobilenet_35/MobilenetV2/expanded_conv_3/depthwise/BatchNorm/beta:0, mobilenet_35/MobilenetV2/expanded_conv_3/project/weights:0, mobilenet_35/MobilenetV2/expanded_conv_3/project/BatchNorm/gamma:0, mobilenet_35/MobilenetV2/expanded_conv_3/project/BatchNorm/beta:0, mobilenet_35/MobilenetV2/expanded_conv_4/expand/weights:0, mobilenet_35/MobilenetV2/expanded_conv_4/expand/BatchNorm/gamma:0, mobilenet_35/MobilenetV2/expanded_conv_4/expand/BatchNorm/beta:0, mobilenet_35/MobilenetV2/expanded_conv_4/depthwise/depthwise_weights:0, mobilenet_35/MobilenetV2/expanded_conv_4/depthwise/BatchNorm/gamma:0, mobilenet_35/MobilenetV2/expanded_conv_4/depthwise/BatchNorm/beta:0, mobilenet_35/MobilenetV2/expanded_conv_4/project/weights:0, mobilenet_35/MobilenetV2/expanded_conv_4/project/BatchNorm/gamma:0, mobilenet_35/MobilenetV2/expanded_conv_4/project/BatchNorm/beta:0, mobilenet_35/MobilenetV2/expanded_conv_5/expand/weights:0, mobilenet_35/MobilenetV2/expanded_conv_5/expand/BatchNorm/gamma:0, mobilenet_35/MobilenetV2/expanded_conv_5/expand/BatchNorm/beta:0, mobilenet_35/MobilenetV2/expanded_conv_5/depthwise/depthwise_weights:0, mobilenet_35/MobilenetV2/expanded_conv_5/depthwise/BatchNorm/gamma:0, mobilenet_35/MobilenetV2/expanded_conv_5/depthwise/BatchNorm/beta:0, mobilenet_35/MobilenetV2/expanded_conv_5/project/weights:0, mobilenet_35/MobilenetV2/expanded_conv_5/project/BatchNorm/gamma:0, mobilenet_35/MobilenetV2/expanded_conv_5/project/BatchNorm/beta:0, mobilenet_35/MobilenetV2/expanded_conv_6/expand/weights:0, mobilenet_35/MobilenetV2/expanded_conv_6/expand/BatchNorm/gamma:0, mobilenet_35/MobilenetV2/expanded_conv_6/expand/BatchNorm/beta:0, mobilenet_35/MobilenetV2/expanded_conv_6/depthwise/depthwise_weights:0, mobilenet_35/MobilenetV2/expanded_conv_6/depthwise/BatchNorm/gamma:0, mobilenet_35/MobilenetV2/expanded_conv_6/depthwise/BatchNorm/beta:0, mobilenet_35/MobilenetV2/expanded_conv_6/project/weights:0, mobilenet_35/MobilenetV2/expanded_conv_6/project/BatchNorm/gamma:0, mobilenet_35/MobilenetV2/expanded_conv_6/project/BatchNorm/beta:0, mobilenet_35/MobilenetV2/expanded_conv_7/expand/weights:0, mobilenet_35/MobilenetV2/expanded_conv_7/expand/BatchNorm/gamma:0, mobilenet_35/MobilenetV2/expanded_conv_7/expand/BatchNorm/beta:0, mobilenet_35/MobilenetV2/expanded_conv_7/depthwise/depthwise_weights:0, mobilenet_35/MobilenetV2/expanded_conv_7/depthwise/BatchNorm/gamma:0, mobilenet_35/MobilenetV2/expanded_conv_7/depthwise/BatchNorm/beta:0, mobilenet_35/MobilenetV2/expanded_conv_7/project/weights:0, mobilenet_35/MobilenetV2/expanded_conv_7/project/BatchNorm/gamma:0, mobilenet_35/MobilenetV2/expanded_conv_7/project/BatchNorm/beta:0, mobilenet_35/MobilenetV2/expanded_conv_8/expand/weights:0, mobilenet_35/MobilenetV2/expanded_conv_8/expand/BatchNorm/gamma:0, mobilenet_35/MobilenetV2/expanded_conv_8/expand/BatchNorm/beta:0, mobilenet_35/MobilenetV2/expanded_conv_8/depthwise/depthwise_weights:0, mobilenet_35/MobilenetV2/expanded_conv_8/depthwise/BatchNorm/gamma:0, mobilenet_35/MobilenetV2/expanded_conv_8/depthwise/BatchNorm/beta:0, mobilenet_35/MobilenetV2/expanded_conv_8/project/weights:0, mobilenet_35/MobilenetV2/expanded_conv_8/project/BatchNorm/gamma:0, mobilenet_35/MobilenetV2/expanded_conv_8/project/BatchNorm/beta:0, mobilenet_35/MobilenetV2/expanded_conv_9/expand/weights:0, mobilenet_35/MobilenetV2/expanded_conv_9/expand/BatchNorm/gamma:0, mobilenet_35/MobilenetV2/expanded_conv_9/expand/BatchNorm/beta:0, mobilenet_35/MobilenetV2/expanded_conv_9/depthwise/depthwise_weights:0, mobilenet_35/MobilenetV2/expanded_conv_9/depthwise/BatchNorm/gamma:0, mobilenet_35/MobilenetV2/expanded_conv_9/depthwise/BatchNorm/beta:0, mobilenet_35/MobilenetV2/expanded_conv_9/project/weights:0, mobilenet_35/MobilenetV2/expanded_conv_9/project/BatchNorm/gamma:0, mobilenet_35/MobilenetV2/expanded_conv_9/project/BatchNorm/beta:0, mobilenet_35/MobilenetV2/expanded_conv_10/expand/weights:0, mobilenet_35/MobilenetV2/expanded_conv_10/expand/BatchNorm/gamma:0, mobilenet_35/MobilenetV2/expanded_conv_10/expand/BatchNorm/beta:0, mobilenet_35/MobilenetV2/expanded_conv_10/depthwise/depthwise_weights:0, mobilenet_35/MobilenetV2/expanded_conv_10/depthwise/BatchNorm/gamma:0, mobilenet_35/MobilenetV2/expanded_conv_10/depthwise/BatchNorm/beta:0, mobilenet_35/MobilenetV2/expanded_conv_10/project/weights:0, mobilenet_35/MobilenetV2/expanded_conv_10/project/BatchNorm/gamma:0, mobilenet_35/MobilenetV2/expanded_conv_10/project/BatchNorm/beta:0, mobilenet_35/MobilenetV2/expanded_conv_11/expand/weights:0, mobilenet_35/MobilenetV2/expanded_conv_11/expand/BatchNorm/gamma:0, mobilenet_35/MobilenetV2/expanded_conv_11/expand/BatchNorm/beta:0, mobilenet_35/MobilenetV2/expanded_conv_11/depthwise/depthwise_weights:0, mobilenet_35/MobilenetV2/expanded_conv_11/depthwise/BatchNorm/gamma:0, mobilenet_35/MobilenetV2/expanded_conv_11/depthwise/BatchNorm/beta:0, mobilenet_35/MobilenetV2/expanded_conv_11/project/weights:0, mobilenet_35/MobilenetV2/expanded_conv_11/project/BatchNorm/gamma:0, mobilenet_35/MobilenetV2/expanded_conv_11/project/BatchNorm/beta:0, mobilenet_35/MobilenetV2/expanded_conv_12/expand/weights:0, mobilenet_35/MobilenetV2/expanded_conv_12/expand/BatchNorm/gamma:0, mobilenet_35/MobilenetV2/expanded_conv_12/expand/BatchNorm/beta:0, mobilenet_35/MobilenetV2/expanded_conv_12/depthwise/depthwise_weights:0, mobilenet_35/MobilenetV2/expanded_conv_12/depthwise/BatchNorm/gamma:0, mobilenet_35/MobilenetV2/expanded_conv_12/depthwise/BatchNorm/beta:0, mobilenet_35/MobilenetV2/expanded_conv_12/project/weights:0, mobilenet_35/MobilenetV2/expanded_conv_12/project/BatchNorm/gamma:0, mobilenet_35/MobilenetV2/expanded_conv_12/project/BatchNorm/beta:0, mobilenet_35/MobilenetV2/expanded_conv_13/expand/weights:0, mobilenet_35/MobilenetV2/expanded_conv_13/expand/BatchNorm/gamma:0, mobilenet_35/MobilenetV2/expanded_conv_13/expand/BatchNorm/beta:0, mobilenet_35/MobilenetV2/expanded_conv_13/depthwise/depthwise_weights:0, mobilenet_35/MobilenetV2/expanded_conv_13/depthwise/BatchNorm/gamma:0, mobilenet_35/MobilenetV2/expanded_conv_13/depthwise/BatchNorm/beta:0, mobilenet_35/MobilenetV2/expanded_conv_13/project/weights:0, mobilenet_35/MobilenetV2/expanded_conv_13/project/BatchNorm/gamma:0, mobilenet_35/MobilenetV2/expanded_conv_13/project/BatchNorm/beta:0, mobilenet_35/MobilenetV2/expanded_conv_14/expand/weights:0, mobilenet_35/MobilenetV2/expanded_conv_14/expand/BatchNorm/gamma:0, mobilenet_35/MobilenetV2/expanded_conv_14/expand/BatchNorm/beta:0, mobilenet_35/MobilenetV2/expanded_conv_14/depthwise/depthwise_weights:0, mobilenet_35/MobilenetV2/expanded_conv_14/depthwise/BatchNorm/gamma:0, mobilenet_35/MobilenetV2/expanded_conv_14/depthwise/BatchNorm/beta:0, mobilenet_35/MobilenetV2/expanded_conv_14/project/weights:0, mobilenet_35/MobilenetV2/expanded_conv_14/project/BatchNorm/gamma:0, mobilenet_35/MobilenetV2/expanded_conv_14/project/BatchNorm/beta:0, mobilenet_35/MobilenetV2/expanded_conv_15/expand/weights:0, mobilenet_35/MobilenetV2/expanded_conv_15/expand/BatchNorm/gamma:0, mobilenet_35/MobilenetV2/expanded_conv_15/expand/BatchNorm/beta:0, mobilenet_35/MobilenetV2/expanded_conv_15/depthwise/depthwise_weights:0, mobilenet_35/MobilenetV2/expanded_conv_15/depthwise/BatchNorm/gamma:0, mobilenet_35/MobilenetV2/expanded_conv_15/depthwise/BatchNorm/beta:0, mobilenet_35/MobilenetV2/expanded_conv_15/project/weights:0, mobilenet_35/MobilenetV2/expanded_conv_15/project/BatchNorm/gamma:0, mobilenet_35/MobilenetV2/expanded_conv_15/project/BatchNorm/beta:0, mobilenet_35/MobilenetV2/expanded_conv_16/expand/weights:0, mobilenet_35/MobilenetV2/expanded_conv_16/expand/BatchNorm/gamma:0, mobilenet_35/MobilenetV2/expanded_conv_16/expand/BatchNorm/beta:0, mobilenet_35/MobilenetV2/expanded_conv_16/depthwise/depthwise_weights:0, mobilenet_35/MobilenetV2/expanded_conv_16/depthwise/BatchNorm/gamma:0, mobilenet_35/MobilenetV2/expanded_conv_16/depthwise/BatchNorm/beta:0, mobilenet_35/MobilenetV2/expanded_conv_16/project/weights:0, mobilenet_35/MobilenetV2/expanded_conv_16/project/BatchNorm/gamma:0, mobilenet_35/MobilenetV2/expanded_conv_16/project/BatchNorm/beta:0, mobilenet_35/MobilenetV2/Conv_1/weights:0, mobilenet_35/MobilenetV2/Conv_1/BatchNorm/gamma:0, mobilenet_35/MobilenetV2/Conv_1/BatchNorm/beta:0, decode/fc_out/kernel:0, decode/fc_out/bias:0]

Train op:
 [33m> Build train operation[0m
    with default `optimizer` = ADAM
    Using optimizer ADAM with learning rate 2.00e-04
    with default `beta1` = 0.9
    416 update operations found in global scope

total graph size: 9.21 MB
    with default `max_to_keep` = 1
    with default `save_checkpoint_steps` = 2000
    [31mWarning:[0m No summaries found in collection "outputs"
    [31mWarning:[0m No summaries found in collection "config"
    saving checkpoint in [36m./run_logs/sdd/mobilenet_35_standard_256/02-21_10-08[0m

Start training:
  > [00:00] Step 1 (epoch 1): loss = 19.94195
  > [00:02] Step 251 (epoch 1): loss = 0.64797
evaluated 635 val images at step 500: map@0.50 = 0.00143 - map@0.75 = 0.00012
  > [00:04] Step 501 (epoch 2): loss = 0.44722
  > [00:06] Step 751 (epoch 3): loss = 0.39919
evaluated 635 val images at step 1000: map@0.50 = 0.00245 - map@0.75 = 0.00016
  > [00:07] Step 1001 (epoch 4): loss = 0.35898
  > [00:09] Step 1251 (epoch 5): loss = 0.36478
evaluated 635 val images at step 1500: map@0.50 = 0.00328 - map@0.75 = 0.00016
  > [00:11] Step 1501 (epoch 6): loss = 0.32715
  > [00:13] Step 1751 (epoch 7): loss = 0.33522
evaluated 635 val images at step 2000: map@0.50 = 0.00275 - map@0.75 = 0.00004
  > [00:15] Step 2001 (epoch 7): loss = 0.32198
  > [00:16] Step 2251 (epoch 8): loss = 0.32419
evaluated 635 val images at step 2500: map@0.50 = 0.00290 - map@0.75 = 0.00061
  > [00:18] Step 2501 (epoch 9): loss = 0.29223
  > [00:20] Step 2751 (epoch 10): loss = 0.31645
evaluated 635 val images at step 3000: map@0.50 = 0.00491 - map@0.75 = 0.00015
  > [00:22] Step 3001 (epoch 11): loss = 0.31232
  > [00:24] Step 3251 (epoch 12): loss = 0.29757
evaluated 635 val images at step 3500: map@0.50 = 0.00604 - map@0.75 = 0.00013
  > [00:26] Step 3501 (epoch 13): loss = 0.28356
  > [00:27] Step 3751 (epoch 14): loss = 0.26981
evaluated 635 val images at step 4000: map@0.50 = 0.00822 - map@0.75 = 0.00098
  > [00:30] Step 4001 (epoch 14): loss = 0.29183
  > [00:31] Step 4251 (epoch 15): loss = 0.30756
evaluated 635 val images at step 4500: map@0.50 = 0.00897 - map@0.75 = 0.00166
  > [00:33] Step 4501 (epoch 16): loss = 0.29735
  > [00:35] Step 4751 (epoch 17): loss = 0.27146
evaluated 635 val images at step 5000: map@0.50 = 0.01103 - map@0.75 = 0.00034
  > [00:37] Step 5001 (epoch 18): loss = 0.29577
  > [00:39] Step 5251 (epoch 19): loss = 0.29477
evaluated 635 val images at step 5500: map@0.50 = 0.01171 - map@0.75 = 0.00037
  > [00:41] Step 5501 (epoch 20): loss = 0.28324
  > [00:42] Step 5751 (epoch 21): loss = 0.31590
evaluated 635 val images at step 6000: map@0.50 = 0.01300 - map@0.75 = 0.00055
  > [00:44] Step 6001 (epoch 21): loss = 0.26993
  > [00:46] Step 6251 (epoch 22): loss = 0.27986
evaluated 635 val images at step 6500: map@0.50 = 0.01740 - map@0.75 = 0.00059
  > [00:48] Step 6501 (epoch 23): loss = 0.28572
  > [00:50] Step 6751 (epoch 24): loss = 0.28918
evaluated 635 val images at step 7000: map@0.50 = 0.01742 - map@0.75 = 0.00171
  > [00:52] Step 7001 (epoch 25): loss = 0.27592
  > [00:53] Step 7251 (epoch 26): loss = 0.30480
evaluated 635 val images at step 7500: map@0.50 = 0.01884 - map@0.75 = 0.00149
  > [00:55] Step 7501 (epoch 27): loss = 0.26443
  > [00:57] Step 7751 (epoch 28): loss = 0.28674
evaluated 635 val images at step 8000: map@0.50 = 0.01915 - map@0.75 = 0.00073
  > [00:59] Step 8001 (epoch 28): loss = 0.28533
  > [01:01] Step 8251 (epoch 29): loss = 0.28391
evaluated 635 val images at step 8500: map@0.50 = 0.02077 - map@0.75 = 0.00194
  > [01:03] Step 8501 (epoch 30): loss = 0.28418
  > [01:04] Step 8751 (epoch 31): loss = 0.26414
evaluated 635 val images at step 9000: map@0.50 = 0.02353 - map@0.75 = 0.00441
  > [01:06] Step 9001 (epoch 32): loss = 0.26625
  > [01:08] Step 9251 (epoch 33): loss = 0.29135
evaluated 635 val images at step 9500: map@0.50 = 0.02265 - map@0.75 = 0.00112
  > [01:10] Step 9501 (epoch 34): loss = 0.29865
  > [01:12] Step 9751 (epoch 35): loss = 0.30780
evaluated 635 val images at step 10000: map@0.50 = 0.02316 - map@0.75 = 0.00131
  > [01:14] Step 10001 (epoch 35): loss = 0.28043
  > [01:15] Step 10251 (epoch 36): loss = 0.26983
evaluated 635 val images at step 10500: map@0.50 = 0.02855 - map@0.75 = 0.00203
  > [01:17] Step 10501 (epoch 37): loss = 0.27317
  > [01:19] Step 10751 (epoch 38): loss = 0.26060
evaluated 635 val images at step 11000: map@0.50 = 0.03107 - map@0.75 = 0.00135
  > [01:21] Step 11001 (epoch 39): loss = 0.29601
  > [01:23] Step 11251 (epoch 40): loss = 0.26744
evaluated 635 val images at step 11500: map@0.50 = 0.03441 - map@0.75 = 0.00158
  > [01:25] Step 11501 (epoch 41): loss = 0.28515
  > [01:26] Step 11751 (epoch 42): loss = 0.28455
evaluated 635 val images at step 12000: map@0.50 = 0.03506 - map@0.75 = 0.00159
  > [01:28] Step 12001 (epoch 42): loss = 0.30222
  > [01:30] Step 12251 (epoch 43): loss = 0.28770
evaluated 635 val images at step 12500: map@0.50 = 0.03033 - map@0.75 = 0.00247
  > [01:32] Step 12501 (epoch 44): loss = 0.27667
  > [01:34] Step 12751 (epoch 45): loss = 0.24974
evaluated 635 val images at step 13000: map@0.50 = 0.04298 - map@0.75 = 0.00490
  > [01:35] Step 13001 (epoch 46): loss = 0.26761
  > [01:37] Step 13251 (epoch 47): loss = 0.24740
evaluated 635 val images at step 13500: map@0.50 = 0.03689 - map@0.75 = 0.00215
  > [01:39] Step 13501 (epoch 48): loss = 0.29331
  > [01:41] Step 13751 (epoch 49): loss = 0.25643
evaluated 635 val images at step 14000: map@0.50 = 0.04318 - map@0.75 = 0.00526
  > [01:43] Step 14001 (epoch 49): loss = 0.26252
  > [01:45] Step 14251 (epoch 50): loss = 0.32794
evaluated 635 val images at step 14500: map@0.50 = 0.04668 - map@0.75 = 0.00368
  > [01:46] Step 14501 (epoch 51): loss = 0.30624
  > [01:48] Step 14751 (epoch 52): loss = 0.26367
evaluated 635 val images at step 15000: map@0.50 = 0.04812 - map@0.75 = 0.00409
  > [01:50] Step 15001 (epoch 53): loss = 0.24527
  > [01:52] Step 15251 (epoch 54): loss = 0.24761
evaluated 635 val images at step 15500: map@0.50 = 0.05308 - map@0.75 = 0.00547
  > [01:54] Step 15501 (epoch 55): loss = 0.27976
  > [01:56] Step 15751 (epoch 56): loss = 0.27261
evaluated 635 val images at step 16000: map@0.50 = 0.04515 - map@0.75 = 0.00464
  > [01:58] Step 16001 (epoch 56): loss = 0.24382
  > [01:59] Step 16251 (epoch 57): loss = 0.26755
evaluated 635 val images at step 16500: map@0.50 = 0.04881 - map@0.75 = 0.00523
  > [02:01] Step 16501 (epoch 58): loss = 0.26655
  > [02:03] Step 16751 (epoch 59): loss = 0.26050
evaluated 635 val images at step 17000: map@0.50 = 0.04893 - map@0.75 = 0.00503
  > [02:05] Step 17001 (epoch 60): loss = 0.28992
  > [02:07] Step 17251 (epoch 61): loss = 0.28710
evaluated 635 val images at step 17500: map@0.50 = 0.04371 - map@0.75 = 0.00434
  > [02:08] Step 17501 (epoch 62): loss = 0.27982
  > [02:10] Step 17751 (epoch 62): loss = 0.26229
evaluated 635 val images at step 18000: map@0.50 = 0.04881 - map@0.75 = 0.00544
  > [02:12] Step 18001 (epoch 63): loss = 0.28458
  > [02:14] Step 18251 (epoch 64): loss = 0.26768
evaluated 635 val images at step 18500: map@0.50 = 0.04928 - map@0.75 = 0.00467
  > [02:16] Step 18501 (epoch 65): loss = 0.26545
  > [02:18] Step 18751 (epoch 66): loss = 0.26275
evaluated 635 val images at step 19000: map@0.50 = 0.04978 - map@0.75 = 0.00402
  > [02:19] Step 19001 (epoch 67): loss = 0.27015
  > [02:21] Step 19251 (epoch 68): loss = 0.29402
evaluated 635 val images at step 19500: map@0.50 = 0.05124 - map@0.75 = 0.00512
  > [02:23] Step 19501 (epoch 69): loss = 0.25826
  > [02:25] Step 19751 (epoch 69): loss = 0.24769
evaluated 635 val images at step 20000: map@0.50 = 0.05059 - map@0.75 = 0.00346
  > [02:27] Step 20001 (epoch 70): loss = 0.25891
  > [02:29] Step 20251 (epoch 71): loss = 0.28116
evaluated 635 val images at step 20500: map@0.50 = 0.05822 - map@0.75 = 0.00447
  > [02:30] Step 20501 (epoch 72): loss = 0.26794
  > [02:32] Step 20751 (epoch 73): loss = 0.26521
evaluated 635 val images at step 21000: map@0.50 = 0.05518 - map@0.75 = 0.00611
  > [02:34] Step 21001 (epoch 74): loss = 0.26719
  > [02:36] Step 21251 (epoch 75): loss = 0.26992
evaluated 635 val images at step 21500: map@0.50 = 0.06933 - map@0.75 = 0.00718
  > [02:38] Step 21501 (epoch 76): loss = 0.26483
  > [02:39] Step 21751 (epoch 76): loss = 0.27467
evaluated 635 val images at step 22000: map@0.50 = 0.05561 - map@0.75 = 0.00521
  > [02:41] Step 22001 (epoch 77): loss = 0.27692
  > [02:43] Step 22251 (epoch 78): loss = 0.28342
evaluated 635 val images at step 22500: map@0.50 = 0.05924 - map@0.75 = 0.00493
  > [02:45] Step 22501 (epoch 79): loss = 0.26809
  > [02:47] Step 22751 (epoch 80): loss = 0.28451
evaluated 635 val images at step 23000: map@0.50 = 0.05905 - map@0.75 = 0.00675
  > [02:49] Step 23001 (epoch 81): loss = 0.26444
  > [02:50] Step 23251 (epoch 82): loss = 0.24784
evaluated 635 val images at step 23500: map@0.50 = 0.05743 - map@0.75 = 0.00757
  > [02:52] Step 23501 (epoch 83): loss = 0.26991
  > [02:54] Step 23751 (epoch 83): loss = 0.25324
evaluated 635 val images at step 24000: map@0.50 = 0.06459 - map@0.75 = 0.00642
  > [02:56] Step 24001 (epoch 84): loss = 0.26465
  > [02:58] Step 24251 (epoch 85): loss = 0.24788
evaluated 635 val images at step 24500: map@0.50 = 0.05975 - map@0.75 = 0.00762
  > [03:00] Step 24501 (epoch 86): loss = 0.24914
  > [03:01] Step 24751 (epoch 87): loss = 0.26431
evaluated 635 val images at step 25000: map@0.50 = 0.07003 - map@0.75 = 0.00589
  > [03:03] Step 25001 (epoch 88): loss = 0.26136
  > [03:05] Step 25251 (epoch 89): loss = 0.28485
evaluated 635 val images at step 25500: map@0.50 = 0.06798 - map@0.75 = 0.00906
  > [03:07] Step 25501 (epoch 90): loss = 0.26549
  > [03:09] Step 25751 (epoch 90): loss = 0.26201
evaluated 635 val images at step 26000: map@0.50 = 0.07242 - map@0.75 = 0.00992
  > [03:11] Step 26001 (epoch 91): loss = 0.26602
  > [03:12] Step 26251 (epoch 92): loss = 0.23977
evaluated 635 val images at step 26500: map@0.50 = 0.07023 - map@0.75 = 0.00791
  > [03:14] Step 26501 (epoch 93): loss = 0.25414
  > [03:16] Step 26751 (epoch 94): loss = 0.23909
evaluated 635 val images at step 27000: map@0.50 = 0.07436 - map@0.75 = 0.00552
  > [03:18] Step 27001 (epoch 95): loss = 0.27431
  > [03:20] Step 27251 (epoch 96): loss = 0.26570
evaluated 635 val images at step 27500: map@0.50 = 0.06821 - map@0.75 = 0.00661
  > [03:22] Step 27501 (epoch 97): loss = 0.24025
  > [03:23] Step 27751 (epoch 97): loss = 0.28323
evaluated 635 val images at step 28000: map@0.50 = 0.06511 - map@0.75 = 0.00812
  > [03:25] Step 28001 (epoch 98): loss = 0.25702
  > [03:27] Step 28251 (epoch 99): loss = 0.27563
evaluated 635 val images at step 28500: map@0.50 = 0.06800 - map@0.75 = 0.00683
  > [03:29] Step 28501 (epoch 100): loss = 0.25316
evaluated 635 val images at step 28634: map@0.50 = 0.07335 - map@0.75 = 0.00566
evaluated 3199 test images at step 28634: map@0.50 = 0.06650 - map@0.75 = 0.00654
