Tensorflow version 1.12.0
ODGI mobilenet_35 - mobilenet_35, Input size 512 - 64

9163 train samples (287 iters per epoch)
651 val samples (21 iters per epoch)
3281 test samples (103 iters per epoch)

Config:
   [96mbatch_size:[0m 8
   [96mdata_classes:[0m ['Biker', 'Bus', 'Car', 'Cart', 'Pedestrian', 'Skater']
   [96mexp_name:[0m sdd
   [96mfeature_keys:[0m ['im_id', 'num_boxes', 'bounding_boxes', 'classes']
   [96mgpu_mem_frac:[0m 1.0
   [96mimage_folder:[0m /nfs/scistore12/chlgrp/aroyer/Datasets/sdd_images/
   [96mimage_format:[0m sdd
   [96mlearning_rate:[0m 0.0002
   [96mnetwork:[0m mobilenet_35
   [96mnum_classes:[0m 6
   [96mnum_epochs:[0m 100
   [96mnum_gpus:[0m 4
   [96msave_evaluation_steps:[0m 500
   [96msave_summaries_steps:[0m None
   [96msetting:[0m sdd
   [96mtest_max_num_bbs:[0m 100
   [96mtest_num_crops:[0m 6
   [96mtest_num_iters_per_epoch:[0m 103
   [96mtest_num_samples:[0m 3281
   [96mtest_num_samples_per_iter:[0m 32
   [96mtest_patch_confidence_threshold:[0m 0.1
   [96mtest_patch_nms_threshold:[0m 0.25
   [96mtest_patch_strong_confidence_threshold:[0m 0.6
   [96mtest_tfrecords:[0m Data/sdd_test
   [96mtrain_max_num_bbs:[0m 100
   [96mtrain_num_crops:[0m 10
   [96mtrain_num_iters_per_epoch:[0m 287
   [96mtrain_num_samples:[0m 9163
   [96mtrain_num_samples_per_iter:[0m 32
   [96mtrain_tfrecords:[0m Data/sdd_train
   [96mval_max_num_bbs:[0m 100
   [96mval_num_iters_per_epoch:[0m 21
   [96mval_num_samples:[0m 651
   [96mval_num_samples_per_iter:[0m 32
   [96mval_tfrecords:[0m Data/sdd_val
    with default `base_log_dir` = ./run_logs
    Log directory /nfs/scistore12/chlgrp/aroyer/Jupyter/ODGI/run_logs/sdd/mobilenet_35_odgi_512_64/02-21_10-11
   using grid size [16 16]
   using grid size [2 2]

Train Graph:
    with default `num_threads` = 4
    with default `prefetch_capacity` = 1
    with default `with_classification` = False
    with default `shuffle_buffer` = 10000
    with default `data_augmentation_threshold` = 0.5
 [31m> load_inputs[0m
    [32mnum_boxes[0m: shape=[8], dtype=<dtype: 'int32'>
    [32mim_id[0m: shape=[8], dtype=<dtype: 'int32'>
    [32mgroup_flags[0m: shape=[8, 16, 16, 1, 1], dtype=<dtype: 'float32'>
    [32mnum_group_boxes[0m: shape=[8], dtype=<dtype: 'int32'>
    [32mgroup_bounding_boxes_per_cell[0m: shape=[8, 16, 16, 1, 4], dtype=<dtype: 'float32'>
    [32mimage[0m: shape=[8, 512, 512, 3], dtype=<dtype: 'float32'>
    [32mobj_i_mask_bbs[0m: shape=[8, 16, 16, 1, 100], dtype=<dtype: 'float32'>
    [32mis_flipped[0m: shape=[8], dtype=<dtype: 'float32'>
    [32mbounding_boxes[0m: shape=[8, 100, 4], dtype=<dtype: 'float32'>
 [33m> stage1/mobilenet_35[0m
    with default `with_classification` = False
    Output layer shape *(8, 16, 16, 1, 8)*
    [32moffsets[0m: shape=[8, 16, 16, 1, 2], dtype=<dtype: 'float32'>
    [32mdetection_scores[0m: shape=[8, 16, 16, 1, 1], dtype=<dtype: 'float32'>
    [32mshifted_centers[0m: shape=[8, 16, 16, 1, 2], dtype=<dtype: 'float32'>
    [32mgroup_classification_logits[0m: shape=[8, 16, 16, 1, 1], dtype=<dtype: 'float32'>
    [32mbounding_boxes[0m: shape=[8, 16, 16, 1, 4], dtype=<dtype: 'float32'>
    [32mlog_scales[0m: shape=[8, 16, 16, 1, 2], dtype=<dtype: 'float32'>
    [32mconfidence_scores[0m: shape=[8, 16, 16, 1, 1], dtype=<dtype: 'float32'>
 [33m> Collecting losses[0m
    with default `centers_localization_loss_weight` = 1.0
    with default `scales_localization_loss_weight` = 1.0
    with default `confidence_loss_weight` = 5.0
    with default `noobj_confidence_loss_weight` = 1.0
    with default `group_classification_loss_weight` = 1.0
    with default `offsets_loss_weight` = 1.0
    with default `offsets_margin` = 0.025
 [33m> Stage transition[0m
    with default `train_patch_confidence_threshold` = 0.0
    with default `train_patch_nms_threshold` = 1.0
    extracting 10 crops
    with default `patch_intersection_ratio_threshold` = 0.33
    with default `shuffle_buffer` = 10000
    with default `num_threads` = 4
    *num_boxes*: shape=[80], dtype=<dtype: 'int32'>
    *im_id*: shape=[80], dtype=<dtype: 'int32'>
    *obj_i_mask_bbs*: shape=[80, 2, 2, 1, 100], dtype=<dtype: 'float32'>
    *bounding_boxes*: shape=[80, 100, 4], dtype=<dtype: 'float32'>
    *image*: shape=[80, 64, 64, 3], dtype=<dtype: 'float32'>
 [33m> stage2/mobilenet_35[0m
    with default `num_boxes` = 1
    with default `with_classification` = False
    Output layer shape *(80, 2, 2, 1, 5)*
    [32mshifted_centers[0m: shape=[80, 2, 2, 1, 2], dtype=<dtype: 'float32'>
    [32mbounding_boxes[0m: shape=[80, 2, 2, 1, 4], dtype=<dtype: 'float32'>
    [32mdetection_scores[0m: shape=[80, 2, 2, 1, 1], dtype=<dtype: 'float32'>
    [32mlog_scales[0m: shape=[80, 2, 2, 1, 2], dtype=<dtype: 'float32'>
    [32mconfidence_scores[0m: shape=[80, 2, 2, 1, 1], dtype=<dtype: 'float32'>
 [33m> Collecting losses[0m
    with default `centers_localization_loss_weight` = 1.0
    with default `scales_localization_loss_weight` = 1.0
    with default `confidence_loss_weight` = 5.0
    with default `noobj_confidence_loss_weight` = 1.0
 [33m> Stage transition[0m
 [33m> Stage transition[0m
 [33m> Stage transition[0m

Losses:
 > [33min stage1 scope:[0m
     35 regularization losses found
     *stage1_confidence_obj_loss*: 4 tensors
     *stage1_scales_localization_loss*: 4 tensors
     *stage1_classification_loss*: 4 tensors
     *stage1_group_classification_loss*: 4 tensors
     *stage1_offsets_loss*: 4 tensors
     *stage1_confidence_noobj_loss*: 4 tensors
     *stage1_centers_localization_loss*: 4 tensors
     Trainable variables: [stage1/mobilenet_35/MobilenetV2/Conv/weights:0, stage1/mobilenet_35/MobilenetV2/Conv/BatchNorm/gamma:0, stage1/mobilenet_35/MobilenetV2/Conv/BatchNorm/beta:0, stage1/mobilenet_35/MobilenetV2/expanded_conv/depthwise/depthwise_weights:0, stage1/mobilenet_35/MobilenetV2/expanded_conv/depthwise/BatchNorm/gamma:0, stage1/mobilenet_35/MobilenetV2/expanded_conv/depthwise/BatchNorm/beta:0, stage1/mobilenet_35/MobilenetV2/expanded_conv/project/weights:0, stage1/mobilenet_35/MobilenetV2/expanded_conv/project/BatchNorm/gamma:0, stage1/mobilenet_35/MobilenetV2/expanded_conv/project/BatchNorm/beta:0, stage1/mobilenet_35/MobilenetV2/expanded_conv_1/expand/weights:0, stage1/mobilenet_35/MobilenetV2/expanded_conv_1/expand/BatchNorm/gamma:0, stage1/mobilenet_35/MobilenetV2/expanded_conv_1/expand/BatchNorm/beta:0, stage1/mobilenet_35/MobilenetV2/expanded_conv_1/depthwise/depthwise_weights:0, stage1/mobilenet_35/MobilenetV2/expanded_conv_1/depthwise/BatchNorm/gamma:0, stage1/mobilenet_35/MobilenetV2/expanded_conv_1/depthwise/BatchNorm/beta:0, stage1/mobilenet_35/MobilenetV2/expanded_conv_1/project/weights:0, stage1/mobilenet_35/MobilenetV2/expanded_conv_1/project/BatchNorm/gamma:0, stage1/mobilenet_35/MobilenetV2/expanded_conv_1/project/BatchNorm/beta:0, stage1/mobilenet_35/MobilenetV2/expanded_conv_2/expand/weights:0, stage1/mobilenet_35/MobilenetV2/expanded_conv_2/expand/BatchNorm/gamma:0, stage1/mobilenet_35/MobilenetV2/expanded_conv_2/expand/BatchNorm/beta:0, stage1/mobilenet_35/MobilenetV2/expanded_conv_2/depthwise/depthwise_weights:0, stage1/mobilenet_35/MobilenetV2/expanded_conv_2/depthwise/BatchNorm/gamma:0, stage1/mobilenet_35/MobilenetV2/expanded_conv_2/depthwise/BatchNorm/beta:0, stage1/mobilenet_35/MobilenetV2/expanded_conv_2/project/weights:0, stage1/mobilenet_35/MobilenetV2/expanded_conv_2/project/BatchNorm/gamma:0, stage1/mobilenet_35/MobilenetV2/expanded_conv_2/project/BatchNorm/beta:0, stage1/mobilenet_35/MobilenetV2/expanded_conv_3/expand/weights:0, stage1/mobilenet_35/MobilenetV2/expanded_conv_3/expand/BatchNorm/gamma:0, stage1/mobilenet_35/MobilenetV2/expanded_conv_3/expand/BatchNorm/beta:0, stage1/mobilenet_35/MobilenetV2/expanded_conv_3/depthwise/depthwise_weights:0, stage1/mobilenet_35/MobilenetV2/expanded_conv_3/depthwise/BatchNorm/gamma:0, stage1/mobilenet_35/MobilenetV2/expanded_conv_3/depthwise/BatchNorm/beta:0, stage1/mobilenet_35/MobilenetV2/expanded_conv_3/project/weights:0, stage1/mobilenet_35/MobilenetV2/expanded_conv_3/project/BatchNorm/gamma:0, stage1/mobilenet_35/MobilenetV2/expanded_conv_3/project/BatchNorm/beta:0, stage1/mobilenet_35/MobilenetV2/expanded_conv_4/expand/weights:0, stage1/mobilenet_35/MobilenetV2/expanded_conv_4/expand/BatchNorm/gamma:0, stage1/mobilenet_35/MobilenetV2/expanded_conv_4/expand/BatchNorm/beta:0, stage1/mobilenet_35/MobilenetV2/expanded_conv_4/depthwise/depthwise_weights:0, stage1/mobilenet_35/MobilenetV2/expanded_conv_4/depthwise/BatchNorm/gamma:0, stage1/mobilenet_35/MobilenetV2/expanded_conv_4/depthwise/BatchNorm/beta:0, stage1/mobilenet_35/MobilenetV2/expanded_conv_4/project/weights:0, stage1/mobilenet_35/MobilenetV2/expanded_conv_4/project/BatchNorm/gamma:0, stage1/mobilenet_35/MobilenetV2/expanded_conv_4/project/BatchNorm/beta:0, stage1/mobilenet_35/MobilenetV2/expanded_conv_5/expand/weights:0, stage1/mobilenet_35/MobilenetV2/expanded_conv_5/expand/BatchNorm/gamma:0, stage1/mobilenet_35/MobilenetV2/expanded_conv_5/expand/BatchNorm/beta:0, stage1/mobilenet_35/MobilenetV2/expanded_conv_5/depthwise/depthwise_weights:0, stage1/mobilenet_35/MobilenetV2/expanded_conv_5/depthwise/BatchNorm/gamma:0, stage1/mobilenet_35/MobilenetV2/expanded_conv_5/depthwise/BatchNorm/beta:0, stage1/mobilenet_35/MobilenetV2/expanded_conv_5/project/weights:0, stage1/mobilenet_35/MobilenetV2/expanded_conv_5/project/BatchNorm/gamma:0, stage1/mobilenet_35/MobilenetV2/expanded_conv_5/project/BatchNorm/beta:0, stage1/mobilenet_35/MobilenetV2/expanded_conv_6/expand/weights:0, stage1/mobilenet_35/MobilenetV2/expanded_conv_6/expand/BatchNorm/gamma:0, stage1/mobilenet_35/MobilenetV2/expanded_conv_6/expand/BatchNorm/beta:0, stage1/mobilenet_35/MobilenetV2/expanded_conv_6/depthwise/depthwise_weights:0, stage1/mobilenet_35/MobilenetV2/expanded_conv_6/depthwise/BatchNorm/gamma:0, stage1/mobilenet_35/MobilenetV2/expanded_conv_6/depthwise/BatchNorm/beta:0, stage1/mobilenet_35/MobilenetV2/expanded_conv_6/project/weights:0, stage1/mobilenet_35/MobilenetV2/expanded_conv_6/project/BatchNorm/gamma:0, stage1/mobilenet_35/MobilenetV2/expanded_conv_6/project/BatchNorm/beta:0, stage1/mobilenet_35/MobilenetV2/expanded_conv_7/expand/weights:0, stage1/mobilenet_35/MobilenetV2/expanded_conv_7/expand/BatchNorm/gamma:0, stage1/mobilenet_35/MobilenetV2/expanded_conv_7/expand/BatchNorm/beta:0, stage1/mobilenet_35/MobilenetV2/expanded_conv_7/depthwise/depthwise_weights:0, stage1/mobilenet_35/MobilenetV2/expanded_conv_7/depthwise/BatchNorm/gamma:0, stage1/mobilenet_35/MobilenetV2/expanded_conv_7/depthwise/BatchNorm/beta:0, stage1/mobilenet_35/MobilenetV2/expanded_conv_7/project/weights:0, stage1/mobilenet_35/MobilenetV2/expanded_conv_7/project/BatchNorm/gamma:0, stage1/mobilenet_35/MobilenetV2/expanded_conv_7/project/BatchNorm/beta:0, stage1/mobilenet_35/MobilenetV2/expanded_conv_8/expand/weights:0, stage1/mobilenet_35/MobilenetV2/expanded_conv_8/expand/BatchNorm/gamma:0, stage1/mobilenet_35/MobilenetV2/expanded_conv_8/expand/BatchNorm/beta:0, stage1/mobilenet_35/MobilenetV2/expanded_conv_8/depthwise/depthwise_weights:0, stage1/mobilenet_35/MobilenetV2/expanded_conv_8/depthwise/BatchNorm/gamma:0, stage1/mobilenet_35/MobilenetV2/expanded_conv_8/depthwise/BatchNorm/beta:0, stage1/mobilenet_35/MobilenetV2/expanded_conv_8/project/weights:0, stage1/mobilenet_35/MobilenetV2/expanded_conv_8/project/BatchNorm/gamma:0, stage1/mobilenet_35/MobilenetV2/expanded_conv_8/project/BatchNorm/beta:0, stage1/mobilenet_35/MobilenetV2/expanded_conv_9/expand/weights:0, stage1/mobilenet_35/MobilenetV2/expanded_conv_9/expand/BatchNorm/gamma:0, stage1/mobilenet_35/MobilenetV2/expanded_conv_9/expand/BatchNorm/beta:0, stage1/mobilenet_35/MobilenetV2/expanded_conv_9/depthwise/depthwise_weights:0, stage1/mobilenet_35/MobilenetV2/expanded_conv_9/depthwise/BatchNorm/gamma:0, stage1/mobilenet_35/MobilenetV2/expanded_conv_9/depthwise/BatchNorm/beta:0, stage1/mobilenet_35/MobilenetV2/expanded_conv_9/project/weights:0, stage1/mobilenet_35/MobilenetV2/expanded_conv_9/project/BatchNorm/gamma:0, stage1/mobilenet_35/MobilenetV2/expanded_conv_9/project/BatchNorm/beta:0, stage1/mobilenet_35/MobilenetV2/expanded_conv_10/expand/weights:0, stage1/mobilenet_35/MobilenetV2/expanded_conv_10/expand/BatchNorm/gamma:0, stage1/mobilenet_35/MobilenetV2/expanded_conv_10/expand/BatchNorm/beta:0, stage1/mobilenet_35/MobilenetV2/expanded_conv_10/depthwise/depthwise_weights:0, stage1/mobilenet_35/MobilenetV2/expanded_conv_10/depthwise/BatchNorm/gamma:0, stage1/mobilenet_35/MobilenetV2/expanded_conv_10/depthwise/BatchNorm/beta:0, stage1/mobilenet_35/MobilenetV2/expanded_conv_10/project/weights:0, stage1/mobilenet_35/MobilenetV2/expanded_conv_10/project/BatchNorm/gamma:0, stage1/mobilenet_35/MobilenetV2/expanded_conv_10/project/BatchNorm/beta:0, stage1/mobilenet_35/MobilenetV2/expanded_conv_11/expand/weights:0, stage1/mobilenet_35/MobilenetV2/expanded_conv_11/expand/BatchNorm/gamma:0, stage1/mobilenet_35/MobilenetV2/expanded_conv_11/expand/BatchNorm/beta:0, stage1/mobilenet_35/MobilenetV2/expanded_conv_11/depthwise/depthwise_weights:0, stage1/mobilenet_35/MobilenetV2/expanded_conv_11/depthwise/BatchNorm/gamma:0, stage1/mobilenet_35/MobilenetV2/expanded_conv_11/depthwise/BatchNorm/beta:0, stage1/mobilenet_35/MobilenetV2/expanded_conv_11/project/weights:0, stage1/mobilenet_35/MobilenetV2/expanded_conv_11/project/BatchNorm/gamma:0, stage1/mobilenet_35/MobilenetV2/expanded_conv_11/project/BatchNorm/beta:0, stage1/mobilenet_35/MobilenetV2/expanded_conv_12/expand/weights:0, stage1/mobilenet_35/MobilenetV2/expanded_conv_12/expand/BatchNorm/gamma:0, stage1/mobilenet_35/MobilenetV2/expanded_conv_12/expand/BatchNorm/beta:0, stage1/mobilenet_35/MobilenetV2/expanded_conv_12/depthwise/depthwise_weights:0, stage1/mobilenet_35/MobilenetV2/expanded_conv_12/depthwise/BatchNorm/gamma:0, stage1/mobilenet_35/MobilenetV2/expanded_conv_12/depthwise/BatchNorm/beta:0, stage1/mobilenet_35/MobilenetV2/expanded_conv_12/project/weights:0, stage1/mobilenet_35/MobilenetV2/expanded_conv_12/project/BatchNorm/gamma:0, stage1/mobilenet_35/MobilenetV2/expanded_conv_12/project/BatchNorm/beta:0, stage1/mobilenet_35/MobilenetV2/expanded_conv_13/expand/weights:0, stage1/mobilenet_35/MobilenetV2/expanded_conv_13/expand/BatchNorm/gamma:0, stage1/mobilenet_35/MobilenetV2/expanded_conv_13/expand/BatchNorm/beta:0, stage1/mobilenet_35/MobilenetV2/expanded_conv_13/depthwise/depthwise_weights:0, stage1/mobilenet_35/MobilenetV2/expanded_conv_13/depthwise/BatchNorm/gamma:0, stage1/mobilenet_35/MobilenetV2/expanded_conv_13/depthwise/BatchNorm/beta:0, stage1/mobilenet_35/MobilenetV2/expanded_conv_13/project/weights:0, stage1/mobilenet_35/MobilenetV2/expanded_conv_13/project/BatchNorm/gamma:0, stage1/mobilenet_35/MobilenetV2/expanded_conv_13/project/BatchNorm/beta:0, stage1/mobilenet_35/MobilenetV2/expanded_conv_14/expand/weights:0, stage1/mobilenet_35/MobilenetV2/expanded_conv_14/expand/BatchNorm/gamma:0, stage1/mobilenet_35/MobilenetV2/expanded_conv_14/expand/BatchNorm/beta:0, stage1/mobilenet_35/MobilenetV2/expanded_conv_14/depthwise/depthwise_weights:0, stage1/mobilenet_35/MobilenetV2/expanded_conv_14/depthwise/BatchNorm/gamma:0, stage1/mobilenet_35/MobilenetV2/expanded_conv_14/depthwise/BatchNorm/beta:0, stage1/mobilenet_35/MobilenetV2/expanded_conv_14/project/weights:0, stage1/mobilenet_35/MobilenetV2/expanded_conv_14/project/BatchNorm/gamma:0, stage1/mobilenet_35/MobilenetV2/expanded_conv_14/project/BatchNorm/beta:0, stage1/mobilenet_35/MobilenetV2/expanded_conv_15/expand/weights:0, stage1/mobilenet_35/MobilenetV2/expanded_conv_15/expand/BatchNorm/gamma:0, stage1/mobilenet_35/MobilenetV2/expanded_conv_15/expand/BatchNorm/beta:0, stage1/mobilenet_35/MobilenetV2/expanded_conv_15/depthwise/depthwise_weights:0, stage1/mobilenet_35/MobilenetV2/expanded_conv_15/depthwise/BatchNorm/gamma:0, stage1/mobilenet_35/MobilenetV2/expanded_conv_15/depthwise/BatchNorm/beta:0, stage1/mobilenet_35/MobilenetV2/expanded_conv_15/project/weights:0, stage1/mobilenet_35/MobilenetV2/expanded_conv_15/project/BatchNorm/gamma:0, stage1/mobilenet_35/MobilenetV2/expanded_conv_15/project/BatchNorm/beta:0, stage1/mobilenet_35/MobilenetV2/expanded_conv_16/expand/weights:0, stage1/mobilenet_35/MobilenetV2/expanded_conv_16/expand/BatchNorm/gamma:0, stage1/mobilenet_35/MobilenetV2/expanded_conv_16/expand/BatchNorm/beta:0, stage1/mobilenet_35/MobilenetV2/expanded_conv_16/depthwise/depthwise_weights:0, stage1/mobilenet_35/MobilenetV2/expanded_conv_16/depthwise/BatchNorm/gamma:0, stage1/mobilenet_35/MobilenetV2/expanded_conv_16/depthwise/BatchNorm/beta:0, stage1/mobilenet_35/MobilenetV2/expanded_conv_16/project/weights:0, stage1/mobilenet_35/MobilenetV2/expanded_conv_16/project/BatchNorm/gamma:0, stage1/mobilenet_35/MobilenetV2/expanded_conv_16/project/BatchNorm/beta:0, stage1/mobilenet_35/MobilenetV2/Conv_1/weights:0, stage1/mobilenet_35/MobilenetV2/Conv_1/BatchNorm/gamma:0, stage1/mobilenet_35/MobilenetV2/Conv_1/BatchNorm/beta:0, stage1/decode/fc_out/kernel:0, stage1/decode/fc_out/bias:0]
 > [33min stage2 scope:[0m
     35 regularization losses found
     *stage2_centers_localization_loss*: 4 tensors
     *stage2_classification_loss*: 4 tensors
     *stage2_confidence_obj_loss*: 4 tensors
     *stage2_confidence_noobj_loss*: 4 tensors
     *stage2_scales_localization_loss*: 4 tensors
     Trainable variables: [stage2/mobilenet_35/MobilenetV2/Conv/weights:0, stage2/mobilenet_35/MobilenetV2/Conv/BatchNorm/gamma:0, stage2/mobilenet_35/MobilenetV2/Conv/BatchNorm/beta:0, stage2/mobilenet_35/MobilenetV2/expanded_conv/depthwise/depthwise_weights:0, stage2/mobilenet_35/MobilenetV2/expanded_conv/depthwise/BatchNorm/gamma:0, stage2/mobilenet_35/MobilenetV2/expanded_conv/depthwise/BatchNorm/beta:0, stage2/mobilenet_35/MobilenetV2/expanded_conv/project/weights:0, stage2/mobilenet_35/MobilenetV2/expanded_conv/project/BatchNorm/gamma:0, stage2/mobilenet_35/MobilenetV2/expanded_conv/project/BatchNorm/beta:0, stage2/mobilenet_35/MobilenetV2/expanded_conv_1/expand/weights:0, stage2/mobilenet_35/MobilenetV2/expanded_conv_1/expand/BatchNorm/gamma:0, stage2/mobilenet_35/MobilenetV2/expanded_conv_1/expand/BatchNorm/beta:0, stage2/mobilenet_35/MobilenetV2/expanded_conv_1/depthwise/depthwise_weights:0, stage2/mobilenet_35/MobilenetV2/expanded_conv_1/depthwise/BatchNorm/gamma:0, stage2/mobilenet_35/MobilenetV2/expanded_conv_1/depthwise/BatchNorm/beta:0, stage2/mobilenet_35/MobilenetV2/expanded_conv_1/project/weights:0, stage2/mobilenet_35/MobilenetV2/expanded_conv_1/project/BatchNorm/gamma:0, stage2/mobilenet_35/MobilenetV2/expanded_conv_1/project/BatchNorm/beta:0, stage2/mobilenet_35/MobilenetV2/expanded_conv_2/expand/weights:0, stage2/mobilenet_35/MobilenetV2/expanded_conv_2/expand/BatchNorm/gamma:0, stage2/mobilenet_35/MobilenetV2/expanded_conv_2/expand/BatchNorm/beta:0, stage2/mobilenet_35/MobilenetV2/expanded_conv_2/depthwise/depthwise_weights:0, stage2/mobilenet_35/MobilenetV2/expanded_conv_2/depthwise/BatchNorm/gamma:0, stage2/mobilenet_35/MobilenetV2/expanded_conv_2/depthwise/BatchNorm/beta:0, stage2/mobilenet_35/MobilenetV2/expanded_conv_2/project/weights:0, stage2/mobilenet_35/MobilenetV2/expanded_conv_2/project/BatchNorm/gamma:0, stage2/mobilenet_35/MobilenetV2/expanded_conv_2/project/BatchNorm/beta:0, stage2/mobilenet_35/MobilenetV2/expanded_conv_3/expand/weights:0, stage2/mobilenet_35/MobilenetV2/expanded_conv_3/expand/BatchNorm/gamma:0, stage2/mobilenet_35/MobilenetV2/expanded_conv_3/expand/BatchNorm/beta:0, stage2/mobilenet_35/MobilenetV2/expanded_conv_3/depthwise/depthwise_weights:0, stage2/mobilenet_35/MobilenetV2/expanded_conv_3/depthwise/BatchNorm/gamma:0, stage2/mobilenet_35/MobilenetV2/expanded_conv_3/depthwise/BatchNorm/beta:0, stage2/mobilenet_35/MobilenetV2/expanded_conv_3/project/weights:0, stage2/mobilenet_35/MobilenetV2/expanded_conv_3/project/BatchNorm/gamma:0, stage2/mobilenet_35/MobilenetV2/expanded_conv_3/project/BatchNorm/beta:0, stage2/mobilenet_35/MobilenetV2/expanded_conv_4/expand/weights:0, stage2/mobilenet_35/MobilenetV2/expanded_conv_4/expand/BatchNorm/gamma:0, stage2/mobilenet_35/MobilenetV2/expanded_conv_4/expand/BatchNorm/beta:0, stage2/mobilenet_35/MobilenetV2/expanded_conv_4/depthwise/depthwise_weights:0, stage2/mobilenet_35/MobilenetV2/expanded_conv_4/depthwise/BatchNorm/gamma:0, stage2/mobilenet_35/MobilenetV2/expanded_conv_4/depthwise/BatchNorm/beta:0, stage2/mobilenet_35/MobilenetV2/expanded_conv_4/project/weights:0, stage2/mobilenet_35/MobilenetV2/expanded_conv_4/project/BatchNorm/gamma:0, stage2/mobilenet_35/MobilenetV2/expanded_conv_4/project/BatchNorm/beta:0, stage2/mobilenet_35/MobilenetV2/expanded_conv_5/expand/weights:0, stage2/mobilenet_35/MobilenetV2/expanded_conv_5/expand/BatchNorm/gamma:0, stage2/mobilenet_35/MobilenetV2/expanded_conv_5/expand/BatchNorm/beta:0, stage2/mobilenet_35/MobilenetV2/expanded_conv_5/depthwise/depthwise_weights:0, stage2/mobilenet_35/MobilenetV2/expanded_conv_5/depthwise/BatchNorm/gamma:0, stage2/mobilenet_35/MobilenetV2/expanded_conv_5/depthwise/BatchNorm/beta:0, stage2/mobilenet_35/MobilenetV2/expanded_conv_5/project/weights:0, stage2/mobilenet_35/MobilenetV2/expanded_conv_5/project/BatchNorm/gamma:0, stage2/mobilenet_35/MobilenetV2/expanded_conv_5/project/BatchNorm/beta:0, stage2/mobilenet_35/MobilenetV2/expanded_conv_6/expand/weights:0, stage2/mobilenet_35/MobilenetV2/expanded_conv_6/expand/BatchNorm/gamma:0, stage2/mobilenet_35/MobilenetV2/expanded_conv_6/expand/BatchNorm/beta:0, stage2/mobilenet_35/MobilenetV2/expanded_conv_6/depthwise/depthwise_weights:0, stage2/mobilenet_35/MobilenetV2/expanded_conv_6/depthwise/BatchNorm/gamma:0, stage2/mobilenet_35/MobilenetV2/expanded_conv_6/depthwise/BatchNorm/beta:0, stage2/mobilenet_35/MobilenetV2/expanded_conv_6/project/weights:0, stage2/mobilenet_35/MobilenetV2/expanded_conv_6/project/BatchNorm/gamma:0, stage2/mobilenet_35/MobilenetV2/expanded_conv_6/project/BatchNorm/beta:0, stage2/mobilenet_35/MobilenetV2/expanded_conv_7/expand/weights:0, stage2/mobilenet_35/MobilenetV2/expanded_conv_7/expand/BatchNorm/gamma:0, stage2/mobilenet_35/MobilenetV2/expanded_conv_7/expand/BatchNorm/beta:0, stage2/mobilenet_35/MobilenetV2/expanded_conv_7/depthwise/depthwise_weights:0, stage2/mobilenet_35/MobilenetV2/expanded_conv_7/depthwise/BatchNorm/gamma:0, stage2/mobilenet_35/MobilenetV2/expanded_conv_7/depthwise/BatchNorm/beta:0, stage2/mobilenet_35/MobilenetV2/expanded_conv_7/project/weights:0, stage2/mobilenet_35/MobilenetV2/expanded_conv_7/project/BatchNorm/gamma:0, stage2/mobilenet_35/MobilenetV2/expanded_conv_7/project/BatchNorm/beta:0, stage2/mobilenet_35/MobilenetV2/expanded_conv_8/expand/weights:0, stage2/mobilenet_35/MobilenetV2/expanded_conv_8/expand/BatchNorm/gamma:0, stage2/mobilenet_35/MobilenetV2/expanded_conv_8/expand/BatchNorm/beta:0, stage2/mobilenet_35/MobilenetV2/expanded_conv_8/depthwise/depthwise_weights:0, stage2/mobilenet_35/MobilenetV2/expanded_conv_8/depthwise/BatchNorm/gamma:0, stage2/mobilenet_35/MobilenetV2/expanded_conv_8/depthwise/BatchNorm/beta:0, stage2/mobilenet_35/MobilenetV2/expanded_conv_8/project/weights:0, stage2/mobilenet_35/MobilenetV2/expanded_conv_8/project/BatchNorm/gamma:0, stage2/mobilenet_35/MobilenetV2/expanded_conv_8/project/BatchNorm/beta:0, stage2/mobilenet_35/MobilenetV2/expanded_conv_9/expand/weights:0, stage2/mobilenet_35/MobilenetV2/expanded_conv_9/expand/BatchNorm/gamma:0, stage2/mobilenet_35/MobilenetV2/expanded_conv_9/expand/BatchNorm/beta:0, stage2/mobilenet_35/MobilenetV2/expanded_conv_9/depthwise/depthwise_weights:0, stage2/mobilenet_35/MobilenetV2/expanded_conv_9/depthwise/BatchNorm/gamma:0, stage2/mobilenet_35/MobilenetV2/expanded_conv_9/depthwise/BatchNorm/beta:0, stage2/mobilenet_35/MobilenetV2/expanded_conv_9/project/weights:0, stage2/mobilenet_35/MobilenetV2/expanded_conv_9/project/BatchNorm/gamma:0, stage2/mobilenet_35/MobilenetV2/expanded_conv_9/project/BatchNorm/beta:0, stage2/mobilenet_35/MobilenetV2/expanded_conv_10/expand/weights:0, stage2/mobilenet_35/MobilenetV2/expanded_conv_10/expand/BatchNorm/gamma:0, stage2/mobilenet_35/MobilenetV2/expanded_conv_10/expand/BatchNorm/beta:0, stage2/mobilenet_35/MobilenetV2/expanded_conv_10/depthwise/depthwise_weights:0, stage2/mobilenet_35/MobilenetV2/expanded_conv_10/depthwise/BatchNorm/gamma:0, stage2/mobilenet_35/MobilenetV2/expanded_conv_10/depthwise/BatchNorm/beta:0, stage2/mobilenet_35/MobilenetV2/expanded_conv_10/project/weights:0, stage2/mobilenet_35/MobilenetV2/expanded_conv_10/project/BatchNorm/gamma:0, stage2/mobilenet_35/MobilenetV2/expanded_conv_10/project/BatchNorm/beta:0, stage2/mobilenet_35/MobilenetV2/expanded_conv_11/expand/weights:0, stage2/mobilenet_35/MobilenetV2/expanded_conv_11/expand/BatchNorm/gamma:0, stage2/mobilenet_35/MobilenetV2/expanded_conv_11/expand/BatchNorm/beta:0, stage2/mobilenet_35/MobilenetV2/expanded_conv_11/depthwise/depthwise_weights:0, stage2/mobilenet_35/MobilenetV2/expanded_conv_11/depthwise/BatchNorm/gamma:0, stage2/mobilenet_35/MobilenetV2/expanded_conv_11/depthwise/BatchNorm/beta:0, stage2/mobilenet_35/MobilenetV2/expanded_conv_11/project/weights:0, stage2/mobilenet_35/MobilenetV2/expanded_conv_11/project/BatchNorm/gamma:0, stage2/mobilenet_35/MobilenetV2/expanded_conv_11/project/BatchNorm/beta:0, stage2/mobilenet_35/MobilenetV2/expanded_conv_12/expand/weights:0, stage2/mobilenet_35/MobilenetV2/expanded_conv_12/expand/BatchNorm/gamma:0, stage2/mobilenet_35/MobilenetV2/expanded_conv_12/expand/BatchNorm/beta:0, stage2/mobilenet_35/MobilenetV2/expanded_conv_12/depthwise/depthwise_weights:0, stage2/mobilenet_35/MobilenetV2/expanded_conv_12/depthwise/BatchNorm/gamma:0, stage2/mobilenet_35/MobilenetV2/expanded_conv_12/depthwise/BatchNorm/beta:0, stage2/mobilenet_35/MobilenetV2/expanded_conv_12/project/weights:0, stage2/mobilenet_35/MobilenetV2/expanded_conv_12/project/BatchNorm/gamma:0, stage2/mobilenet_35/MobilenetV2/expanded_conv_12/project/BatchNorm/beta:0, stage2/mobilenet_35/MobilenetV2/expanded_conv_13/expand/weights:0, stage2/mobilenet_35/MobilenetV2/expanded_conv_13/expand/BatchNorm/gamma:0, stage2/mobilenet_35/MobilenetV2/expanded_conv_13/expand/BatchNorm/beta:0, stage2/mobilenet_35/MobilenetV2/expanded_conv_13/depthwise/depthwise_weights:0, stage2/mobilenet_35/MobilenetV2/expanded_conv_13/depthwise/BatchNorm/gamma:0, stage2/mobilenet_35/MobilenetV2/expanded_conv_13/depthwise/BatchNorm/beta:0, stage2/mobilenet_35/MobilenetV2/expanded_conv_13/project/weights:0, stage2/mobilenet_35/MobilenetV2/expanded_conv_13/project/BatchNorm/gamma:0, stage2/mobilenet_35/MobilenetV2/expanded_conv_13/project/BatchNorm/beta:0, stage2/mobilenet_35/MobilenetV2/expanded_conv_14/expand/weights:0, stage2/mobilenet_35/MobilenetV2/expanded_conv_14/expand/BatchNorm/gamma:0, stage2/mobilenet_35/MobilenetV2/expanded_conv_14/expand/BatchNorm/beta:0, stage2/mobilenet_35/MobilenetV2/expanded_conv_14/depthwise/depthwise_weights:0, stage2/mobilenet_35/MobilenetV2/expanded_conv_14/depthwise/BatchNorm/gamma:0, stage2/mobilenet_35/MobilenetV2/expanded_conv_14/depthwise/BatchNorm/beta:0, stage2/mobilenet_35/MobilenetV2/expanded_conv_14/project/weights:0, stage2/mobilenet_35/MobilenetV2/expanded_conv_14/project/BatchNorm/gamma:0, stage2/mobilenet_35/MobilenetV2/expanded_conv_14/project/BatchNorm/beta:0, stage2/mobilenet_35/MobilenetV2/expanded_conv_15/expand/weights:0, stage2/mobilenet_35/MobilenetV2/expanded_conv_15/expand/BatchNorm/gamma:0, stage2/mobilenet_35/MobilenetV2/expanded_conv_15/expand/BatchNorm/beta:0, stage2/mobilenet_35/MobilenetV2/expanded_conv_15/depthwise/depthwise_weights:0, stage2/mobilenet_35/MobilenetV2/expanded_conv_15/depthwise/BatchNorm/gamma:0, stage2/mobilenet_35/MobilenetV2/expanded_conv_15/depthwise/BatchNorm/beta:0, stage2/mobilenet_35/MobilenetV2/expanded_conv_15/project/weights:0, stage2/mobilenet_35/MobilenetV2/expanded_conv_15/project/BatchNorm/gamma:0, stage2/mobilenet_35/MobilenetV2/expanded_conv_15/project/BatchNorm/beta:0, stage2/mobilenet_35/MobilenetV2/expanded_conv_16/expand/weights:0, stage2/mobilenet_35/MobilenetV2/expanded_conv_16/expand/BatchNorm/gamma:0, stage2/mobilenet_35/MobilenetV2/expanded_conv_16/expand/BatchNorm/beta:0, stage2/mobilenet_35/MobilenetV2/expanded_conv_16/depthwise/depthwise_weights:0, stage2/mobilenet_35/MobilenetV2/expanded_conv_16/depthwise/BatchNorm/gamma:0, stage2/mobilenet_35/MobilenetV2/expanded_conv_16/depthwise/BatchNorm/beta:0, stage2/mobilenet_35/MobilenetV2/expanded_conv_16/project/weights:0, stage2/mobilenet_35/MobilenetV2/expanded_conv_16/project/BatchNorm/gamma:0, stage2/mobilenet_35/MobilenetV2/expanded_conv_16/project/BatchNorm/beta:0, stage2/mobilenet_35/MobilenetV2/Conv_1/weights:0, stage2/mobilenet_35/MobilenetV2/Conv_1/BatchNorm/gamma:0, stage2/mobilenet_35/MobilenetV2/Conv_1/BatchNorm/beta:0, stage2/decode/fc_out/kernel:0, stage2/decode/fc_out/bias:0]
 [33m> Build train operation[0m
    with default `optimizer` = ADAM
    Using optimizer ADAM with learning rate 2.00e-04
    with default `beta1` = 0.9
    416 update operations found in stage1 scope
    416 update operations found in stage2 scope

total graph size: 20.71 MB
    with default `max_to_keep` = 1
    with default `save_checkpoint_steps` = 2000
    [31mWarning:[0m No summaries found in collection "outputs"
    [31mWarning:[0m No summaries found in collection "config"
    saving checkpoint in [36m./run_logs/sdd/mobilenet_35_odgi_512_64/02-21_10-11[0m

Start training:
[33m   Epoch 0: start training stage 2[0m
  > [00:01] Step 1 (epoch 1): loss 1 = 19.72145, loss 2 = 21.05222
  > [00:04] Step 251 (epoch 1): loss 1 = 1.24950, loss 2 = 1.23201
evaluated 635 val images at step 500: map@0.50 = 0.00173 - map@0.75 = 0.00014
  > [00:07] Step 501 (epoch 2): loss 1 = 1.09675, loss 2 = 0.71859
  > [00:09] Step 751 (epoch 3): loss 1 = 1.04414, loss 2 = 0.54025
evaluated 635 val images at step 1000: map@0.50 = 0.00501 - map@0.75 = 0.00013
  > [00:12] Step 1001 (epoch 4): loss 1 = 0.91150, loss 2 = 0.49399
  > [00:15] Step 1251 (epoch 5): loss 1 = 0.95947, loss 2 = 0.47826
evaluated 635 val images at step 1500: map@0.50 = 0.00995 - map@0.75 = 0.00107
  > [00:18] Step 1501 (epoch 6): loss 1 = 0.95886, loss 2 = 0.48089
  > [00:20] Step 1751 (epoch 7): loss 1 = 0.90012, loss 2 = 0.46533
evaluated 635 val images at step 2000: map@0.50 = 0.01265 - map@0.75 = 0.00090
  > [00:23] Step 2001 (epoch 7): loss 1 = 0.74104, loss 2 = 0.44482
  > [00:26] Step 2251 (epoch 8): loss 1 = 0.84642, loss 2 = 0.42599
evaluated 635 val images at step 2500: map@0.50 = 0.02351 - map@0.75 = 0.00143
  > [00:29] Step 2501 (epoch 9): loss 1 = 0.76341, loss 2 = 0.45710
  > [00:32] Step 2751 (epoch 10): loss 1 = 0.76989, loss 2 = 0.44628
evaluated 635 val images at step 3000: map@0.50 = 0.03761 - map@0.75 = 0.00432
  > [00:35] Step 3001 (epoch 11): loss 1 = 0.70341, loss 2 = 0.41225
  > [00:37] Step 3251 (epoch 12): loss 1 = 0.80056, loss 2 = 0.40008
evaluated 635 val images at step 3500: map@0.50 = 0.05300 - map@0.75 = 0.00297
  > [00:40] Step 3501 (epoch 13): loss 1 = 0.79054, loss 2 = 0.40658
  > [00:43] Step 3751 (epoch 14): loss 1 = 0.64864, loss 2 = 0.40377
evaluated 635 val images at step 4000: map@0.50 = 0.06984 - map@0.75 = 0.00579
  > [00:45] Step 4001 (epoch 14): loss 1 = 0.83356, loss 2 = 0.41567
  > [00:48] Step 4251 (epoch 15): loss 1 = 0.78206, loss 2 = 0.42191
evaluated 635 val images at step 4500: map@0.50 = 0.07978 - map@0.75 = 0.00616
  > [00:51] Step 4501 (epoch 16): loss 1 = 0.64306, loss 2 = 0.37385
  > [00:53] Step 4751 (epoch 17): loss 1 = 0.70837, loss 2 = 0.41041
evaluated 635 val images at step 5000: map@0.50 = 0.09664 - map@0.75 = 0.00732
  > [00:56] Step 5001 (epoch 18): loss 1 = 0.71616, loss 2 = 0.39896
  > [00:59] Step 5251 (epoch 19): loss 1 = 0.68894, loss 2 = 0.38704
evaluated 635 val images at step 5500: map@0.50 = 0.11871 - map@0.75 = 0.00747
  > [01:02] Step 5501 (epoch 20): loss 1 = 0.60592, loss 2 = 0.39129
  > [01:04] Step 5751 (epoch 21): loss 1 = 0.62833, loss 2 = 0.37191
evaluated 635 val images at step 6000: map@0.50 = 0.12275 - map@0.75 = 0.00884
  > [01:07] Step 6001 (epoch 21): loss 1 = 0.70403, loss 2 = 0.38796
  > [01:10] Step 6251 (epoch 22): loss 1 = 0.65835, loss 2 = 0.40874
evaluated 635 val images at step 6500: map@0.50 = 0.13858 - map@0.75 = 0.01104
  > [01:13] Step 6501 (epoch 23): loss 1 = 0.60845, loss 2 = 0.39804
  > [01:15] Step 6751 (epoch 24): loss 1 = 0.65587, loss 2 = 0.38671
evaluated 635 val images at step 7000: map@0.50 = 0.15026 - map@0.75 = 0.01415
  > [01:18] Step 7001 (epoch 25): loss 1 = 0.68555, loss 2 = 0.37968
  > [01:21] Step 7251 (epoch 26): loss 1 = 0.67409, loss 2 = 0.36732
evaluated 635 val images at step 7500: map@0.50 = 0.16403 - map@0.75 = 0.01226
  > [01:23] Step 7501 (epoch 27): loss 1 = 0.63334, loss 2 = 0.37317
  > [01:26] Step 7751 (epoch 28): loss 1 = 0.64921, loss 2 = 0.38955
evaluated 635 val images at step 8000: map@0.50 = 0.16537 - map@0.75 = 0.01417
  > [01:29] Step 8001 (epoch 28): loss 1 = 0.61626, loss 2 = 0.37831
  > [01:31] Step 8251 (epoch 29): loss 1 = 0.56851, loss 2 = 0.35319
evaluated 635 val images at step 8500: map@0.50 = 0.17715 - map@0.75 = 0.01464
  > [01:34] Step 8501 (epoch 30): loss 1 = 0.63338, loss 2 = 0.40760
  > [01:37] Step 8751 (epoch 31): loss 1 = 0.58489, loss 2 = 0.33903
evaluated 635 val images at step 9000: map@0.50 = 0.18811 - map@0.75 = 0.01316
  > [01:40] Step 9001 (epoch 32): loss 1 = 0.59622, loss 2 = 0.33220
  > [01:42] Step 9251 (epoch 33): loss 1 = 0.63364, loss 2 = 0.39948
evaluated 635 val images at step 9500: map@0.50 = 0.20229 - map@0.75 = 0.01238
  > [01:45] Step 9501 (epoch 34): loss 1 = 0.60129, loss 2 = 0.37142
  > [01:48] Step 9751 (epoch 35): loss 1 = 0.62793, loss 2 = 0.38128
evaluated 635 val images at step 10000: map@0.50 = 0.20182 - map@0.75 = 0.01718
  > [01:51] Step 10001 (epoch 35): loss 1 = 0.59206, loss 2 = 0.36517
  > [01:53] Step 10251 (epoch 36): loss 1 = 0.58802, loss 2 = 0.38501
evaluated 635 val images at step 10500: map@0.50 = 0.20064 - map@0.75 = 0.01889
  > [01:56] Step 10501 (epoch 37): loss 1 = 0.54378, loss 2 = 0.35733
  > [01:59] Step 10751 (epoch 38): loss 1 = 0.52267, loss 2 = 0.36506
evaluated 635 val images at step 11000: map@0.50 = 0.20814 - map@0.75 = 0.01847
  > [02:02] Step 11001 (epoch 39): loss 1 = 0.58731, loss 2 = 0.35898
  > [02:04] Step 11251 (epoch 40): loss 1 = 0.57783, loss 2 = 0.32652
evaluated 635 val images at step 11500: map@0.50 = 0.22007 - map@0.75 = 0.01902
  > [02:07] Step 11501 (epoch 41): loss 1 = 0.50831, loss 2 = 0.35075
  > [02:10] Step 11751 (epoch 42): loss 1 = 0.54377, loss 2 = 0.34516
evaluated 635 val images at step 12000: map@0.50 = 0.22149 - map@0.75 = 0.01656
  > [02:13] Step 12001 (epoch 42): loss 1 = 0.57994, loss 2 = 0.37304
  > [02:15] Step 12251 (epoch 43): loss 1 = 0.53508, loss 2 = 0.39020
evaluated 635 val images at step 12500: map@0.50 = 0.22342 - map@0.75 = 0.01908
  > [02:18] Step 12501 (epoch 44): loss 1 = 0.62385, loss 2 = 0.35795
  > [02:21] Step 12751 (epoch 45): loss 1 = 0.57279, loss 2 = 0.39283
evaluated 635 val images at step 13000: map@0.50 = 0.22925 - map@0.75 = 0.01660
  > [02:24] Step 13001 (epoch 46): loss 1 = 0.53103, loss 2 = 0.36445
  > [02:26] Step 13251 (epoch 47): loss 1 = 0.58371, loss 2 = 0.33832
evaluated 635 val images at step 13500: map@0.50 = 0.23997 - map@0.75 = 0.01864
  > [02:29] Step 13501 (epoch 48): loss 1 = 0.52076, loss 2 = 0.31178
  > [02:32] Step 13751 (epoch 49): loss 1 = 0.44730, loss 2 = 0.33059
evaluated 635 val images at step 14000: map@0.50 = 0.23847 - map@0.75 = 0.01970
  > [02:34] Step 14001 (epoch 49): loss 1 = 0.58262, loss 2 = 0.34423
  > [02:37] Step 14251 (epoch 50): loss 1 = 0.50308, loss 2 = 0.31055
evaluated 635 val images at step 14500: map@0.50 = 0.23317 - map@0.75 = 0.02274
  > [02:40] Step 14501 (epoch 51): loss 1 = 0.59033, loss 2 = 0.34965
  > [02:42] Step 14751 (epoch 52): loss 1 = 0.54631, loss 2 = 0.32729
evaluated 635 val images at step 15000: map@0.50 = 0.24707 - map@0.75 = 0.02249
  > [02:45] Step 15001 (epoch 53): loss 1 = 0.46375, loss 2 = 0.32219
  > [02:48] Step 15251 (epoch 54): loss 1 = 0.51576, loss 2 = 0.36488
evaluated 635 val images at step 15500: map@0.50 = 0.23804 - map@0.75 = 0.01897
  > [02:51] Step 15501 (epoch 55): loss 1 = 0.55265, loss 2 = 0.32361
  > [02:53] Step 15751 (epoch 56): loss 1 = 0.49045, loss 2 = 0.36541
evaluated 635 val images at step 16000: map@0.50 = 0.24602 - map@0.75 = 0.02197
  > [02:56] Step 16001 (epoch 56): loss 1 = 0.51427, loss 2 = 0.33488
  > [02:59] Step 16251 (epoch 57): loss 1 = 0.48267, loss 2 = 0.32688
evaluated 635 val images at step 16500: map@0.50 = 0.24255 - map@0.75 = 0.02206
  > [03:02] Step 16501 (epoch 58): loss 1 = 0.57155, loss 2 = 0.34686
  > [03:04] Step 16751 (epoch 59): loss 1 = 0.51442, loss 2 = 0.32465
evaluated 635 val images at step 17000: map@0.50 = 0.24117 - map@0.75 = 0.02595
  > [03:07] Step 17001 (epoch 60): loss 1 = 0.48289, loss 2 = 0.33805
  > [03:09] Step 17251 (epoch 61): loss 1 = 0.52541, loss 2 = 0.34642
evaluated 635 val images at step 17500: map@0.50 = 0.24627 - map@0.75 = 0.02872
  > [03:12] Step 17501 (epoch 62): loss 1 = 0.55318, loss 2 = 0.33087
  > [03:15] Step 17751 (epoch 62): loss 1 = 0.53048, loss 2 = 0.31859
evaluated 635 val images at step 18000: map@0.50 = 0.24089 - map@0.75 = 0.02337
  > [03:18] Step 18001 (epoch 63): loss 1 = 0.45640, loss 2 = 0.28910
  > [03:20] Step 18251 (epoch 64): loss 1 = 0.52654, loss 2 = 0.34563
evaluated 635 val images at step 18500: map@0.50 = 0.25411 - map@0.75 = 0.02738
  > [03:23] Step 18501 (epoch 65): loss 1 = 0.49994, loss 2 = 0.36673
  > [03:26] Step 18751 (epoch 66): loss 1 = 0.46207, loss 2 = 0.34497
evaluated 635 val images at step 19000: map@0.50 = 0.21578 - map@0.75 = 0.01531
  > [03:29] Step 19001 (epoch 67): loss 1 = 0.43422, loss 2 = 0.31092
  > [03:31] Step 19251 (epoch 68): loss 1 = 0.45233, loss 2 = 0.28579
evaluated 635 val images at step 19500: map@0.50 = 0.21759 - map@0.75 = 0.01512
  > [03:34] Step 19501 (epoch 69): loss 1 = 0.46129, loss 2 = 0.29970
  > [03:37] Step 19751 (epoch 69): loss 1 = 0.52277, loss 2 = 0.31408
evaluated 635 val images at step 20000: map@0.50 = 0.25397 - map@0.75 = 0.02406
  > [03:40] Step 20001 (epoch 70): loss 1 = 0.52724, loss 2 = 0.30787
  > [03:42] Step 20251 (epoch 71): loss 1 = 0.49519, loss 2 = 0.30404
evaluated 635 val images at step 20500: map@0.50 = 0.24019 - map@0.75 = 0.02333
  > [03:45] Step 20501 (epoch 72): loss 1 = 0.46330, loss 2 = 0.30007
  > [03:48] Step 20751 (epoch 73): loss 1 = 0.41666, loss 2 = 0.32810
evaluated 635 val images at step 21000: map@0.50 = 0.25472 - map@0.75 = 0.02227
  > [03:51] Step 21001 (epoch 74): loss 1 = 0.39250, loss 2 = 0.30667
  > [03:53] Step 21251 (epoch 75): loss 1 = 0.47488, loss 2 = 0.33168
evaluated 635 val images at step 21500: map@0.50 = 0.23827 - map@0.75 = 0.02583
  > [03:56] Step 21501 (epoch 76): loss 1 = 0.48028, loss 2 = 0.31189
  > [03:59] Step 21751 (epoch 76): loss 1 = 0.44412, loss 2 = 0.31358
evaluated 635 val images at step 22000: map@0.50 = 0.25740 - map@0.75 = 0.02815
  > [04:02] Step 22001 (epoch 77): loss 1 = 0.42036, loss 2 = 0.30610
  > [04:04] Step 22251 (epoch 78): loss 1 = 0.48871, loss 2 = 0.29217
evaluated 635 val images at step 22500: map@0.50 = 0.26169 - map@0.75 = 0.02852
  > [04:07] Step 22501 (epoch 79): loss 1 = 0.46502, loss 2 = 0.31394
  > [04:10] Step 22751 (epoch 80): loss 1 = 0.49176, loss 2 = 0.29741
evaluated 635 val images at step 23000: map@0.50 = 0.25508 - map@0.75 = 0.02622
  > [04:13] Step 23001 (epoch 81): loss 1 = 0.42840, loss 2 = 0.30014
  > [04:15] Step 23251 (epoch 82): loss 1 = 0.40830, loss 2 = 0.29736
evaluated 635 val images at step 23500: map@0.50 = 0.25999 - map@0.75 = 0.02728
  > [04:18] Step 23501 (epoch 83): loss 1 = 0.39436, loss 2 = 0.32221
  > [04:21] Step 23751 (epoch 83): loss 1 = 0.39834, loss 2 = 0.33455
evaluated 635 val images at step 24000: map@0.50 = 0.26050 - map@0.75 = 0.03106
  > [04:24] Step 24001 (epoch 84): loss 1 = 0.43196, loss 2 = 0.33704
  > [04:26] Step 24251 (epoch 85): loss 1 = 0.40226, loss 2 = 0.32949
evaluated 635 val images at step 24500: map@0.50 = 0.26320 - map@0.75 = 0.02813
  > [04:29] Step 24501 (epoch 86): loss 1 = 0.46676, loss 2 = 0.31871
  > [04:32] Step 24751 (epoch 87): loss 1 = 0.43838, loss 2 = 0.35506
evaluated 635 val images at step 25000: map@0.50 = 0.26903 - map@0.75 = 0.02752
  > [04:34] Step 25001 (epoch 88): loss 1 = 0.39336, loss 2 = 0.34103
  > [04:37] Step 25251 (epoch 89): loss 1 = 0.41359, loss 2 = 0.33184
evaluated 635 val images at step 25500: map@0.50 = 0.24983 - map@0.75 = 0.02532
  > [04:40] Step 25501 (epoch 90): loss 1 = 0.42741, loss 2 = 0.30742
  > [04:42] Step 25751 (epoch 90): loss 1 = 0.41514, loss 2 = 0.30198
evaluated 635 val images at step 26000: map@0.50 = 0.26671 - map@0.75 = 0.02787
  > [04:45] Step 26001 (epoch 91): loss 1 = 0.41719, loss 2 = 0.28950
  > [04:48] Step 26251 (epoch 92): loss 1 = 0.38098, loss 2 = 0.28095
evaluated 635 val images at step 26500: map@0.50 = 0.24669 - map@0.75 = 0.02209
  > [04:51] Step 26501 (epoch 93): loss 1 = 0.39756, loss 2 = 0.28654
  > [04:53] Step 26751 (epoch 94): loss 1 = 0.44369, loss 2 = 0.30912
evaluated 635 val images at step 27000: map@0.50 = 0.26146 - map@0.75 = 0.02871
  > [04:56] Step 27001 (epoch 95): loss 1 = 0.42198, loss 2 = 0.31833
  > [04:59] Step 27251 (epoch 96): loss 1 = 0.39405, loss 2 = 0.30279
evaluated 635 val images at step 27500: map@0.50 = 0.27140 - map@0.75 = 0.02582
  > [05:01] Step 27501 (epoch 97): loss 1 = 0.43930, loss 2 = 0.29795
  > [05:04] Step 27751 (epoch 97): loss 1 = 0.44531, loss 2 = 0.31274
evaluated 635 val images at step 28000: map@0.50 = 0.25851 - map@0.75 = 0.03082
  > [05:07] Step 28001 (epoch 98): loss 1 = 0.40826, loss 2 = 0.33738
  > [05:10] Step 28251 (epoch 99): loss 1 = 0.45544, loss 2 = 0.30212
evaluated 635 val images at step 28500: map@0.50 = 0.26711 - map@0.75 = 0.02775
  > [05:12] Step 28501 (epoch 100): loss 1 = 0.44020, loss 2 = 0.32861
evaluated 635 val images at step 28634: map@0.50 = 0.26078 - map@0.75 = 0.03312
evaluated 3199 test images at step 28634: map@0.50 = 0.26297 - map@0.75 = 0.03063
