Tensorflow version 1.12.0
Standard detection - sdd, Input size 1024

9163 train samples (287 iters per epoch)
651 val samples (21 iters per epoch)
3281 test samples (103 iters per epoch)

Config:
   [96mbatch_size:[0m 8
   [96mdata_classes:[0m ['Biker', 'Bus', 'Car', 'Cart', 'Pedestrian', 'Skater']
   [96mexp_name:[0m sdd
   [96mfeature_keys:[0m ['im_id', 'num_boxes', 'bounding_boxes', 'classes']
   [96mgpu_mem_frac:[0m 1.0
   [96mimage_folder:[0m /nfs/scistore12/chlgrp/aroyer/Datasets/sdd_images/
   [96mimage_format:[0m sdd
   [96mlearning_rate:[0m 0.0002
   [96mnetwork:[0m mobilenet_35
   [96mnum_classes:[0m 6
   [96mnum_epochs:[0m 100
   [96mnum_gpus:[0m 4
   [96msave_evaluation_steps:[0m 500
   [96msave_summaries_steps:[0m None
   [96msetting:[0m sdd
   [96mtest_max_num_bbs:[0m 100
   [96mtest_num_crops:[0m 6
   [96mtest_num_iters_per_epoch:[0m 103
   [96mtest_num_samples:[0m 3281
   [96mtest_num_samples_per_iter:[0m 32
   [96mtest_patch_confidence_threshold:[0m 0.1
   [96mtest_patch_nms_threshold:[0m 0.25
   [96mtest_patch_strong_confidence_threshold:[0m 0.6
   [96mtest_tfrecords:[0m Data/sdd_test
   [96mtrain_max_num_bbs:[0m 100
   [96mtrain_num_crops:[0m 10
   [96mtrain_num_iters_per_epoch:[0m 287
   [96mtrain_num_samples:[0m 9163
   [96mtrain_num_samples_per_iter:[0m 32
   [96mtrain_tfrecords:[0m Data/sdd_train
   [96mval_max_num_bbs:[0m 100
   [96mval_num_iters_per_epoch:[0m 21
   [96mval_num_samples:[0m 651
   [96mval_num_samples_per_iter:[0m 32
   [96mval_tfrecords:[0m Data/sdd_val
   using grid size [32 32]
    with default `base_log_dir` = ./run_logs
    Log directory /nfs/scistore12/chlgrp/aroyer/Jupyter/ODGI/run_logs/sdd/mobilenet_35_standard_1024/02-20_16-54

Train Graph:
    with default `num_threads` = 4
    with default `prefetch_capacity` = 1
    with default `with_groups` = False
    with default `with_classification` = False
    with default `shuffle_buffer` = 10000
    with default `data_augmentation_threshold` = 0.5
 [31m> load_inputs[0m
    [32mbounding_boxes[0m: shape=[8, 100, 4], dtype=<dtype: 'float32'>
    [32mobj_i_mask_bbs[0m: shape=[8, 32, 32, 1, 100], dtype=<dtype: 'float32'>
    [32mimage[0m: shape=[8, 1024, 1024, 3], dtype=<dtype: 'float32'>
    [32mnum_boxes[0m: shape=[8], dtype=<dtype: 'int32'>
    [32mis_flipped[0m: shape=[8], dtype=<dtype: 'float32'>
    [32mim_id[0m: shape=[8], dtype=<dtype: 'int32'>
 [31m> mobilenet_35[0m
    with default `num_boxes` = 1
    with default `with_classification` = False
    Output layer shape *(8, 32, 32, 1, 5)*
    [32mbounding_boxes[0m: shape=[8, 32, 32, 1, 4], dtype=<dtype: 'float32'>
    [32mshifted_centers[0m: shape=[8, 32, 32, 1, 2], dtype=<dtype: 'float32'>
    [32mdetection_scores[0m: shape=[8, 32, 32, 1, 1], dtype=<dtype: 'float32'>
    [32mconfidence_scores[0m: shape=[8, 32, 32, 1, 1], dtype=<dtype: 'float32'>
    [32mlog_scales[0m: shape=[8, 32, 32, 1, 2], dtype=<dtype: 'float32'>
 [31m> Collecting losses[0m
    with default `centers_localization_loss_weight` = 1.0
    with default `scales_localization_loss_weight` = 1.0
    with default `confidence_loss_weight` = 5.0
    with default `noobj_confidence_loss_weight` = 1.0
 > [33min global scope:[0m
     35 regularization losses found
     *net_centers_localization_loss*: 4 tensors
     *net_confidence_obj_loss*: 4 tensors
     *net_scales_localization_loss*: 4 tensors
     *net_confidence_noobj_loss*: 4 tensors
     *net_classification_loss*: 4 tensors
     Trainable variables: [mobilenet_35/MobilenetV2/Conv/weights:0, mobilenet_35/MobilenetV2/Conv/BatchNorm/gamma:0, mobilenet_35/MobilenetV2/Conv/BatchNorm/beta:0, mobilenet_35/MobilenetV2/expanded_conv/depthwise/depthwise_weights:0, mobilenet_35/MobilenetV2/expanded_conv/depthwise/BatchNorm/gamma:0, mobilenet_35/MobilenetV2/expanded_conv/depthwise/BatchNorm/beta:0, mobilenet_35/MobilenetV2/expanded_conv/project/weights:0, mobilenet_35/MobilenetV2/expanded_conv/project/BatchNorm/gamma:0, mobilenet_35/MobilenetV2/expanded_conv/project/BatchNorm/beta:0, mobilenet_35/MobilenetV2/expanded_conv_1/expand/weights:0, mobilenet_35/MobilenetV2/expanded_conv_1/expand/BatchNorm/gamma:0, mobilenet_35/MobilenetV2/expanded_conv_1/expand/BatchNorm/beta:0, mobilenet_35/MobilenetV2/expanded_conv_1/depthwise/depthwise_weights:0, mobilenet_35/MobilenetV2/expanded_conv_1/depthwise/BatchNorm/gamma:0, mobilenet_35/MobilenetV2/expanded_conv_1/depthwise/BatchNorm/beta:0, mobilenet_35/MobilenetV2/expanded_conv_1/project/weights:0, mobilenet_35/MobilenetV2/expanded_conv_1/project/BatchNorm/gamma:0, mobilenet_35/MobilenetV2/expanded_conv_1/project/BatchNorm/beta:0, mobilenet_35/MobilenetV2/expanded_conv_2/expand/weights:0, mobilenet_35/MobilenetV2/expanded_conv_2/expand/BatchNorm/gamma:0, mobilenet_35/MobilenetV2/expanded_conv_2/expand/BatchNorm/beta:0, mobilenet_35/MobilenetV2/expanded_conv_2/depthwise/depthwise_weights:0, mobilenet_35/MobilenetV2/expanded_conv_2/depthwise/BatchNorm/gamma:0, mobilenet_35/MobilenetV2/expanded_conv_2/depthwise/BatchNorm/beta:0, mobilenet_35/MobilenetV2/expanded_conv_2/project/weights:0, mobilenet_35/MobilenetV2/expanded_conv_2/project/BatchNorm/gamma:0, mobilenet_35/MobilenetV2/expanded_conv_2/project/BatchNorm/beta:0, mobilenet_35/MobilenetV2/expanded_conv_3/expand/weights:0, mobilenet_35/MobilenetV2/expanded_conv_3/expand/BatchNorm/gamma:0, mobilenet_35/MobilenetV2/expanded_conv_3/expand/BatchNorm/beta:0, mobilenet_35/MobilenetV2/expanded_conv_3/depthwise/depthwise_weights:0, mobilenet_35/MobilenetV2/expanded_conv_3/depthwise/BatchNorm/gamma:0, mobilenet_35/MobilenetV2/expanded_conv_3/depthwise/BatchNorm/beta:0, mobilenet_35/MobilenetV2/expanded_conv_3/project/weights:0, mobilenet_35/MobilenetV2/expanded_conv_3/project/BatchNorm/gamma:0, mobilenet_35/MobilenetV2/expanded_conv_3/project/BatchNorm/beta:0, mobilenet_35/MobilenetV2/expanded_conv_4/expand/weights:0, mobilenet_35/MobilenetV2/expanded_conv_4/expand/BatchNorm/gamma:0, mobilenet_35/MobilenetV2/expanded_conv_4/expand/BatchNorm/beta:0, mobilenet_35/MobilenetV2/expanded_conv_4/depthwise/depthwise_weights:0, mobilenet_35/MobilenetV2/expanded_conv_4/depthwise/BatchNorm/gamma:0, mobilenet_35/MobilenetV2/expanded_conv_4/depthwise/BatchNorm/beta:0, mobilenet_35/MobilenetV2/expanded_conv_4/project/weights:0, mobilenet_35/MobilenetV2/expanded_conv_4/project/BatchNorm/gamma:0, mobilenet_35/MobilenetV2/expanded_conv_4/project/BatchNorm/beta:0, mobilenet_35/MobilenetV2/expanded_conv_5/expand/weights:0, mobilenet_35/MobilenetV2/expanded_conv_5/expand/BatchNorm/gamma:0, mobilenet_35/MobilenetV2/expanded_conv_5/expand/BatchNorm/beta:0, mobilenet_35/MobilenetV2/expanded_conv_5/depthwise/depthwise_weights:0, mobilenet_35/MobilenetV2/expanded_conv_5/depthwise/BatchNorm/gamma:0, mobilenet_35/MobilenetV2/expanded_conv_5/depthwise/BatchNorm/beta:0, mobilenet_35/MobilenetV2/expanded_conv_5/project/weights:0, mobilenet_35/MobilenetV2/expanded_conv_5/project/BatchNorm/gamma:0, mobilenet_35/MobilenetV2/expanded_conv_5/project/BatchNorm/beta:0, mobilenet_35/MobilenetV2/expanded_conv_6/expand/weights:0, mobilenet_35/MobilenetV2/expanded_conv_6/expand/BatchNorm/gamma:0, mobilenet_35/MobilenetV2/expanded_conv_6/expand/BatchNorm/beta:0, mobilenet_35/MobilenetV2/expanded_conv_6/depthwise/depthwise_weights:0, mobilenet_35/MobilenetV2/expanded_conv_6/depthwise/BatchNorm/gamma:0, mobilenet_35/MobilenetV2/expanded_conv_6/depthwise/BatchNorm/beta:0, mobilenet_35/MobilenetV2/expanded_conv_6/project/weights:0, mobilenet_35/MobilenetV2/expanded_conv_6/project/BatchNorm/gamma:0, mobilenet_35/MobilenetV2/expanded_conv_6/project/BatchNorm/beta:0, mobilenet_35/MobilenetV2/expanded_conv_7/expand/weights:0, mobilenet_35/MobilenetV2/expanded_conv_7/expand/BatchNorm/gamma:0, mobilenet_35/MobilenetV2/expanded_conv_7/expand/BatchNorm/beta:0, mobilenet_35/MobilenetV2/expanded_conv_7/depthwise/depthwise_weights:0, mobilenet_35/MobilenetV2/expanded_conv_7/depthwise/BatchNorm/gamma:0, mobilenet_35/MobilenetV2/expanded_conv_7/depthwise/BatchNorm/beta:0, mobilenet_35/MobilenetV2/expanded_conv_7/project/weights:0, mobilenet_35/MobilenetV2/expanded_conv_7/project/BatchNorm/gamma:0, mobilenet_35/MobilenetV2/expanded_conv_7/project/BatchNorm/beta:0, mobilenet_35/MobilenetV2/expanded_conv_8/expand/weights:0, mobilenet_35/MobilenetV2/expanded_conv_8/expand/BatchNorm/gamma:0, mobilenet_35/MobilenetV2/expanded_conv_8/expand/BatchNorm/beta:0, mobilenet_35/MobilenetV2/expanded_conv_8/depthwise/depthwise_weights:0, mobilenet_35/MobilenetV2/expanded_conv_8/depthwise/BatchNorm/gamma:0, mobilenet_35/MobilenetV2/expanded_conv_8/depthwise/BatchNorm/beta:0, mobilenet_35/MobilenetV2/expanded_conv_8/project/weights:0, mobilenet_35/MobilenetV2/expanded_conv_8/project/BatchNorm/gamma:0, mobilenet_35/MobilenetV2/expanded_conv_8/project/BatchNorm/beta:0, mobilenet_35/MobilenetV2/expanded_conv_9/expand/weights:0, mobilenet_35/MobilenetV2/expanded_conv_9/expand/BatchNorm/gamma:0, mobilenet_35/MobilenetV2/expanded_conv_9/expand/BatchNorm/beta:0, mobilenet_35/MobilenetV2/expanded_conv_9/depthwise/depthwise_weights:0, mobilenet_35/MobilenetV2/expanded_conv_9/depthwise/BatchNorm/gamma:0, mobilenet_35/MobilenetV2/expanded_conv_9/depthwise/BatchNorm/beta:0, mobilenet_35/MobilenetV2/expanded_conv_9/project/weights:0, mobilenet_35/MobilenetV2/expanded_conv_9/project/BatchNorm/gamma:0, mobilenet_35/MobilenetV2/expanded_conv_9/project/BatchNorm/beta:0, mobilenet_35/MobilenetV2/expanded_conv_10/expand/weights:0, mobilenet_35/MobilenetV2/expanded_conv_10/expand/BatchNorm/gamma:0, mobilenet_35/MobilenetV2/expanded_conv_10/expand/BatchNorm/beta:0, mobilenet_35/MobilenetV2/expanded_conv_10/depthwise/depthwise_weights:0, mobilenet_35/MobilenetV2/expanded_conv_10/depthwise/BatchNorm/gamma:0, mobilenet_35/MobilenetV2/expanded_conv_10/depthwise/BatchNorm/beta:0, mobilenet_35/MobilenetV2/expanded_conv_10/project/weights:0, mobilenet_35/MobilenetV2/expanded_conv_10/project/BatchNorm/gamma:0, mobilenet_35/MobilenetV2/expanded_conv_10/project/BatchNorm/beta:0, mobilenet_35/MobilenetV2/expanded_conv_11/expand/weights:0, mobilenet_35/MobilenetV2/expanded_conv_11/expand/BatchNorm/gamma:0, mobilenet_35/MobilenetV2/expanded_conv_11/expand/BatchNorm/beta:0, mobilenet_35/MobilenetV2/expanded_conv_11/depthwise/depthwise_weights:0, mobilenet_35/MobilenetV2/expanded_conv_11/depthwise/BatchNorm/gamma:0, mobilenet_35/MobilenetV2/expanded_conv_11/depthwise/BatchNorm/beta:0, mobilenet_35/MobilenetV2/expanded_conv_11/project/weights:0, mobilenet_35/MobilenetV2/expanded_conv_11/project/BatchNorm/gamma:0, mobilenet_35/MobilenetV2/expanded_conv_11/project/BatchNorm/beta:0, mobilenet_35/MobilenetV2/expanded_conv_12/expand/weights:0, mobilenet_35/MobilenetV2/expanded_conv_12/expand/BatchNorm/gamma:0, mobilenet_35/MobilenetV2/expanded_conv_12/expand/BatchNorm/beta:0, mobilenet_35/MobilenetV2/expanded_conv_12/depthwise/depthwise_weights:0, mobilenet_35/MobilenetV2/expanded_conv_12/depthwise/BatchNorm/gamma:0, mobilenet_35/MobilenetV2/expanded_conv_12/depthwise/BatchNorm/beta:0, mobilenet_35/MobilenetV2/expanded_conv_12/project/weights:0, mobilenet_35/MobilenetV2/expanded_conv_12/project/BatchNorm/gamma:0, mobilenet_35/MobilenetV2/expanded_conv_12/project/BatchNorm/beta:0, mobilenet_35/MobilenetV2/expanded_conv_13/expand/weights:0, mobilenet_35/MobilenetV2/expanded_conv_13/expand/BatchNorm/gamma:0, mobilenet_35/MobilenetV2/expanded_conv_13/expand/BatchNorm/beta:0, mobilenet_35/MobilenetV2/expanded_conv_13/depthwise/depthwise_weights:0, mobilenet_35/MobilenetV2/expanded_conv_13/depthwise/BatchNorm/gamma:0, mobilenet_35/MobilenetV2/expanded_conv_13/depthwise/BatchNorm/beta:0, mobilenet_35/MobilenetV2/expanded_conv_13/project/weights:0, mobilenet_35/MobilenetV2/expanded_conv_13/project/BatchNorm/gamma:0, mobilenet_35/MobilenetV2/expanded_conv_13/project/BatchNorm/beta:0, mobilenet_35/MobilenetV2/expanded_conv_14/expand/weights:0, mobilenet_35/MobilenetV2/expanded_conv_14/expand/BatchNorm/gamma:0, mobilenet_35/MobilenetV2/expanded_conv_14/expand/BatchNorm/beta:0, mobilenet_35/MobilenetV2/expanded_conv_14/depthwise/depthwise_weights:0, mobilenet_35/MobilenetV2/expanded_conv_14/depthwise/BatchNorm/gamma:0, mobilenet_35/MobilenetV2/expanded_conv_14/depthwise/BatchNorm/beta:0, mobilenet_35/MobilenetV2/expanded_conv_14/project/weights:0, mobilenet_35/MobilenetV2/expanded_conv_14/project/BatchNorm/gamma:0, mobilenet_35/MobilenetV2/expanded_conv_14/project/BatchNorm/beta:0, mobilenet_35/MobilenetV2/expanded_conv_15/expand/weights:0, mobilenet_35/MobilenetV2/expanded_conv_15/expand/BatchNorm/gamma:0, mobilenet_35/MobilenetV2/expanded_conv_15/expand/BatchNorm/beta:0, mobilenet_35/MobilenetV2/expanded_conv_15/depthwise/depthwise_weights:0, mobilenet_35/MobilenetV2/expanded_conv_15/depthwise/BatchNorm/gamma:0, mobilenet_35/MobilenetV2/expanded_conv_15/depthwise/BatchNorm/beta:0, mobilenet_35/MobilenetV2/expanded_conv_15/project/weights:0, mobilenet_35/MobilenetV2/expanded_conv_15/project/BatchNorm/gamma:0, mobilenet_35/MobilenetV2/expanded_conv_15/project/BatchNorm/beta:0, mobilenet_35/MobilenetV2/expanded_conv_16/expand/weights:0, mobilenet_35/MobilenetV2/expanded_conv_16/expand/BatchNorm/gamma:0, mobilenet_35/MobilenetV2/expanded_conv_16/expand/BatchNorm/beta:0, mobilenet_35/MobilenetV2/expanded_conv_16/depthwise/depthwise_weights:0, mobilenet_35/MobilenetV2/expanded_conv_16/depthwise/BatchNorm/gamma:0, mobilenet_35/MobilenetV2/expanded_conv_16/depthwise/BatchNorm/beta:0, mobilenet_35/MobilenetV2/expanded_conv_16/project/weights:0, mobilenet_35/MobilenetV2/expanded_conv_16/project/BatchNorm/gamma:0, mobilenet_35/MobilenetV2/expanded_conv_16/project/BatchNorm/beta:0, mobilenet_35/MobilenetV2/Conv_1/weights:0, mobilenet_35/MobilenetV2/Conv_1/BatchNorm/gamma:0, mobilenet_35/MobilenetV2/Conv_1/BatchNorm/beta:0, decode/fc_out/kernel:0, decode/fc_out/bias:0]

Train op:
 [33m> Build train operation[0m
    with default `optimizer` = ADAM
    Using optimizer ADAM with learning rate 2.00e-04
    with default `beta1` = 0.9
    416 update operations found in global scope

total graph size: 9.24 MB
    with default `max_to_keep` = 1
    with default `save_checkpoint_steps` = 2000
    [31mWarning:[0m No summaries found in collection "outputs"
    [31mWarning:[0m No summaries found in collection "config"
    saving checkpoint in [36m./run_logs/sdd/mobilenet_35_standard_1024/02-20_16-54[0m

Start training:
  > [00:00] Step 1 (epoch 1): loss = 24.20005
  > [00:07] Step 251 (epoch 1): loss = 0.86163
evaluated 635 val images at step 500: map@0.50 = 0.00795 - map@0.75 = 0.00021
  > [00:16] Step 501 (epoch 2): loss = 0.63946
  > [00:23] Step 751 (epoch 3): loss = 0.60689
evaluated 635 val images at step 1000: map@0.50 = 0.03769 - map@0.75 = 0.00172
  > [00:31] Step 1001 (epoch 4): loss = 0.55697
  > [00:38] Step 1251 (epoch 5): loss = 0.99401
evaluated 635 val images at step 1500: map@0.50 = 0.07556 - map@0.75 = 0.00454
  > [00:47] Step 1501 (epoch 6): loss = 0.45992
  > [00:54] Step 1751 (epoch 7): loss = 0.64015
evaluated 635 val images at step 2000: map@0.50 = 0.11134 - map@0.75 = 0.00646
  > [01:02] Step 2001 (epoch 7): loss = 0.51890
  > [01:09] Step 2251 (epoch 8): loss = 0.46354
evaluated 635 val images at step 2500: map@0.50 = 0.13824 - map@0.75 = 0.00893
  > [01:18] Step 2501 (epoch 9): loss = 0.46561
  > [01:25] Step 2751 (epoch 10): loss = 0.45827
evaluated 635 val images at step 3000: map@0.50 = 0.15916 - map@0.75 = 0.01242
  > [01:33] Step 3001 (epoch 11): loss = 0.42849
  > [01:40] Step 3251 (epoch 12): loss = 0.42171
evaluated 635 val images at step 3500: map@0.50 = 0.18319 - map@0.75 = 0.01457
  > [01:49] Step 3501 (epoch 13): loss = 0.42872
  > [01:55] Step 3751 (epoch 14): loss = 0.42049
evaluated 635 val images at step 4000: map@0.50 = 0.21957 - map@0.75 = 0.01707
  > [02:04] Step 4001 (epoch 14): loss = 0.46356
  > [02:11] Step 4251 (epoch 15): loss = 0.46075
evaluated 635 val images at step 4500: map@0.50 = 0.23925 - map@0.75 = 0.02202
  > [02:20] Step 4501 (epoch 16): loss = 0.44894
  > [02:27] Step 4751 (epoch 17): loss = 0.39200
evaluated 635 val images at step 5000: map@0.50 = 0.27004 - map@0.75 = 0.02388
  > [02:35] Step 5001 (epoch 18): loss = 0.40794
  > [02:42] Step 5251 (epoch 19): loss = 0.44715
evaluated 635 val images at step 5500: map@0.50 = 0.26748 - map@0.75 = 0.02512
  > [02:50] Step 5501 (epoch 20): loss = 0.44617
  > [02:57] Step 5751 (epoch 21): loss = 0.40253
evaluated 635 val images at step 6000: map@0.50 = 0.30732 - map@0.75 = 0.03006
  > [03:06] Step 6001 (epoch 21): loss = 0.43462
  > [03:13] Step 6251 (epoch 22): loss = 0.42616
evaluated 635 val images at step 6500: map@0.50 = 0.29752 - map@0.75 = 0.03107
  > [03:21] Step 6501 (epoch 23): loss = 0.40365
  > [03:28] Step 6751 (epoch 24): loss = 0.45561
evaluated 635 val images at step 7000: map@0.50 = 0.28018 - map@0.75 = 0.02520
  > [03:37] Step 7001 (epoch 25): loss = 0.38282
  > [03:44] Step 7251 (epoch 26): loss = 0.39751
evaluated 635 val images at step 7500: map@0.50 = 0.34869 - map@0.75 = 0.03696
  > [03:52] Step 7501 (epoch 27): loss = 0.36145
  > [03:59] Step 7751 (epoch 28): loss = 0.34963
evaluated 635 val images at step 8000: map@0.50 = 0.32560 - map@0.75 = 0.03828
  > [04:08] Step 8001 (epoch 28): loss = 0.34867
  > [04:14] Step 8251 (epoch 29): loss = 0.33369
evaluated 635 val images at step 8500: map@0.50 = 0.31263 - map@0.75 = 0.03253
  > [04:23] Step 8501 (epoch 30): loss = 0.35675
  > [04:30] Step 8751 (epoch 31): loss = 0.40806
evaluated 635 val images at step 9000: map@0.50 = 0.34859 - map@0.75 = 0.03818
  > [04:38] Step 9001 (epoch 32): loss = 0.36623
  > [04:45] Step 9251 (epoch 33): loss = 0.36061
evaluated 635 val images at step 9500: map@0.50 = 0.32950 - map@0.75 = 0.03762
  > [04:54] Step 9501 (epoch 34): loss = 0.36197
  > [05:00] Step 9751 (epoch 35): loss = 0.32992
evaluated 635 val images at step 10000: map@0.50 = 0.36637 - map@0.75 = 0.04250
  > [05:09] Step 10001 (epoch 35): loss = 0.37909
  > [05:16] Step 10251 (epoch 36): loss = 0.34050
evaluated 635 val images at step 10500: map@0.50 = 0.36562 - map@0.75 = 0.04611
  > [05:24] Step 10501 (epoch 37): loss = 0.34229
  > [05:31] Step 10751 (epoch 38): loss = 0.37042
evaluated 635 val images at step 11000: map@0.50 = 0.35298 - map@0.75 = 0.04475
  > [05:40] Step 11001 (epoch 39): loss = 0.37030
  > [05:47] Step 11251 (epoch 40): loss = 0.34078
evaluated 635 val images at step 11500: map@0.50 = 0.37431 - map@0.75 = 0.04667
  > [05:55] Step 11501 (epoch 41): loss = 0.39326
  > [06:02] Step 11751 (epoch 42): loss = 0.34552
evaluated 635 val images at step 12000: map@0.50 = 0.38428 - map@0.75 = 0.04725
  > [06:11] Step 12001 (epoch 42): loss = 0.34651
  > [06:18] Step 12251 (epoch 43): loss = 0.34306
evaluated 635 val images at step 12500: map@0.50 = 0.37580 - map@0.75 = 0.04414
  > [06:26] Step 12501 (epoch 44): loss = 0.34733
  > [06:33] Step 12751 (epoch 45): loss = 0.32865
evaluated 635 val images at step 13000: map@0.50 = 0.39261 - map@0.75 = 0.04663
  > [06:42] Step 13001 (epoch 46): loss = 0.33472
  > [06:49] Step 13251 (epoch 47): loss = 0.32347
evaluated 635 val images at step 13500: map@0.50 = 0.38929 - map@0.75 = 0.04408
  > [06:57] Step 13501 (epoch 48): loss = 0.31661
  > [07:04] Step 13751 (epoch 49): loss = 0.30559
evaluated 635 val images at step 14000: map@0.50 = 0.36056 - map@0.75 = 0.03909
  > [07:12] Step 14001 (epoch 49): loss = 0.35052
  > [07:19] Step 14251 (epoch 50): loss = 0.32424
evaluated 635 val images at step 14500: map@0.50 = 0.37824 - map@0.75 = 0.04775
  > [07:28] Step 14501 (epoch 51): loss = 0.35417
  > [07:35] Step 14751 (epoch 52): loss = 0.32054
evaluated 635 val images at step 15000: map@0.50 = 0.38073 - map@0.75 = 0.05090
  > [07:43] Step 15001 (epoch 53): loss = 0.35511
  > [07:50] Step 15251 (epoch 54): loss = 0.34276
evaluated 635 val images at step 15500: map@0.50 = 0.38971 - map@0.75 = 0.05324
  > [07:59] Step 15501 (epoch 55): loss = 0.32317
  > [08:06] Step 15751 (epoch 56): loss = 0.33416
evaluated 635 val images at step 16000: map@0.50 = 0.38132 - map@0.75 = 0.04148
  > [08:14] Step 16001 (epoch 56): loss = 0.32744
  > [08:21] Step 16251 (epoch 57): loss = 0.34624
evaluated 635 val images at step 16500: map@0.50 = 0.36983 - map@0.75 = 0.04964
  > [08:30] Step 16501 (epoch 58): loss = 0.32810
  > [08:37] Step 16751 (epoch 59): loss = 0.29748
evaluated 635 val images at step 17000: map@0.50 = 0.39101 - map@0.75 = 0.04868
  > [08:45] Step 17001 (epoch 60): loss = 0.35048
  > [08:52] Step 17251 (epoch 61): loss = 0.31784
evaluated 635 val images at step 17500: map@0.50 = 0.39628 - map@0.75 = 0.05650
  > [09:01] Step 17501 (epoch 62): loss = 0.32398
  > [09:08] Step 17751 (epoch 62): loss = 0.29540
evaluated 635 val images at step 18000: map@0.50 = 0.37806 - map@0.75 = 0.05340
  > [09:16] Step 18001 (epoch 63): loss = 0.32052
  > [09:23] Step 18251 (epoch 64): loss = 0.34638
evaluated 635 val images at step 18500: map@0.50 = 0.37325 - map@0.75 = 0.04948
  > [09:32] Step 18501 (epoch 65): loss = 0.32643
  > [09:39] Step 18751 (epoch 66): loss = 0.32816
evaluated 635 val images at step 19000: map@0.50 = 0.38998 - map@0.75 = 0.04642
  > [09:47] Step 19001 (epoch 67): loss = 0.32531
  > [09:54] Step 19251 (epoch 68): loss = 0.33745
evaluated 635 val images at step 19500: map@0.50 = 0.40582 - map@0.75 = 0.05394
  > [10:03] Step 19501 (epoch 69): loss = 0.32837
  > [10:09] Step 19751 (epoch 69): loss = 0.28121
evaluated 635 val images at step 20000: map@0.50 = 0.38834 - map@0.75 = 0.05545
  > [10:18] Step 20001 (epoch 70): loss = 0.31745
  > [10:25] Step 20251 (epoch 71): loss = 0.31700
evaluated 635 val images at step 20500: map@0.50 = 0.39791 - map@0.75 = 0.05513
  > [10:33] Step 20501 (epoch 72): loss = 0.31537
  > [10:40] Step 20751 (epoch 73): loss = 0.29427
evaluated 635 val images at step 21000: map@0.50 = 0.41105 - map@0.75 = 0.05086
  > [10:49] Step 21001 (epoch 74): loss = 0.31337
  > [10:55] Step 21251 (epoch 75): loss = 0.28340
evaluated 635 val images at step 21500: map@0.50 = 0.39613 - map@0.75 = 0.05227
  > [11:04] Step 21501 (epoch 76): loss = 0.35218
  > [11:10] Step 21751 (epoch 76): loss = 0.31515
evaluated 635 val images at step 22000: map@0.50 = 0.39931 - map@0.75 = 0.05328
  > [11:19] Step 22001 (epoch 77): loss = 0.31718
  > [11:25] Step 22251 (epoch 78): loss = 0.35817
evaluated 635 val images at step 22500: map@0.50 = 0.39348 - map@0.75 = 0.04856
  > [11:34] Step 22501 (epoch 79): loss = 0.33056
  > [11:40] Step 22751 (epoch 80): loss = 0.27113
evaluated 635 val images at step 23000: map@0.50 = 0.40120 - map@0.75 = 0.05453
  > [11:49] Step 23001 (epoch 81): loss = 0.32641
  > [11:55] Step 23251 (epoch 82): loss = 0.28194
evaluated 635 val images at step 23500: map@0.50 = 0.38973 - map@0.75 = 0.05106
  > [12:04] Step 23501 (epoch 83): loss = 0.28528
  > [12:10] Step 23751 (epoch 83): loss = 0.31198
evaluated 635 val images at step 24000: map@0.50 = 0.40767 - map@0.75 = 0.05560
  > [12:19] Step 24001 (epoch 84): loss = 0.28862
  > [12:25] Step 24251 (epoch 85): loss = 0.28016
evaluated 635 val images at step 24500: map@0.50 = 0.40582 - map@0.75 = 0.05393
  > [12:34] Step 24501 (epoch 86): loss = 0.31253
  > [12:40] Step 24751 (epoch 87): loss = 0.33300
evaluated 635 val images at step 25000: map@0.50 = 0.38746 - map@0.75 = 0.05404
  > [12:49] Step 25001 (epoch 88): loss = 0.29383
  > [12:55] Step 25251 (epoch 89): loss = 0.39692
evaluated 635 val images at step 25500: map@0.50 = 0.40778 - map@0.75 = 0.05887
  > [13:04] Step 25501 (epoch 90): loss = 0.31594
  > [13:10] Step 25751 (epoch 90): loss = 0.33859
evaluated 635 val images at step 26000: map@0.50 = 0.41045 - map@0.75 = 0.05933
  > [13:19] Step 26001 (epoch 91): loss = 0.31209
  > [13:25] Step 26251 (epoch 92): loss = 0.31414
evaluated 635 val images at step 26500: map@0.50 = 0.40305 - map@0.75 = 0.05735
  > [13:34] Step 26501 (epoch 93): loss = 0.29985
  > [13:40] Step 26751 (epoch 94): loss = 0.39765
evaluated 635 val images at step 27000: map@0.50 = 0.40335 - map@0.75 = 0.05841
  > [13:49] Step 27001 (epoch 95): loss = 0.47474
  > [13:55] Step 27251 (epoch 96): loss = 0.28874
evaluated 635 val images at step 27500: map@0.50 = 0.40213 - map@0.75 = 0.05411
  > [14:04] Step 27501 (epoch 97): loss = 0.29921
  > [14:10] Step 27751 (epoch 97): loss = 0.30133
evaluated 635 val images at step 28000: map@0.50 = 0.39773 - map@0.75 = 0.05979
  > [14:19] Step 28001 (epoch 98): loss = 0.28062
  > [14:25] Step 28251 (epoch 99): loss = 0.31936
evaluated 635 val images at step 28500: map@0.50 = 0.40420 - map@0.75 = 0.05863
  > [14:33] Step 28501 (epoch 100): loss = 0.31372
evaluated 635 val images at step 28634: map@0.50 = 0.39886 - map@0.75 = 0.05281
evaluated 3199 test images at step 28634: map@0.50 = 0.41062 - map@0.75 = 0.05365
