Tensorflow version 1.10.1
ODGI - sdd, Input size 512

9163 train samples (382 iters)
3281 test samples (274 iters)

Config:
   [96mbatch_size:[0m 12
   [96mdata_classes:[0m ['Biker', 'Bus', 'Car', 'Cart', 'Pedestrian', 'Skater']
   [96mexp_name:[0m sdd
   [96mfeature_keys:[0m ['im_id', 'num_boxes', 'bounding_boxes', 'classes']
   [96mgpu_mem_frac:[0m 1.0
   [96mimage_folder:[0m /nfs/scistore12/chlgrp/aroyer/Datasets/sdd_images/
   [96mimage_format:[0m sdd
   [96mlearning_rate:[0m 0.001
   [96mnetwork:[0m tiny-yolov2
   [96mnum_classes:[0m 6
   [96mnum_epochs:[0m 100
   [96mnum_gpus:[0m 2
   [96msave_evaluation_steps:[0m 500
   [96msave_summaries_steps:[0m None
   [96msetting:[0m sdd
   [96mtest_max_num_bbs:[0m 100
   [96mtest_num_iters_per_epoch:[0m 274
   [96mtest_num_samples:[0m 3281
   [96mtest_num_samples_per_iter:[0m 12
   [96mtest_tfrecords:[0m Data/sdd_test
   [96mtrain_max_num_bbs:[0m 100
   [96mtrain_num_iters_per_epoch:[0m 382
   [96mtrain_num_samples:[0m 9163
   [96mtrain_num_samples_per_iter:[0m 24
   [96mtrain_tfrecords:[0m Data/sdd_train
   [96mval_max_num_bbs:[0m 100
   [96mval_num_samples:[0m 651
   [96mval_tfrecords:[0m Data/sdd_val
   using grid size [16 16]
   using grid size [8 8]

Graph:
    with default `num_threads` = 8
    with default `prefetch_capacity` = 1
    with default `with_classification` = False
    with default `shuffle_buffer` = 2000
    with default `data_augmentation_threshold` = 0.5
 [31m> load_inputs[0m
    [32mim_id[0m: shape=[None], dtype=<dtype: 'int32'>
    [32mimage[0m: shape=[None, 512, 512, 3], dtype=<dtype: 'float32'>
    [32mnum_boxes[0m: shape=[None], dtype=<dtype: 'int32'>
    [32mbounding_boxes[0m: shape=[None, 100, 4], dtype=<dtype: 'float32'>
    [32mobj_i_mask_bbs[0m: shape=[None, 16, 16, 1, 100], dtype=<dtype: 'float32'>
    [32mis_flipped[0m: shape=[None], dtype=<dtype: 'float32'>
 [31m> stage1[0m
    with default `weight_decay` = 0.0
    with default `normalizer_decay` = 0.9
    with default `with_classification` = False
    Output layer shape *(?, 16, 16, 1, 7)*
    with default `train_patch_confidence_threshold` = 0.0
    with default `train_patch_nms_threshold` = 1.0
    with default `train_num_crops` = 10
  > extracting 10 crops
    with default `target_conf_fn` = iou
    with default `assignment_reward_fn` = iou
    with default `centers_localization_loss_weight` = 1.0
    with default `scales_localization_loss_weight` = 1.0
    with default `confidence_loss_weight` = 5.0
    with default `noobj_confidence_loss_weight` = 1.0
    with default `offsets_loss_weight` = 1.0
    with default `offsets_margin` = 0.025
    [32m*shifted_centers*[0m: shape=[None, 16, 16, 1, 2], dtype=<dtype: 'float32'>
    [32m*log_scales*[0m: shape=[None, 16, 16, 1, 2], dtype=<dtype: 'float32'>
    [32m*confidence_scores*[0m: shape=[None, 16, 16, 1, 1], dtype=<dtype: 'float32'>
    [32m*offsets*[0m: shape=[None, 16, 16, 1, 2], dtype=<dtype: 'float32'>
    [32m*bounding_boxes*[0m: shape=[None, 16, 16, 1, 4], dtype=<dtype: 'float32'>
    [32m*detection_scores*[0m: shape=[None, 16, 16, 1, 1], dtype=<dtype: 'float32'>
    [32m*crop_boxes*[0m: shape=[None, 10, 4], dtype=<dtype: 'float32'>
    [32m*target_bounding_boxes*[0m: shape=[None, 16, 16, 1, 4], dtype=<dtype: 'float32'>
 > create stage 2 inputs:
    with default `patch_intersection_ratio_threshold` = 0.33
    with default `shuffle_buffer` = 2000
    with default `num_threads` = 8
    *im_id*: shape=[None], dtype=<dtype: 'int32'>
    *image*: shape=[None, 256, 256, 3], dtype=<dtype: 'float32'>
    *bounding_boxes*: shape=[None, 100, 4], dtype=<dtype: 'float32'>
    *num_boxes*: shape=[None], dtype=<dtype: 'int32'>
    *obj_i_mask_bbs*: shape=[None, 8, 8, 1, 100], dtype=<dtype: 'float32'>
 [31m> stage2[0m
    with default `weight_decay` = 0.0
    with default `normalizer_decay` = 0.9
    with default `with_classification` = False
    with default `with_group_flags` = False
    with default `with_offsets` = False
    Output layer shape *(?, 8, 8, 1, 5)*
    with default `target_conf_fn` = iou
    with default `assignment_reward_fn` = iou
    with default `centers_localization_loss_weight` = 1.0
    with default `scales_localization_loss_weight` = 1.0
    with default `confidence_loss_weight` = 5.0
    with default `noobj_confidence_loss_weight` = 1.0
    [32m*shifted_centers*[0m: shape=[None, 8, 8, 1, 2], dtype=<dtype: 'float32'>
    [32m*log_scales*[0m: shape=[None, 8, 8, 1, 2], dtype=<dtype: 'float32'>
    [32m*confidence_scores*[0m: shape=[None, 8, 8, 1, 1], dtype=<dtype: 'float32'>
    [32m*bounding_boxes*[0m: shape=[None, 8, 8, 1, 4], dtype=<dtype: 'float32'>
    [32m*detection_scores*[0m: shape=[None, 8, 8, 1, 1], dtype=<dtype: 'float32'>
    [32m*target_bounding_boxes*[0m: shape=[None, 8, 8, 1, 4], dtype=<dtype: 'float32'>

Losses:
 [31m> Collecting losses[0m (scopes: stage1, stage2)

    Scope stage1
        *stage1_centers_localization_loss*: 2 tensors
        *stage1_scales_localization_loss*: 2 tensors
        *stage1_confidence_obj_loss*: 2 tensors
        *stage1_confidence_noobj_loss*: 2 tensors
        *stage1_classification_loss*: 2 tensors
        *stage1_offsets_loss*: 2 tensors
        *stage2_centers_localization_loss*: 2 tensors
        *stage2_scales_localization_loss*: 2 tensors
        *stage2_confidence_obj_loss*: 2 tensors
        *stage2_confidence_noobj_loss*: 2 tensors
        *stage2_classification_loss*: 2 tensors
        *stage2_offsets_loss*: 2 tensors
        stage1/tinyyolov2_net/conv1/weights:0, stage1/tinyyolov2_net/conv1/BatchNorm/beta:0, stage1/tinyyolov2_net/conv2/weights:0, stage1/tinyyolov2_net/conv2/BatchNorm/beta:0, stage1/tinyyolov2_net/conv3/weights:0, stage1/tinyyolov2_net/conv3/BatchNorm/beta:0, stage1/tinyyolov2_net/conv4/weights:0, stage1/tinyyolov2_net/conv4/BatchNorm/beta:0, stage1/tinyyolov2_net/conv5/weights:0, stage1/tinyyolov2_net/conv5/BatchNorm/beta:0, stage1/tinyyolov2_net/conv6/weights:0, stage1/tinyyolov2_net/conv6/BatchNorm/beta:0, stage1/tinyyolov2_net/conv7/weights:0, stage1/tinyyolov2_net/conv7/BatchNorm/beta:0, stage1/tinyyolov2_net/conv_out_2/weights:0, stage1/tinyyolov2_net/conv_out_2/BatchNorm/beta:0, stage1/yolov2_odgi_out/out_conv/kernel:0, stage1/yolov2_odgi_out/out_conv/bias:0

    Scope stage2
        *stage1_centers_localization_loss*: 2 tensors
        *stage1_scales_localization_loss*: 2 tensors
        *stage1_confidence_obj_loss*: 2 tensors
        *stage1_confidence_noobj_loss*: 2 tensors
        *stage1_classification_loss*: 2 tensors
        *stage1_offsets_loss*: 2 tensors
        *stage2_centers_localization_loss*: 2 tensors
        *stage2_scales_localization_loss*: 2 tensors
        *stage2_confidence_obj_loss*: 2 tensors
        *stage2_confidence_noobj_loss*: 2 tensors
        *stage2_classification_loss*: 2 tensors
        *stage2_offsets_loss*: 2 tensors
        stage2/tinyyolov2_net/conv1/weights:0, stage2/tinyyolov2_net/conv1/BatchNorm/beta:0, stage2/tinyyolov2_net/conv2/weights:0, stage2/tinyyolov2_net/conv2/BatchNorm/beta:0, stage2/tinyyolov2_net/conv3/weights:0, stage2/tinyyolov2_net/conv3/BatchNorm/beta:0, stage2/tinyyolov2_net/conv4/weights:0, stage2/tinyyolov2_net/conv4/BatchNorm/beta:0, stage2/tinyyolov2_net/conv5/weights:0, stage2/tinyyolov2_net/conv5/BatchNorm/beta:0, stage2/tinyyolov2_net/conv6/weights:0, stage2/tinyyolov2_net/conv6/BatchNorm/beta:0, stage2/tinyyolov2_net/conv7/weights:0, stage2/tinyyolov2_net/conv7/BatchNorm/beta:0, stage2/tinyyolov2_net/conv_out_2/weights:0, stage2/tinyyolov2_net/conv_out_2/BatchNorm/beta:0, stage2/yolov2_odgi_out/out_conv/kernel:0, stage2/yolov2_odgi_out/out_conv/bias:0
 [31m> Build train operation[0m
    with default `optimizer` = ADAM
    Using optimizer ADAM with learning rate 1.00e-03
    with default `beta1` = 0.9
    64 update operations found

total graph size: 0.93 MB
    with default `base_log_dir` = ./log
    Log directory /nfs/scistore12/chlgrp/aroyer/Jupyter/ODGI/log/sdd/tiny-yolov2_odginogroups_512_256/10-10_13-21

Launch session:
    with default `max_to_keep` = 1
    with default `save_checkpoint_steps` = 2000
    [31mWarning:[0m No summaries found in collection "outputs"
    [31mWarning:[0m No summaries found in collection "config"
    saving checkpoint in [36m./log/sdd/tiny-yolov2_odginogroups_512_256/10-10_13-21[0m

Start training:
  > Step 1 (epoch 1): loss 1 = 3.15210, loss 2 = 4.74078
  > Step 251 (epoch 1): loss 1 = 0.40772, loss 2 = 7.24771
