============================================================== ODGI 512x256
   using grid size [16 16]
   using grid size [8 8]

total graph size: 0.02 MB
test_num_crops 1
Outputs Tensor("rescale_bounding_boxes/clip_by_value:0", shape=(1, 8, 8, 1, 4), dtype=float32, device=/device:CPU:0)
Tensor("net/stage2/yolov2_odgi_out/confidences_out:0", shape=(1, 8, 8, 1, 1), dtype=float32, device=/device:CPU:0)
Launch session from ./log/vedai_fold01/tiny-yolov2_odgi_512_256/09-28_17-50:

Evaluated 200 samples
Timings:
   Avg. Loading Time: 0.06681880950927735
   Avg. Feed forward: 0.8844138014316559
   Avg. time: 0.9512326109409333
   using grid size [16 16]
   using grid size [8 8]

total graph size: 0.02 MB
test_num_crops 2
Outputs Tensor("rescale_bounding_boxes/clip_by_value:0", shape=(1, 8, 8, 2, 4), dtype=float32, device=/device:CPU:0)
Tensor("net/stage2/yolov2_odgi_out/confidences_out:0", shape=(2, 8, 8, 1, 1), dtype=float32, device=/device:CPU:0)
Launch session from ./log/vedai_fold01/tiny-yolov2_odgi_512_256/09-28_17-50:

Evaluated 200 samples
Timings:
   Avg. Loading Time: 0.06863123536109925
   Avg. Feed forward: 1.0539018857479094
   Avg. time: 1.1225331211090086
   using grid size [16 16]
   using grid size [8 8]

total graph size: 0.02 MB
test_num_crops 3
Outputs Tensor("rescale_bounding_boxes/clip_by_value:0", shape=(1, 8, 8, 3, 4), dtype=float32, device=/device:CPU:0)
Tensor("net/stage2/yolov2_odgi_out/confidences_out:0", shape=(3, 8, 8, 1, 1), dtype=float32, device=/device:CPU:0)
Launch session from ./log/vedai_fold01/tiny-yolov2_odgi_512_256/09-28_17-50:

Evaluated 200 samples
Timings:
   Avg. Loading Time: 0.06600631117820739
   Avg. Feed forward: 1.2224394488334656
   Avg. time: 1.288445760011673
   using grid size [16 16]
   using grid size [8 8]

total graph size: 0.02 MB
test_num_crops 4
Outputs Tensor("rescale_bounding_boxes/clip_by_value:0", shape=(1, 8, 8, 4, 4), dtype=float32, device=/device:CPU:0)
Tensor("net/stage2/yolov2_odgi_out/confidences_out:0", shape=(4, 8, 8, 1, 1), dtype=float32, device=/device:CPU:0)
Launch session from ./log/vedai_fold01/tiny-yolov2_odgi_512_256/09-28_17-50:

Evaluated 200 samples
Timings:
   Avg. Loading Time: 0.07531092643737793
   Avg. Feed forward: 1.3942617797851562
   Avg. time: 1.469572706222534
   using grid size [16 16]
   using grid size [8 8]

total graph size: 0.02 MB
test_num_crops 5
Outputs Tensor("rescale_bounding_boxes/clip_by_value:0", shape=(1, 8, 8, 5, 4), dtype=float32, device=/device:CPU:0)
Tensor("net/stage2/yolov2_odgi_out/confidences_out:0", shape=(5, 8, 8, 1, 1), dtype=float32, device=/device:CPU:0)
Launch session from ./log/vedai_fold01/tiny-yolov2_odgi_512_256/09-28_17-50:

Evaluated 200 samples
Timings:
   Avg. Loading Time: 0.19241656184196473
   Avg. Feed forward: 1.526375298500061
   Avg. time: 1.7187918603420256
   using grid size [16 16]
   using grid size [8 8]

total graph size: 0.02 MB
test_num_crops 6
Outputs Tensor("rescale_bounding_boxes/clip_by_value:0", shape=(1, 8, 8, 6, 4), dtype=float32, device=/device:CPU:0)
Tensor("net/stage2/yolov2_odgi_out/confidences_out:0", shape=(6, 8, 8, 1, 1), dtype=float32, device=/device:CPU:0)
Launch session from ./log/vedai_fold01/tiny-yolov2_odgi_512_256/09-28_17-50:

Evaluated 200 samples
Timings:
   Avg. Loading Time: 0.09572164058685302
   Avg. Feed forward: 1.7474950182437896
   Avg. time: 1.8432166588306427
   using grid size [16 16]
   using grid size [8 8]

total graph size: 0.02 MB
test_num_crops 7
Outputs Tensor("rescale_bounding_boxes/clip_by_value:0", shape=(1, 8, 8, 7, 4), dtype=float32, device=/device:CPU:0)
Tensor("net/stage2/yolov2_odgi_out/confidences_out:0", shape=(7, 8, 8, 1, 1), dtype=float32, device=/device:CPU:0)
Launch session from ./log/vedai_fold01/tiny-yolov2_odgi_512_256/09-28_17-50:

Evaluated 200 samples
Timings:
   Avg. Loading Time: 0.06852329134941101
   Avg. Feed forward: 1.9422280418872833
   Avg. time: 2.010751333236694
   using grid size [16 16]
   using grid size [8 8]

total graph size: 0.02 MB
test_num_crops 8
Outputs Tensor("rescale_bounding_boxes/clip_by_value:0", shape=(1, 8, 8, 8, 4), dtype=float32, device=/device:CPU:0)
Tensor("net/stage2/yolov2_odgi_out/confidences_out:0", shape=(8, 8, 8, 1, 1), dtype=float32, device=/device:CPU:0)
Launch session from ./log/vedai_fold01/tiny-yolov2_odgi_512_256/09-28_17-50:

Evaluated 200 samples
Timings:
   Avg. Loading Time: 0.06789657115936279
   Avg. Feed forward: 2.0984375190734865
   Avg. time: 2.166334090232849
   using grid size [16 16]
   using grid size [8 8]

total graph size: 0.02 MB
test_num_crops 9
Outputs Tensor("rescale_bounding_boxes/clip_by_value:0", shape=(1, 8, 8, 9, 4), dtype=float32, device=/device:CPU:0)
Tensor("net/stage2/yolov2_odgi_out/confidences_out:0", shape=(9, 8, 8, 1, 1), dtype=float32, device=/device:CPU:0)
Launch session from ./log/vedai_fold01/tiny-yolov2_odgi_512_256/09-28_17-50:

Evaluated 200 samples
Timings:
   Avg. Loading Time: 0.06607731223106385
   Avg. Feed forward: 2.2424348068237303
   Avg. time: 2.3085121190547944
   using grid size [16 16]
   using grid size [8 8]

total graph size: 0.02 MB
test_num_crops 10
Outputs Tensor("rescale_bounding_boxes/clip_by_value:0", shape=(1, 8, 8, 10, 4), dtype=float32, device=/device:CPU:0)
Tensor("net/stage2/yolov2_odgi_out/confidences_out:0", shape=(10, 8, 8, 1, 1), dtype=float32, device=/device:CPU:0)
Launch session from ./log/vedai_fold01/tiny-yolov2_odgi_512_256/09-28_17-50:

Evaluated 200 samples
Timings:
   Avg. Loading Time: 0.066641685962677
   Avg. Feed forward: 2.403384112119675
   Avg. time: 2.470025798082352
============================================================== ODGI 512x64
   using grid size [16 16]
   using grid size [2 2]

total graph size: 0.02 MB
test_num_crops 1
Outputs Tensor("rescale_bounding_boxes/clip_by_value:0", shape=(1, 2, 2, 1, 4), dtype=float32, device=/device:CPU:0)
Tensor("net/stage2/yolov2_odgi_out/confidences_out:0", shape=(1, 2, 2, 1, 1), dtype=float32, device=/device:CPU:0)
Launch session from ./log/vedai_fold01/tiny-yolov2_odgi_512_64/09-27_16-00:

Evaluated 200 samples
Timings:
   Avg. Loading Time: 0.06703907132148743
   Avg. Feed forward: 0.7154302620887756
   Avg. time: 0.782469333410263
   using grid size [16 16]
   using grid size [2 2]

total graph size: 0.02 MB
test_num_crops 2
Outputs Tensor("rescale_bounding_boxes/clip_by_value:0", shape=(1, 2, 2, 2, 4), dtype=float32, device=/device:CPU:0)
Tensor("net/stage2/yolov2_odgi_out/confidences_out:0", shape=(2, 2, 2, 1, 1), dtype=float32, device=/device:CPU:0)
Launch session from ./log/vedai_fold01/tiny-yolov2_odgi_512_64/09-27_16-00:

Evaluated 200 samples
Timings:
   Avg. Loading Time: 0.06867300748825073
   Avg. Feed forward: 0.7334824740886688
   Avg. time: 0.8021554815769196
   using grid size [16 16]
   using grid size [2 2]

total graph size: 0.02 MB
test_num_crops 3
Outputs Tensor("rescale_bounding_boxes/clip_by_value:0", shape=(1, 2, 2, 3, 4), dtype=float32, device=/device:CPU:0)
Tensor("net/stage2/yolov2_odgi_out/confidences_out:0", shape=(3, 2, 2, 1, 1), dtype=float32, device=/device:CPU:0)
Launch session from ./log/vedai_fold01/tiny-yolov2_odgi_512_64/09-27_16-00:

Evaluated 200 samples
Timings:
   Avg. Loading Time: 0.06804751992225647
   Avg. Feed forward: 0.7455516612529755
   Avg. time: 0.8135991811752319
   using grid size [16 16]
   using grid size [2 2]

total graph size: 0.02 MB
test_num_crops 4
Outputs Tensor("rescale_bounding_boxes/clip_by_value:0", shape=(1, 2, 2, 4, 4), dtype=float32, device=/device:CPU:0)
Tensor("net/stage2/yolov2_odgi_out/confidences_out:0", shape=(4, 2, 2, 1, 1), dtype=float32, device=/device:CPU:0)
Launch session from ./log/vedai_fold01/tiny-yolov2_odgi_512_64/09-27_16-00:

Evaluated 200 samples
Timings:
   Avg. Loading Time: 0.06792316436767579
   Avg. Feed forward: 0.74698481798172
   Avg. time: 0.8149079823493958
   using grid size [16 16]
   using grid size [2 2]

total graph size: 0.02 MB
test_num_crops 5
Outputs Tensor("rescale_bounding_boxes/clip_by_value:0", shape=(1, 2, 2, 5, 4), dtype=float32, device=/device:CPU:0)
Tensor("net/stage2/yolov2_odgi_out/confidences_out:0", shape=(5, 2, 2, 1, 1), dtype=float32, device=/device:CPU:0)
Launch session from ./log/vedai_fold01/tiny-yolov2_odgi_512_64/09-27_16-00:

Evaluated 200 samples
Timings:
   Avg. Loading Time: 0.06634131789207459
   Avg. Feed forward: 0.7677852296829224
   Avg. time: 0.834126547574997
   using grid size [16 16]
   using grid size [2 2]

total graph size: 0.02 MB
test_num_crops 6
Outputs Tensor("rescale_bounding_boxes/clip_by_value:0", shape=(1, 2, 2, 6, 4), dtype=float32, device=/device:CPU:0)
Tensor("net/stage2/yolov2_odgi_out/confidences_out:0", shape=(6, 2, 2, 1, 1), dtype=float32, device=/device:CPU:0)
Launch session from ./log/vedai_fold01/tiny-yolov2_odgi_512_64/09-27_16-00:

Evaluated 200 samples
Timings:
   Avg. Loading Time: 0.06682040452957154
   Avg. Feed forward: 0.7788108551502227
   Avg. time: 0.8456312596797942
   using grid size [16 16]
   using grid size [2 2]

total graph size: 0.02 MB
test_num_crops 7
Outputs Tensor("rescale_bounding_boxes/clip_by_value:0", shape=(1, 2, 2, 7, 4), dtype=float32, device=/device:CPU:0)
Tensor("net/stage2/yolov2_odgi_out/confidences_out:0", shape=(7, 2, 2, 1, 1), dtype=float32, device=/device:CPU:0)
Launch session from ./log/vedai_fold01/tiny-yolov2_odgi_512_64/09-27_16-00:

Evaluated 200 samples
Timings:
   Avg. Loading Time: 0.06822451710700989
   Avg. Feed forward: 0.781177612543106
   Avg. time: 0.849402129650116
   using grid size [16 16]
   using grid size [2 2]

total graph size: 0.02 MB
test_num_crops 8
Outputs Tensor("rescale_bounding_boxes/clip_by_value:0", shape=(1, 2, 2, 8, 4), dtype=float32, device=/device:CPU:0)
Tensor("net/stage2/yolov2_odgi_out/confidences_out:0", shape=(8, 2, 2, 1, 1), dtype=float32, device=/device:CPU:0)
Launch session from ./log/vedai_fold01/tiny-yolov2_odgi_512_64/09-27_16-00:

Evaluated 200 samples
Timings:
   Avg. Loading Time: 0.06701494336128234
   Avg. Feed forward: 0.7861408400535583
   Avg. time: 0.8531557834148407
   using grid size [16 16]
   using grid size [2 2]

total graph size: 0.02 MB
test_num_crops 9
Outputs Tensor("rescale_bounding_boxes/clip_by_value:0", shape=(1, 2, 2, 9, 4), dtype=float32, device=/device:CPU:0)
Tensor("net/stage2/yolov2_odgi_out/confidences_out:0", shape=(9, 2, 2, 1, 1), dtype=float32, device=/device:CPU:0)
Launch session from ./log/vedai_fold01/tiny-yolov2_odgi_512_64/09-27_16-00:

Evaluated 200 samples
Timings:
   Avg. Loading Time: 0.06964504361152649
   Avg. Feed forward: 0.8071583437919617
   Avg. time: 0.8768033874034882
   using grid size [16 16]
   using grid size [2 2]

total graph size: 0.02 MB
test_num_crops 10
Outputs Tensor("rescale_bounding_boxes/clip_by_value:0", shape=(1, 2, 2, 10, 4), dtype=float32, device=/device:CPU:0)
Tensor("net/stage2/yolov2_odgi_out/confidences_out:0", shape=(10, 2, 2, 1, 1), dtype=float32, device=/device:CPU:0)
Launch session from ./log/vedai_fold01/tiny-yolov2_odgi_512_64/09-27_16-00:

Evaluated 200 samples
Timings:
   Avg. Loading Time: 0.068159658908844
   Avg. Feed forward: 0.821531913280487
   Avg. time: 0.889691572189331
============================================================== ODGI 256x128
   using grid size [8 8]
   using grid size [4 4]

total graph size: 0.02 MB
test_num_crops 1
Outputs Tensor("rescale_bounding_boxes/clip_by_value:0", shape=(1, 4, 4, 1, 4), dtype=float32, device=/device:CPU:0)
Tensor("net/stage2/yolov2_odgi_out/confidences_out:0", shape=(1, 4, 4, 1, 1), dtype=float32, device=/device:CPU:0)
Launch session from ./log/vedai_fold01/tiny-yolov2_odgi_256_128/09-28_16-43:

Evaluated 200 samples
Timings:
   Avg. Loading Time: 0.06469077706336974
   Avg. Feed forward: 0.23153594136238098
   Avg. time: 0.2962267184257507
   using grid size [8 8]
   using grid size [4 4]

total graph size: 0.02 MB
test_num_crops 2
Outputs Tensor("rescale_bounding_boxes/clip_by_value:0", shape=(1, 4, 4, 2, 4), dtype=float32, device=/device:CPU:0)
Tensor("net/stage2/yolov2_odgi_out/confidences_out:0", shape=(2, 4, 4, 1, 1), dtype=float32, device=/device:CPU:0)
Launch session from ./log/vedai_fold01/tiny-yolov2_odgi_256_128/09-28_16-43:

Evaluated 200 samples
Timings:
   Avg. Loading Time: 0.06388528227806091
   Avg. Feed forward: 0.2756026291847229
   Avg. time: 0.3394879114627838
   using grid size [8 8]
   using grid size [4 4]

total graph size: 0.02 MB
test_num_crops 3
Outputs Tensor("rescale_bounding_boxes/clip_by_value:0", shape=(1, 4, 4, 3, 4), dtype=float32, device=/device:CPU:0)
Tensor("net/stage2/yolov2_odgi_out/confidences_out:0", shape=(3, 4, 4, 1, 1), dtype=float32, device=/device:CPU:0)
Launch session from ./log/vedai_fold01/tiny-yolov2_odgi_256_128/09-28_16-43:

Evaluated 200 samples
Timings:
   Avg. Loading Time: 0.06369375586509704
   Avg. Feed forward: 0.31834899306297304
   Avg. time: 0.3820427489280701
   using grid size [8 8]
   using grid size [4 4]

total graph size: 0.02 MB
test_num_crops 4
Outputs Tensor("rescale_bounding_boxes/clip_by_value:0", shape=(1, 4, 4, 4, 4), dtype=float32, device=/device:CPU:0)
Tensor("net/stage2/yolov2_odgi_out/confidences_out:0", shape=(4, 4, 4, 1, 1), dtype=float32, device=/device:CPU:0)
Launch session from ./log/vedai_fold01/tiny-yolov2_odgi_256_128/09-28_16-43:

Evaluated 200 samples
Timings:
   Avg. Loading Time: 0.06377227902412415
   Avg. Feed forward: 0.3608731520175934
   Avg. time: 0.42464543104171754
   using grid size [8 8]
   using grid size [4 4]

total graph size: 0.02 MB
test_num_crops 5
Outputs Tensor("rescale_bounding_boxes/clip_by_value:0", shape=(1, 4, 4, 5, 4), dtype=float32, device=/device:CPU:0)
Tensor("net/stage2/yolov2_odgi_out/confidences_out:0", shape=(5, 4, 4, 1, 1), dtype=float32, device=/device:CPU:0)
Launch session from ./log/vedai_fold01/tiny-yolov2_odgi_256_128/09-28_16-43:

Evaluated 200 samples
Timings:
   Avg. Loading Time: 0.06258860588073731
   Avg. Feed forward: 0.40382183909416197
   Avg. time: 0.46641044497489925
   using grid size [8 8]
   using grid size [4 4]

total graph size: 0.02 MB
test_num_crops 6
Outputs Tensor("rescale_bounding_boxes/clip_by_value:0", shape=(1, 4, 4, 6, 4), dtype=float32, device=/device:CPU:0)
Tensor("net/stage2/yolov2_odgi_out/confidences_out:0", shape=(6, 4, 4, 1, 1), dtype=float32, device=/device:CPU:0)
Launch session from ./log/vedai_fold01/tiny-yolov2_odgi_256_128/09-28_16-43:

Evaluated 200 samples
Timings:
   Avg. Loading Time: 0.06271530389785766
   Avg. Feed forward: 0.4462906837463379
   Avg. time: 0.5090059876441956
   using grid size [8 8]
   using grid size [4 4]

total graph size: 0.02 MB
test_num_crops 7
Outputs Tensor("rescale_bounding_boxes/clip_by_value:0", shape=(1, 4, 4, 7, 4), dtype=float32, device=/device:CPU:0)
Tensor("net/stage2/yolov2_odgi_out/confidences_out:0", shape=(7, 4, 4, 1, 1), dtype=float32, device=/device:CPU:0)
Launch session from ./log/vedai_fold01/tiny-yolov2_odgi_256_128/09-28_16-43:

Evaluated 200 samples
Timings:
   Avg. Loading Time: 0.06292343258857727
   Avg. Feed forward: 0.48504701018333435
   Avg. time: 0.5479704427719116
   using grid size [8 8]
   using grid size [4 4]

total graph size: 0.02 MB
test_num_crops 8
Outputs Tensor("rescale_bounding_boxes/clip_by_value:0", shape=(1, 4, 4, 8, 4), dtype=float32, device=/device:CPU:0)
Tensor("net/stage2/yolov2_odgi_out/confidences_out:0", shape=(8, 4, 4, 1, 1), dtype=float32, device=/device:CPU:0)
Launch session from ./log/vedai_fold01/tiny-yolov2_odgi_256_128/09-28_16-43:

Evaluated 200 samples
Timings:
   Avg. Loading Time: 0.06237689256668091
   Avg. Feed forward: 0.5258461606502532
   Avg. time: 0.5882230532169341
   using grid size [8 8]
   using grid size [4 4]

total graph size: 0.02 MB
test_num_crops 9
Outputs Tensor("rescale_bounding_boxes/clip_by_value:0", shape=(1, 4, 4, 9, 4), dtype=float32, device=/device:CPU:0)
Tensor("net/stage2/yolov2_odgi_out/confidences_out:0", shape=(9, 4, 4, 1, 1), dtype=float32, device=/device:CPU:0)
Launch session from ./log/vedai_fold01/tiny-yolov2_odgi_256_128/09-28_16-43:

Evaluated 200 samples
Timings:
   Avg. Loading Time: 0.06735718369483948
   Avg. Feed forward: 0.5791045093536377
   Avg. time: 0.6464616930484771
   using grid size [8 8]
   using grid size [4 4]

total graph size: 0.02 MB
test_num_crops 10
Outputs Tensor("rescale_bounding_boxes/clip_by_value:0", shape=(1, 4, 4, 10, 4), dtype=float32, device=/device:CPU:0)
Tensor("net/stage2/yolov2_odgi_out/confidences_out:0", shape=(10, 4, 4, 1, 1), dtype=float32, device=/device:CPU:0)
Launch session from ./log/vedai_fold01/tiny-yolov2_odgi_256_128/09-28_16-43:

Evaluated 200 samples
Timings:
   Avg. Loading Time: 0.06685619831085204
   Avg. Feed forward: 0.6281766498088837
   Avg. time: 0.6950328481197356
============================================================== ODGI 256x64
   using grid size [8 8]
   using grid size [2 2]

total graph size: 0.02 MB
test_num_crops 1
Outputs Tensor("rescale_bounding_boxes/clip_by_value:0", shape=(1, 2, 2, 1, 4), dtype=float32, device=/device:CPU:0)
Tensor("net/stage2/yolov2_odgi_out/confidences_out:0", shape=(1, 2, 2, 1, 1), dtype=float32, device=/device:CPU:0)
Launch session from ./log/vedai_fold01/tiny-yolov2_odgi_256_64/10-05_14-32:

Evaluated 200 samples
Timings:
   Avg. Loading Time: 0.16661342978477478
   Avg. Feed forward: 0.21268565058708191
   Avg. time: 0.37929908037185667
   using grid size [8 8]
   using grid size [2 2]

total graph size: 0.02 MB
test_num_crops 2
Outputs Tensor("rescale_bounding_boxes/clip_by_value:0", shape=(1, 2, 2, 2, 4), dtype=float32, device=/device:CPU:0)
Tensor("net/stage2/yolov2_odgi_out/confidences_out:0", shape=(2, 2, 2, 1, 1), dtype=float32, device=/device:CPU:0)
Launch session from ./log/vedai_fold01/tiny-yolov2_odgi_256_64/10-05_14-32:

Evaluated 200 samples
Timings:
   Avg. Loading Time: 0.16393834829330445
   Avg. Feed forward: 0.22396012544631957
   Avg. time: 0.38789847373962405
   using grid size [8 8]
   using grid size [2 2]

total graph size: 0.02 MB
test_num_crops 3
Outputs Tensor("rescale_bounding_boxes/clip_by_value:0", shape=(1, 2, 2, 3, 4), dtype=float32, device=/device:CPU:0)
Tensor("net/stage2/yolov2_odgi_out/confidences_out:0", shape=(3, 2, 2, 1, 1), dtype=float32, device=/device:CPU:0)
Launch session from ./log/vedai_fold01/tiny-yolov2_odgi_256_64/10-05_14-32:

Evaluated 200 samples
Timings:
   Avg. Loading Time: 0.16195520401000976
   Avg. Feed forward: 0.23630149602890016
   Avg. time: 0.3982567000389099
   using grid size [8 8]
   using grid size [2 2]

total graph size: 0.02 MB
test_num_crops 4
Outputs Tensor("rescale_bounding_boxes/clip_by_value:0", shape=(1, 2, 2, 4, 4), dtype=float32, device=/device:CPU:0)
Tensor("net/stage2/yolov2_odgi_out/confidences_out:0", shape=(4, 2, 2, 1, 1), dtype=float32, device=/device:CPU:0)
Launch session from ./log/vedai_fold01/tiny-yolov2_odgi_256_64/10-05_14-32:

Evaluated 200 samples
Timings:
   Avg. Loading Time: 0.1533375608921051
   Avg. Feed forward: 0.23993232488632202
   Avg. time: 0.39326988577842714
   using grid size [8 8]
   using grid size [2 2]

total graph size: 0.02 MB
test_num_crops 5
Outputs Tensor("rescale_bounding_boxes/clip_by_value:0", shape=(1, 2, 2, 5, 4), dtype=float32, device=/device:CPU:0)
Tensor("net/stage2/yolov2_odgi_out/confidences_out:0", shape=(5, 2, 2, 1, 1), dtype=float32, device=/device:CPU:0)
Launch session from ./log/vedai_fold01/tiny-yolov2_odgi_256_64/10-05_14-32:

Evaluated 200 samples
Timings:
   Avg. Loading Time: 0.16207481741905214
   Avg. Feed forward: 0.2522756099700928
   Avg. time: 0.41435042738914496
   using grid size [8 8]
   using grid size [2 2]

total graph size: 0.02 MB
test_num_crops 6
Outputs Tensor("rescale_bounding_boxes/clip_by_value:0", shape=(1, 2, 2, 6, 4), dtype=float32, device=/device:CPU:0)
Tensor("net/stage2/yolov2_odgi_out/confidences_out:0", shape=(6, 2, 2, 1, 1), dtype=float32, device=/device:CPU:0)
Launch session from ./log/vedai_fold01/tiny-yolov2_odgi_256_64/10-05_14-32:

Evaluated 200 samples
Timings:
   Avg. Loading Time: 0.06464903354644776
   Avg. Feed forward: 0.2594960856437683
   Avg. time: 0.32414511919021605
   using grid size [8 8]
   using grid size [2 2]

total graph size: 0.02 MB
test_num_crops 7
Outputs Tensor("rescale_bounding_boxes/clip_by_value:0", shape=(1, 2, 2, 7, 4), dtype=float32, device=/device:CPU:0)
Tensor("net/stage2/yolov2_odgi_out/confidences_out:0", shape=(7, 2, 2, 1, 1), dtype=float32, device=/device:CPU:0)
Launch session from ./log/vedai_fold01/tiny-yolov2_odgi_256_64/10-05_14-32:

Evaluated 200 samples
Timings:
   Avg. Loading Time: 0.06381518363952637
   Avg. Feed forward: 0.2685124015808105
   Avg. time: 0.3323275852203369
   using grid size [8 8]
   using grid size [2 2]

total graph size: 0.02 MB
test_num_crops 8
Outputs Tensor("rescale_bounding_boxes/clip_by_value:0", shape=(1, 2, 2, 8, 4), dtype=float32, device=/device:CPU:0)
Tensor("net/stage2/yolov2_odgi_out/confidences_out:0", shape=(8, 2, 2, 1, 1), dtype=float32, device=/device:CPU:0)
Launch session from ./log/vedai_fold01/tiny-yolov2_odgi_256_64/10-05_14-32:

Evaluated 200 samples
Timings:
   Avg. Loading Time: 0.06332375764846802
   Avg. Feed forward: 0.2737864327430725
   Avg. time: 0.33711019039154055
   using grid size [8 8]
   using grid size [2 2]

total graph size: 0.02 MB
test_num_crops 9
Outputs Tensor("rescale_bounding_boxes/clip_by_value:0", shape=(1, 2, 2, 9, 4), dtype=float32, device=/device:CPU:0)
Tensor("net/stage2/yolov2_odgi_out/confidences_out:0", shape=(9, 2, 2, 1, 1), dtype=float32, device=/device:CPU:0)
Launch session from ./log/vedai_fold01/tiny-yolov2_odgi_256_64/10-05_14-32:

Evaluated 200 samples
Timings:
   Avg. Loading Time: 0.06634547233581543
   Avg. Feed forward: 0.2876786518096924
   Avg. time: 0.3540241241455078
   using grid size [8 8]
   using grid size [2 2]

total graph size: 0.02 MB
test_num_crops 10
Outputs Tensor("rescale_bounding_boxes/clip_by_value:0", shape=(1, 2, 2, 10, 4), dtype=float32, device=/device:CPU:0)
Tensor("net/stage2/yolov2_odgi_out/confidences_out:0", shape=(10, 2, 2, 1, 1), dtype=float32, device=/device:CPU:0)
Launch session from ./log/vedai_fold01/tiny-yolov2_odgi_256_64/10-05_14-32:

Evaluated 200 samples
Timings:
   Avg. Loading Time: 0.06469576716423035
   Avg. Feed forward: 0.3015683090686798
   Avg. time: 0.3662640762329102
============================================================== ODGI 128x64
   using grid size [4 4]
   using grid size [2 2]

total graph size: 0.02 MB
test_num_crops 1
Outputs Tensor("rescale_bounding_boxes/clip_by_value:0", shape=(1, 2, 2, 1, 4), dtype=float32, device=/device:CPU:0)
Tensor("net/stage2/yolov2_odgi_out/confidences_out:0", shape=(1, 2, 2, 1, 1), dtype=float32, device=/device:CPU:0)
Launch session from ./log/vedai_fold01/tiny-yolov2_odgi_128_64/09-27_10-44:

Evaluated 200 samples
Timings:
   Avg. Loading Time: 0.0681627321243286
   Avg. Feed forward: 0.07499932289123536
   Avg. time: 0.14316205501556395
   using grid size [4 4]
   using grid size [2 2]

total graph size: 0.02 MB
test_num_crops 2
Outputs Tensor("rescale_bounding_boxes/clip_by_value:0", shape=(1, 2, 2, 2, 4), dtype=float32, device=/device:CPU:0)
Tensor("net/stage2/yolov2_odgi_out/confidences_out:0", shape=(2, 2, 2, 1, 1), dtype=float32, device=/device:CPU:0)
Launch session from ./log/vedai_fold01/tiny-yolov2_odgi_128_64/09-27_10-44:

Evaluated 200 samples
Timings:
   Avg. Loading Time: 0.06539978265762329
   Avg. Feed forward: 0.08464260578155518
   Avg. time: 0.15004238843917847
   using grid size [4 4]
   using grid size [2 2]

total graph size: 0.02 MB
test_num_crops 3
Outputs Tensor("rescale_bounding_boxes/clip_by_value:0", shape=(1, 2, 2, 3, 4), dtype=float32, device=/device:CPU:0)
Tensor("net/stage2/yolov2_odgi_out/confidences_out:0", shape=(3, 2, 2, 1, 1), dtype=float32, device=/device:CPU:0)
Launch session from ./log/vedai_fold01/tiny-yolov2_odgi_128_64/09-27_10-44:

Evaluated 200 samples
Timings:
   Avg. Loading Time: 0.0655665397644043
   Avg. Feed forward: 0.0955731725692749
   Avg. time: 0.16113971233367919
   using grid size [4 4]
   using grid size [2 2]

total graph size: 0.02 MB
test_num_crops 4
Outputs Tensor("rescale_bounding_boxes/clip_by_value:0", shape=(1, 2, 2, 4, 4), dtype=float32, device=/device:CPU:0)
Tensor("net/stage2/yolov2_odgi_out/confidences_out:0", shape=(4, 2, 2, 1, 1), dtype=float32, device=/device:CPU:0)
Launch session from ./log/vedai_fold01/tiny-yolov2_odgi_128_64/09-27_10-44:

Evaluated 200 samples
Timings:
   Avg. Loading Time: 0.06538238763809204
   Avg. Feed forward: 0.10613900661468506
   Avg. time: 0.1715213942527771
   using grid size [4 4]
   using grid size [2 2]

total graph size: 0.02 MB
test_num_crops 5
Outputs Tensor("rescale_bounding_boxes/clip_by_value:0", shape=(1, 2, 2, 5, 4), dtype=float32, device=/device:CPU:0)
Tensor("net/stage2/yolov2_odgi_out/confidences_out:0", shape=(5, 2, 2, 1, 1), dtype=float32, device=/device:CPU:0)
Launch session from ./log/vedai_fold01/tiny-yolov2_odgi_128_64/09-27_10-44:

Evaluated 200 samples
Timings:
   Avg. Loading Time: 0.0657218039035797
   Avg. Feed forward: 0.11634131789207458
   Avg. time: 0.1820631217956543
   using grid size [4 4]
   using grid size [2 2]

total graph size: 0.02 MB
test_num_crops 6
Outputs Tensor("rescale_bounding_boxes/clip_by_value:0", shape=(1, 2, 2, 6, 4), dtype=float32, device=/device:CPU:0)
Tensor("net/stage2/yolov2_odgi_out/confidences_out:0", shape=(6, 2, 2, 1, 1), dtype=float32, device=/device:CPU:0)
Launch session from ./log/vedai_fold01/tiny-yolov2_odgi_128_64/09-27_10-44:

Evaluated 200 samples
Timings:
   Avg. Loading Time: 0.06541263699531555
   Avg. Feed forward: 0.1268587565422058
   Avg. time: 0.19227139353752135
   using grid size [4 4]
   using grid size [2 2]

total graph size: 0.02 MB
test_num_crops 7
Outputs Tensor("rescale_bounding_boxes/clip_by_value:0", shape=(1, 2, 2, 7, 4), dtype=float32, device=/device:CPU:0)
Tensor("net/stage2/yolov2_odgi_out/confidences_out:0", shape=(7, 2, 2, 1, 1), dtype=float32, device=/device:CPU:0)
Launch session from ./log/vedai_fold01/tiny-yolov2_odgi_128_64/09-27_10-44:

Evaluated 200 samples
Timings:
   Avg. Loading Time: 0.06533864974975585
   Avg. Feed forward: 0.1364423942565918
   Avg. time: 0.20178104400634767
   using grid size [4 4]
   using grid size [2 2]

total graph size: 0.02 MB
test_num_crops 8
Outputs Tensor("rescale_bounding_boxes/clip_by_value:0", shape=(1, 2, 2, 8, 4), dtype=float32, device=/device:CPU:0)
Tensor("net/stage2/yolov2_odgi_out/confidences_out:0", shape=(8, 2, 2, 1, 1), dtype=float32, device=/device:CPU:0)
Launch session from ./log/vedai_fold01/tiny-yolov2_odgi_128_64/09-27_10-44:

Evaluated 200 samples
Timings:
   Avg. Loading Time: 0.0670453119277954
   Avg. Feed forward: 0.14706108331680298
   Avg. time: 0.2141063952445984
   using grid size [4 4]
   using grid size [2 2]

total graph size: 0.02 MB
test_num_crops 9
Outputs Tensor("rescale_bounding_boxes/clip_by_value:0", shape=(1, 2, 2, 9, 4), dtype=float32, device=/device:CPU:0)
Tensor("net/stage2/yolov2_odgi_out/confidences_out:0", shape=(9, 2, 2, 1, 1), dtype=float32, device=/device:CPU:0)
Launch session from ./log/vedai_fold01/tiny-yolov2_odgi_128_64/09-27_10-44:

Evaluated 200 samples
Timings:
   Avg. Loading Time: 0.06363904356956482
   Avg. Feed forward: 0.15973779439926147
   Avg. time: 0.2233768379688263
   using grid size [4 4]
   using grid size [2 2]

total graph size: 0.02 MB
test_num_crops 10
Outputs Tensor("rescale_bounding_boxes/clip_by_value:0", shape=(1, 2, 2, 10, 4), dtype=float32, device=/device:CPU:0)
Tensor("net/stage2/yolov2_odgi_out/confidences_out:0", shape=(10, 2, 2, 1, 1), dtype=float32, device=/device:CPU:0)
Launch session from ./log/vedai_fold01/tiny-yolov2_odgi_128_64/09-27_10-44:

Evaluated 200 samples
Timings:
   Avg. Loading Time: 0.06462482571601867
   Avg. Feed forward: 0.1686242115497589
   Avg. time: 0.23324903726577756
============================================================== STANDARD 1024
   using grid size [32 32]

total graph size: 0.01 MB
test_num_crops 1
Outputs Tensor("tiny-yolov2/net/tiny-yolov2/yolov2_out/concat:0", shape=(1, 32, 32, 1, 4), dtype=float32, device=/device:CPU:0)
Tensor("tiny-yolov2/net/tiny-yolov2/yolov2_out/confidences_out:0", shape=(1, 32, 32, 1, 1), dtype=float32, device=/device:CPU:0)
Launch session from ./log/vedai_fold01/tiny-yolov2_standard_1024/09-25_13-58/:

Evaluated 200 samples
Timings:
   Avg. Loading Time: 0.06317859768867493
   Avg. Feed forward: 2.8004144275188447
   Avg. time: 2.8635930252075195
============================================================== STANDARD 512
   using grid size [16 16]

total graph size: 0.01 MB
test_num_crops 1
Outputs Tensor("tiny-yolov2/net/tiny-yolov2/yolov2_out/concat:0", shape=(1, 16, 16, 1, 4), dtype=float32, device=/device:CPU:0)
Tensor("tiny-yolov2/net/tiny-yolov2/yolov2_out/confidences_out:0", shape=(1, 16, 16, 1, 1), dtype=float32, device=/device:CPU:0)
Launch session from ./log/vedai_fold01/tiny-yolov2_standard_512/09-24_10-16/:

Evaluated 200 samples
Timings:
   Avg. Loading Time: 0.06349879860877991
   Avg. Feed forward: 0.7051721060276032
   Avg. time: 0.7686709046363831
============================================================== STANDARD 256
   using grid size [8 8]

total graph size: 0.01 MB
test_num_crops 1
Outputs Tensor("tiny-yolov2/net/tiny-yolov2/yolov2_out/concat:0", shape=(1, 8, 8, 1, 4), dtype=float32, device=/device:CPU:0)
Tensor("tiny-yolov2/net/tiny-yolov2/yolov2_out/confidences_out:0", shape=(1, 8, 8, 1, 1), dtype=float32, device=/device:CPU:0)
Launch session from ./log/vedai_fold01/tiny-yolov2_standard_256/09-26_12-46/:

Evaluated 200 samples
Timings:
   Avg. Loading Time: 0.07132862687110901
   Avg. Feed forward: 0.18484846234321595
   Avg. time: 0.25617708921432497
============================================================== STANDARD 128
   using grid size [4 4]

total graph size: 0.01 MB
test_num_crops 1
Outputs Tensor("tiny-yolov2/net/tiny-yolov2/yolov2_out/concat:0", shape=(1, 4, 4, 1, 4), dtype=float32, device=/device:CPU:0)
Tensor("tiny-yolov2/net/tiny-yolov2/yolov2_out/confidences_out:0", shape=(1, 4, 4, 1, 1), dtype=float32, device=/device:CPU:0)
Launch session from ./log/vedai_fold01/tiny-yolov2_standard_128/09-26_18-24/:

Evaluated 200 samples
Timings:
   Avg. Loading Time: 0.06565008282661439
   Avg. Feed forward: 0.052860676050186156
   Avg. time: 0.11851075887680054
